#
# There is insufficient memory for the Java Runtime Environment to continue.
# Native memory allocation (malloc) failed to allocate 2329296 bytes for Chunk::new
# Possible reasons:
#   The system is out of physical RAM or swap space
#   The process is running with CompressedOops enabled, and the Java Heap may be blocking the growth of the native heap
# Possible solutions:
#   Reduce memory load on the system
#   Increase physical memory or swap space
#   Check if swap backing store is full
#   Decrease Java heap size (-Xmx/-Xms)
#   Decrease number of Java threads
#   Decrease Java thread stack sizes (-Xss)
#   Set larger code cache with -XX:ReservedCodeCacheSize=
#   JVM is running with Unscaled Compressed Oops mode in which the Java heap is
#     placed in the first 4GB address space. The Java Heap base address is the
#     maximum limit for the native heap growth. Please use -XX:HeapBaseMinAddress
#     to set the Java Heap base and to place the Java Heap above 4GB virtual address.
# This output file may be truncated or incomplete.
#
#  Out of Memory Error (arena.cpp:189), pid=21204, tid=12204
#
# JRE version: OpenJDK Runtime Environment (17.0.7) (build 17.0.7+0-b2043.56-10550314)
# Java VM: OpenJDK 64-Bit Server VM (17.0.7+0-b2043.56-10550314, mixed mode, tiered, compressed oops, compressed class ptrs, g1 gc, windows-amd64)
# No core dump will be written. Minidumps are not enabled by default on client versions of Windows
#

---------------  S U M M A R Y ------------

Command Line: --add-opens=java.base/java.util=ALL-UNNAMED --add-opens=java.base/java.lang=ALL-UNNAMED --add-opens=java.base/java.lang.invoke=ALL-UNNAMED --add-opens=java.prefs/java.util.prefs=ALL-UNNAMED --add-opens=java.base/java.nio.charset=ALL-UNNAMED --add-opens=java.base/java.net=ALL-UNNAMED --add-opens=java.base/java.util.concurrent.atomic=ALL-UNNAMED -Xmx2048m -Dfile.encoding=UTF-8 -Duser.country=GB -Duser.language=en -Duser.variant -javaagent:C:\Users\ADMIN\.gradle\wrapper\dists\gradle-8.2-bin\bbg7u40eoinfdyxsxr3z4i7ta\gradle-8.2\lib\agents\gradle-instrumentation-agent-8.2.jar org.gradle.launcher.daemon.bootstrap.GradleDaemon 8.2

Host: AMD Ryzen 3 2200U with Radeon Vega Mobile Gfx  , 4 cores, 3G,  Windows 10 , 64 bit Build 19041 (10.0.19041.3636)
Time: Sun Apr  7 23:32:06 2024 GMT Summer Time elapsed time: 58.390159 seconds (0d 0h 0m 58s)

---------------  T H R E A D  ---------------

Current thread (0x000001ea9d4d5520):  JavaThread "C2 CompilerThread0" daemon [_thread_in_native, id=12204, stack(0x000000e9c0200000,0x000000e9c0300000)]


Current CompileTask:
C2:  58392 4479   !   4       java.lang.ClassLoader::loadClass (121 bytes)

Stack: [0x000000e9c0200000,0x000000e9c0300000]
Native frames: (J=compiled Java code, j=interpreted, Vv=VM code, C=native code)
V  [jvm.dll+0x683bfa]
V  [jvm.dll+0x8430a4]
V  [jvm.dll+0x8449be]
V  [jvm.dll+0x845023]
V  [jvm.dll+0x24ad2f]
V  [jvm.dll+0xac25c]
V  [jvm.dll+0xac82c]
V  [jvm.dll+0x36a132]
V  [jvm.dll+0x1be138]
V  [jvm.dll+0x21d3a9]
V  [jvm.dll+0x21c671]
V  [jvm.dll+0x1a605d]
V  [jvm.dll+0x22c148]
V  [jvm.dll+0x22a209]
V  [jvm.dll+0x7f858c]
V  [jvm.dll+0x7f2aea]
V  [jvm.dll+0x682a35]
C  [ucrtbase.dll+0x21bb2]
C  [KERNEL32.DLL+0x17344]
C  [ntdll.dll+0x526b1]


---------------  P R O C E S S  ---------------

Threads class SMR info:
_java_thread_list=0x000001eaa436d9b0, length=40, elements={
0x000001ea81cf0a70, 0x000001ea9d24d010, 0x000001ea9d24e140, 0x000001ea9d23ab60,
0x000001ea9d23b620, 0x000001ea9d4cfc30, 0x000001ea9d4d0c90, 0x000001ea9d4d5520,
0x000001ea9d4d65c0, 0x000001ea9d273010, 0x000001ea9d1bc8e0, 0x000001ea9d73b0d0,
0x000001eaa2a1c980, 0x000001eaa35ecf00, 0x000001eaa249ff20, 0x000001eaa2137420,
0x000001eaa37fa6f0, 0x000001eaa3820540, 0x000001eaa382d470, 0x000001eaa31e3690,
0x000001eaa31e2820, 0x000001eaa31e1e80, 0x000001eaa31e2cf0, 0x000001eaa31e31c0,
0x000001eaa2cc7890, 0x000001eaa2cc43a0, 0x000001eaa2cc3060, 0x000001eaa2cc9f10,
0x000001eaa2cc4d40, 0x000001eaa2cc5210, 0x000001eaa2cc4870, 0x000001eaa2cc6a20,
0x000001eaa2cc9a40, 0x000001eaa2cca8b0, 0x000001eaa2cc56e0, 0x000001eaa2cc6080,
0x000001eaa2cc9570, 0x000001eaa2cca3e0, 0x000001eaa2cc8230, 0x000001eaa2cc8bd0
}

Java Threads: ( => current thread )
  0x000001ea81cf0a70 JavaThread "main" [_thread_blocked, id=19848, stack(0x000000e9bf500000,0x000000e9bf600000)]
  0x000001ea9d24d010 JavaThread "Reference Handler" daemon [_thread_blocked, id=3384, stack(0x000000e9bfc00000,0x000000e9bfd00000)]
  0x000001ea9d24e140 JavaThread "Finalizer" daemon [_thread_blocked, id=6272, stack(0x000000e9bfd00000,0x000000e9bfe00000)]
  0x000001ea9d23ab60 JavaThread "Signal Dispatcher" daemon [_thread_blocked, id=20168, stack(0x000000e9bfe00000,0x000000e9bff00000)]
  0x000001ea9d23b620 JavaThread "Attach Listener" daemon [_thread_blocked, id=22620, stack(0x000000e9bff00000,0x000000e9c0000000)]
  0x000001ea9d4cfc30 JavaThread "Service Thread" daemon [_thread_blocked, id=20928, stack(0x000000e9c0000000,0x000000e9c0100000)]
  0x000001ea9d4d0c90 JavaThread "Monitor Deflation Thread" daemon [_thread_blocked, id=15040, stack(0x000000e9c0100000,0x000000e9c0200000)]
=>0x000001ea9d4d5520 JavaThread "C2 CompilerThread0" daemon [_thread_in_native, id=12204, stack(0x000000e9c0200000,0x000000e9c0300000)]
  0x000001ea9d4d65c0 JavaThread "C1 CompilerThread0" daemon [_thread_blocked, id=22416, stack(0x000000e9c0300000,0x000000e9c0400000)]
  0x000001ea9d273010 JavaThread "Sweeper thread" daemon [_thread_blocked, id=20716, stack(0x000000e9c0400000,0x000000e9c0500000)]
  0x000001ea9d1bc8e0 JavaThread "Common-Cleaner" daemon [_thread_blocked, id=23204, stack(0x000000e9c0500000,0x000000e9c0600000)]
  0x000001ea9d73b0d0 JavaThread "Notification Thread" daemon [_thread_blocked, id=6656, stack(0x000000e9c0600000,0x000000e9c0700000)]
  0x000001eaa2a1c980 JavaThread "Daemon health stats" [_thread_blocked, id=19296, stack(0x000000e9c0b00000,0x000000e9c0c00000)]
  0x000001eaa35ecf00 JavaThread "Incoming local TCP Connector on port 62575" [_thread_in_native, id=17488, stack(0x000000e9c0c00000,0x000000e9c0d00000)]
  0x000001eaa249ff20 JavaThread "Daemon periodic checks" [_thread_blocked, id=8796, stack(0x000000e9c0d00000,0x000000e9c0e00000)]
  0x000001eaa2137420 JavaThread "Daemon" [_thread_blocked, id=9060, stack(0x000000e9c0e00000,0x000000e9c0f00000)]
  0x000001eaa37fa6f0 JavaThread "Handler for socket connection from /127.0.0.1:62575 to /127.0.0.1:62576" [_thread_in_native, id=16928, stack(0x000000e9c0f00000,0x000000e9c1000000)]
  0x000001eaa3820540 JavaThread "Cancel handler" [_thread_blocked, id=22936, stack(0x000000e9c1000000,0x000000e9c1100000)]
  0x000001eaa382d470 JavaThread "Daemon worker" [_thread_in_native, id=428, stack(0x000000e9c1100000,0x000000e9c1200000)]
  0x000001eaa31e3690 JavaThread "Asynchronous log dispatcher for DefaultDaemonConnection: socket connection from /127.0.0.1:62575 to /127.0.0.1:62576" [_thread_blocked, id=14296, stack(0x000000e9c1200000,0x000000e9c1300000)]
  0x000001eaa31e2820 JavaThread "Stdin handler" [_thread_blocked, id=19376, stack(0x000000e9c1300000,0x000000e9c1400000)]
  0x000001eaa31e1e80 JavaThread "Daemon client event forwarder" [_thread_blocked, id=21404, stack(0x000000e9c1400000,0x000000e9c1500000)]
  0x000001eaa31e2cf0 JavaThread "Cache worker for journal cache (C:\Users\ADMIN\.gradle\caches\journal-1)" [_thread_blocked, id=18572, stack(0x000000e9c1500000,0x000000e9c1600000)]
  0x000001eaa31e31c0 JavaThread "File lock request listener" [_thread_in_native, id=21188, stack(0x000000e9c1600000,0x000000e9c1700000)]
  0x000001eaa2cc7890 JavaThread "Cache worker for file hash cache (C:\Users\ADMIN\.gradle\caches\8.2\fileHashes)" [_thread_blocked, id=13232, stack(0x000000e9c1700000,0x000000e9c1800000)]
  0x000001eaa2cc43a0 JavaThread "File watcher server" daemon [_thread_in_native, id=11532, stack(0x000000e9c1800000,0x000000e9c1900000)]
  0x000001eaa2cc3060 JavaThread "File watcher consumer" daemon [_thread_blocked, id=20292, stack(0x000000e9c1900000,0x000000e9c1a00000)]
  0x000001eaa2cc9f10 JavaThread "Cache worker for checksums cache (C:\Users\ADMIN\OneDrive\Desktop\Major-Group-Project-main\.gradle\8.2\checksums)" [_thread_blocked, id=336, stack(0x000000e9c1a00000,0x000000e9c1b00000)]
  0x000001eaa2cc4d40 JavaThread "Cache worker for cache directory md-rule (C:\Users\ADMIN\.gradle\caches\8.2\md-rule)" [_thread_blocked, id=15052, stack(0x000000e9c1b00000,0x000000e9c1c00000)]
  0x000001eaa2cc5210 JavaThread "Cache worker for file content cache (C:\Users\ADMIN\.gradle\caches\8.2\fileContent)" [_thread_blocked, id=16568, stack(0x000000e9c1c00000,0x000000e9c1d00000)]
  0x000001eaa2cc4870 JavaThread "Cache worker for file hash cache (C:\Users\ADMIN\OneDrive\Desktop\Major-Group-Project-main\.gradle\8.2\fileHashes)" [_thread_blocked, id=19312, stack(0x000000e9c1d00000,0x000000e9c1e00000)]
  0x000001eaa2cc6a20 JavaThread "Cache worker for cache directory md-supplier (C:\Users\ADMIN\.gradle\caches\8.2\md-supplier)" [_thread_blocked, id=14956, stack(0x000000e9c1e00000,0x000000e9c1f00000)]
  0x000001eaa2cc9a40 JavaThread "Cache worker for execution history cache (C:\Users\ADMIN\.gradle\caches\8.2\executionHistory)" [_thread_blocked, id=15012, stack(0x000000e9c1f00000,0x000000e9c2000000)]
  0x000001eaa2cca8b0 JavaThread "jar transforms" [_thread_blocked, id=13896, stack(0x000000e9c2000000,0x000000e9c2100000)]
  0x000001eaa2cc56e0 JavaThread "jar transforms Thread 2" [_thread_blocked, id=19548, stack(0x000000e9c2100000,0x000000e9c2200000)]
  0x000001eaa2cc6080 JavaThread "Cache worker for kotlin-dsl (C:\Users\ADMIN\.gradle\caches\8.2\kotlin-dsl)" [_thread_blocked, id=15908, stack(0x000000e9c2200000,0x000000e9c2300000)]
  0x000001eaa2cc9570 JavaThread "jar transforms Thread 3" [_thread_blocked, id=4332, stack(0x000000e9c2300000,0x000000e9c2400000)]
  0x000001eaa2cca3e0 JavaThread "jar transforms Thread 4" [_thread_blocked, id=10140, stack(0x000000e9c2400000,0x000000e9c2500000)]
  0x000001eaa2cc8230 JavaThread "Cache worker for dependencies-accessors (C:\Users\ADMIN\OneDrive\Desktop\Major-Group-Project-main\.gradle\8.2\dependencies-accessors)" [_thread_blocked, id=22568, stack(0x000000e9c2500000,0x000000e9c2600000)]
  0x000001eaa2cc8bd0 JavaThread "Cache worker for Build Output Cleanup Cache (C:\Users\ADMIN\OneDrive\Desktop\Major-Group-Project-main\.gradle\buildOutputCleanup)" [_thread_blocked, id=22600, stack(0x000000e9c2800000,0x000000e9c2900000)]

Other Threads:
  0x000001ea9d2152e0 VMThread "VM Thread" [stack: 0x000000e9bfb00000,0x000000e9bfc00000] [id=2396]
  0x000001ea81cf1830 WatcherThread [stack: 0x000000e9c0700000,0x000000e9c0800000] [id=17532]
  0x000001ea81d4dcd0 GCTaskThread "GC Thread#0" [stack: 0x000000e9bf600000,0x000000e9bf700000] [id=8904]
  0x000001ea9d8a5620 GCTaskThread "GC Thread#1" [stack: 0x000000e9c0800000,0x000000e9c0900000] [id=22940]
  0x000001eaa21f2f20 GCTaskThread "GC Thread#2" [stack: 0x000000e9c0900000,0x000000e9c0a00000] [id=18240]
  0x000001eaa2a19f90 GCTaskThread "GC Thread#3" [stack: 0x000000e9c0a00000,0x000000e9c0b00000] [id=17068]
  0x000001ea81d5eb20 ConcurrentGCThread "G1 Main Marker" [stack: 0x000000e9bf700000,0x000000e9bf800000] [id=19436]
  0x000001ea81d5fbe0 ConcurrentGCThread "G1 Conc#0" [stack: 0x000000e9bf800000,0x000000e9bf900000] [id=15352]
  0x000001ea81d9c050 ConcurrentGCThread "G1 Refine#0" [stack: 0x000000e9bf900000,0x000000e9bfa00000] [id=7460]
  0x000001ea81d9c980 ConcurrentGCThread "G1 Service" [stack: 0x000000e9bfa00000,0x000000e9bfb00000] [id=8224]

Threads with active compile tasks:
C2 CompilerThread0    61659 4479   !   4       java.lang.ClassLoader::loadClass (121 bytes)

VM state: not at safepoint (normal execution)

VM Mutex/Monitor currently owned by a thread: None

Heap address: 0x0000000080000000, size: 2048 MB, Compressed Oops mode: 32-bit

CDS archive(s) not mapped
Compressed class space mapped at: 0x0000000100000000-0x0000000140000000, reserved size: 1073741824
Narrow klass base: 0x0000000000000000, Narrow klass shift: 3, Narrow klass range: 0x140000000

GC Precious Log:
 CPUs: 4 total, 4 available
 Memory: 3539M
 Large Page Support: Disabled
 NUMA Support: Disabled
 Compressed Oops: Enabled (32-bit)
 Heap Region Size: 1M
 Heap Min Capacity: 8M
 Heap Initial Capacity: 56M
 Heap Max Capacity: 2G
 Pre-touch: Disabled
 Parallel Workers: 4
 Concurrent Workers: 1
 Concurrent Refinement Workers: 4
 Periodic GC: Disabled

Heap:
 garbage-first heap   total 63488K, used 35013K [0x0000000080000000, 0x0000000100000000)
  region size 1024K, 3 young (3072K), 2 survivors (2048K)
 Metaspace       used 52925K, committed 53440K, reserved 1114112K
  class space    used 7159K, committed 7424K, reserved 1048576K

Heap Regions: E=young(eden), S=young(survivor), O=old, HS=humongous(starts), HC=humongous(continues), CS=collection set, F=free, OA=open archive, CA=closed archive, TAMS=top-at-mark-start (previous, next)
|   0|0x0000000080000000, 0x0000000080100000, 0x0000000080100000|100%| O|  |TAMS 0x0000000080100000, 0x0000000080000000| Untracked 
|   1|0x0000000080100000, 0x0000000080200000, 0x0000000080200000|100%| O|  |TAMS 0x0000000080200000, 0x0000000080100000| Untracked 
|   2|0x0000000080200000, 0x0000000080300000, 0x0000000080300000|100%|HS|  |TAMS 0x0000000080300000, 0x0000000080200000| Complete 
|   3|0x0000000080300000, 0x0000000080400000, 0x0000000080400000|100%|HC|  |TAMS 0x0000000080400000, 0x0000000080300000| Complete 
|   4|0x0000000080400000, 0x0000000080500000, 0x0000000080500000|100%|HC|  |TAMS 0x0000000080500000, 0x0000000080400000| Complete 
|   5|0x0000000080500000, 0x0000000080600000, 0x0000000080600000|100%|HC|  |TAMS 0x0000000080600000, 0x0000000080500000| Complete 
|   6|0x0000000080600000, 0x0000000080700000, 0x0000000080700000|100%| O|  |TAMS 0x0000000080700000, 0x0000000080600000| Untracked 
|   7|0x0000000080700000, 0x0000000080800000, 0x0000000080800000|100%| O|  |TAMS 0x0000000080800000, 0x0000000080700000| Untracked 
|   8|0x0000000080800000, 0x0000000080900000, 0x0000000080900000|100%| O|  |TAMS 0x0000000080900000, 0x0000000080800000| Untracked 
|   9|0x0000000080900000, 0x0000000080a00000, 0x0000000080a00000|100%| O|  |TAMS 0x0000000080a00000, 0x0000000080900000| Untracked 
|  10|0x0000000080a00000, 0x0000000080b00000, 0x0000000080b00000|100%| O|  |TAMS 0x0000000080b00000, 0x0000000080a00000| Untracked 
|  11|0x0000000080b00000, 0x0000000080c00000, 0x0000000080c00000|100%| O|  |TAMS 0x0000000080c00000, 0x0000000080b00000| Untracked 
|  12|0x0000000080c00000, 0x0000000080d00000, 0x0000000080d00000|100%| O|  |TAMS 0x0000000080d00000, 0x0000000080c00000| Untracked 
|  13|0x0000000080d00000, 0x0000000080e00000, 0x0000000080e00000|100%| O|  |TAMS 0x0000000080e00000, 0x0000000080d00000| Untracked 
|  14|0x0000000080e00000, 0x0000000080f00000, 0x0000000080f00000|100%| O|  |TAMS 0x0000000080f00000, 0x0000000080e00000| Untracked 
|  15|0x0000000080f00000, 0x0000000081000000, 0x0000000081000000|100%| O|  |TAMS 0x0000000081000000, 0x0000000080f00000| Untracked 
|  16|0x0000000081000000, 0x0000000081100000, 0x0000000081100000|100%| O|  |TAMS 0x0000000081100000, 0x0000000081000000| Untracked 
|  17|0x0000000081100000, 0x0000000081200000, 0x0000000081200000|100%| O|  |TAMS 0x0000000081200000, 0x0000000081100000| Untracked 
|  18|0x0000000081200000, 0x0000000081300000, 0x0000000081300000|100%| O|  |TAMS 0x0000000081300000, 0x0000000081200000| Untracked 
|  19|0x0000000081300000, 0x0000000081400000, 0x0000000081400000|100%| O|  |TAMS 0x0000000081400000, 0x0000000081300000| Untracked 
|  20|0x0000000081400000, 0x0000000081500000, 0x0000000081500000|100%| O|  |TAMS 0x0000000081500000, 0x0000000081400000| Untracked 
|  21|0x0000000081500000, 0x0000000081600000, 0x0000000081600000|100%| O|  |TAMS 0x0000000081600000, 0x0000000081500000| Untracked 
|  22|0x0000000081600000, 0x0000000081700000, 0x0000000081700000|100%| O|  |TAMS 0x0000000081700000, 0x0000000081600000| Untracked 
|  23|0x0000000081700000, 0x0000000081800000, 0x0000000081800000|100%| O|  |TAMS 0x0000000081800000, 0x0000000081700000| Untracked 
|  24|0x0000000081800000, 0x0000000081900000, 0x0000000081900000|100%| O|  |TAMS 0x0000000081900000, 0x0000000081800000| Untracked 
|  25|0x0000000081900000, 0x0000000081a00000, 0x0000000081a00000|100%| O|  |TAMS 0x0000000081a00000, 0x0000000081900000| Untracked 
|  26|0x0000000081a00000, 0x0000000081b00000, 0x0000000081b00000|100%| O|  |TAMS 0x0000000081b00000, 0x0000000081a00000| Untracked 
|  27|0x0000000081b00000, 0x0000000081c00000, 0x0000000081c00000|100%| O|  |TAMS 0x0000000081c00000, 0x0000000081b00000| Untracked 
|  28|0x0000000081c00000, 0x0000000081d00000, 0x0000000081d00000|100%| O|  |TAMS 0x0000000081d00000, 0x0000000081c00000| Untracked 
|  29|0x0000000081d00000, 0x0000000081e00000, 0x0000000081e00000|100%| O|  |TAMS 0x0000000081e00000, 0x0000000081d00000| Untracked 
|  30|0x0000000081e00000, 0x0000000081f00000, 0x0000000081f00000|100%| O|  |TAMS 0x0000000081ee1a00, 0x0000000081e00000| Untracked 
|  31|0x0000000081f00000, 0x0000000081fdc600, 0x0000000082000000| 86%| O|  |TAMS 0x0000000081f00000, 0x0000000081f00000| Untracked 
|  32|0x0000000082000000, 0x0000000082000000, 0x0000000082100000|  0%| F|  |TAMS 0x0000000082000000, 0x0000000082000000| Untracked 
|  33|0x0000000082100000, 0x0000000082100000, 0x0000000082200000|  0%| F|  |TAMS 0x0000000082100000, 0x0000000082100000| Untracked 
|  34|0x0000000082200000, 0x0000000082300000, 0x0000000082300000|100%| O|  |TAMS 0x0000000082300000, 0x0000000082200000| Untracked 
|  35|0x0000000082300000, 0x0000000082300000, 0x0000000082400000|  0%| F|  |TAMS 0x0000000082300000, 0x0000000082300000| Untracked 
|  36|0x0000000082400000, 0x0000000082400000, 0x0000000082500000|  0%| F|  |TAMS 0x0000000082400000, 0x0000000082400000| Untracked 
|  37|0x0000000082500000, 0x0000000082500000, 0x0000000082600000|  0%| F|  |TAMS 0x0000000082500000, 0x0000000082500000| Untracked 
|  38|0x0000000082600000, 0x0000000082600000, 0x0000000082700000|  0%| F|  |TAMS 0x0000000082600000, 0x0000000082600000| Untracked 
|  39|0x0000000082700000, 0x0000000082700000, 0x0000000082800000|  0%| F|  |TAMS 0x0000000082700000, 0x0000000082700000| Untracked 
|  40|0x0000000082800000, 0x0000000082800000, 0x0000000082900000|  0%| F|  |TAMS 0x0000000082800000, 0x0000000082800000| Untracked 
|  41|0x0000000082900000, 0x0000000082954e40, 0x0000000082a00000| 33%| S|CS|TAMS 0x0000000082900000, 0x0000000082900000| Complete 
|  42|0x0000000082a00000, 0x0000000082a00000, 0x0000000082b00000|  0%| F|  |TAMS 0x0000000082a00000, 0x0000000082a00000| Untracked 
|  43|0x0000000082b00000, 0x0000000082c00000, 0x0000000082c00000|100%| S|CS|TAMS 0x0000000082b00000, 0x0000000082b00000| Complete 
|  44|0x0000000082c00000, 0x0000000082c00000, 0x0000000082d00000|  0%| F|  |TAMS 0x0000000082c00000, 0x0000000082c00000| Untracked 
|  45|0x0000000082d00000, 0x0000000082d00000, 0x0000000082e00000|  0%| F|  |TAMS 0x0000000082d00000, 0x0000000082d00000| Untracked 
|  46|0x0000000082e00000, 0x0000000082e00000, 0x0000000082f00000|  0%| F|  |TAMS 0x0000000082e00000, 0x0000000082e00000| Untracked 
|  47|0x0000000082f00000, 0x0000000082f00000, 0x0000000083000000|  0%| F|  |TAMS 0x0000000082f00000, 0x0000000082f00000| Untracked 
|  48|0x0000000083000000, 0x0000000083000000, 0x0000000083100000|  0%| F|  |TAMS 0x0000000083000000, 0x0000000083000000| Untracked 
|  49|0x0000000083100000, 0x0000000083100000, 0x0000000083200000|  0%| F|  |TAMS 0x0000000083100000, 0x0000000083100000| Untracked 
|  50|0x0000000083200000, 0x0000000083200000, 0x0000000083300000|  0%| F|  |TAMS 0x0000000083200000, 0x0000000083200000| Untracked 
|  51|0x0000000083300000, 0x0000000083300000, 0x0000000083400000|  0%| F|  |TAMS 0x0000000083300000, 0x0000000083300000| Untracked 
|  52|0x0000000083400000, 0x0000000083400000, 0x0000000083500000|  0%| F|  |TAMS 0x0000000083400000, 0x0000000083400000| Untracked 
|  53|0x0000000083500000, 0x0000000083500000, 0x0000000083600000|  0%| F|  |TAMS 0x0000000083500000, 0x0000000083500000| Untracked 
|  54|0x0000000083600000, 0x0000000083600000, 0x0000000083700000|  0%| F|  |TAMS 0x0000000083600000, 0x0000000083600000| Untracked 
|  55|0x0000000083700000, 0x0000000083700000, 0x0000000083800000|  0%| F|  |TAMS 0x0000000083700000, 0x0000000083700000| Untracked 
|  56|0x0000000083800000, 0x0000000083800000, 0x0000000083900000|  0%| F|  |TAMS 0x0000000083800000, 0x0000000083800000| Untracked 
|  57|0x0000000083900000, 0x0000000083900000, 0x0000000083a00000|  0%| F|  |TAMS 0x0000000083900000, 0x0000000083900000| Untracked 
|  58|0x0000000083a00000, 0x0000000083a00000, 0x0000000083b00000|  0%| F|  |TAMS 0x0000000083a00000, 0x0000000083a00000| Untracked 
|  59|0x0000000083b00000, 0x0000000083b00000, 0x0000000083c00000|  0%| F|  |TAMS 0x0000000083b00000, 0x0000000083b00000| Untracked 
|  60|0x0000000083c00000, 0x0000000083c00000, 0x0000000083d00000|  0%| F|  |TAMS 0x0000000083c00000, 0x0000000083c00000| Untracked 
|  61|0x0000000083d00000, 0x0000000083d656f0, 0x0000000083e00000| 39%| E|  |TAMS 0x0000000083d00000, 0x0000000083d00000| Complete 

Card table byte_map: [0x000001ea96400000,0x000001ea96800000] _byte_map_base: 0x000001ea96000000

Marking Bits (Prev, Next): (CMBitMap*) 0x000001ea81d4e1f0, (CMBitMap*) 0x000001ea81d4e230
 Prev Bits: [0x000001ea96c00000, 0x000001ea98c00000)
 Next Bits: [0x000001ea98c00000, 0x000001ea9ac00000)

Polling page: 0x000001ea81dc0000

Metaspace:

Usage:
  Non-class:     44.69 MB used.
      Class:      6.99 MB used.
       Both:     51.68 MB used.

Virtual space:
  Non-class space:       64.00 MB reserved,      44.94 MB ( 70%) committed,  1 nodes.
      Class space:        1.00 GB reserved,       7.25 MB ( <1%) committed,  1 nodes.
             Both:        1.06 GB reserved,      52.19 MB (  5%) committed. 

Chunk freelists:
   Non-Class:  2.20 MB
       Class:  8.78 MB
        Both:  10.98 MB

MaxMetaspaceSize: unlimited
CompressedClassSpaceSize: 1.00 GB
Initial GC threshold: 21.00 MB
Current GC threshold: 87.00 MB
CDS: off
MetaspaceReclaimPolicy: balanced
 - commit_granule_bytes: 65536.
 - commit_granule_words: 8192.
 - virtual_space_node_default_size: 8388608.
 - enlarge_chunks_in_place: 1.
 - new_chunks_are_fully_committed: 0.
 - uncommit_free_chunks: 1.
 - use_allocation_guard: 0.
 - handle_deallocations: 1.


Internal statistics:

num_allocs_failed_limit: 6.
num_arena_births: 580.
num_arena_deaths: 0.
num_vsnodes_births: 2.
num_vsnodes_deaths: 0.
num_space_committed: 835.
num_space_uncommitted: 0.
num_chunks_returned_to_freelist: 6.
num_chunks_taken_from_freelist: 2228.
num_chunk_merges: 3.
num_chunk_splits: 1515.
num_chunks_enlarged: 1073.
num_inconsistent_stats: 0.

CodeHeap 'non-profiled nmethods': size=120000Kb used=2599Kb max_used=2599Kb free=117400Kb
 bounds [0x000001ea8e4b0000, 0x000001ea8e740000, 0x000001ea959e0000]
CodeHeap 'profiled nmethods': size=120000Kb used=9163Kb max_used=9163Kb free=110836Kb
 bounds [0x000001ea869e0000, 0x000001ea872e0000, 0x000001ea8df10000]
CodeHeap 'non-nmethods': size=5760Kb used=2315Kb max_used=2373Kb free=3444Kb
 bounds [0x000001ea8df10000, 0x000001ea8e180000, 0x000001ea8e4b0000]
 total_blobs=5321 nmethods=4491 adapters=741
 compilation: enabled
              stopped_count=0, restarted_count=0
 full_count=0

Compilation events (20 events):
Event: 51.870 Thread 0x000001ea9d4d65c0 4471       3       org.gradle.internal.serialize.AbstractDecoder::readSmallInt (5 bytes)
Event: 51.870 Thread 0x000001ea9d4d65c0 nmethod 4471 0x000001ea872c1410 code [0x000001ea872c15c0, 0x000001ea872c1788]
Event: 52.016 Thread 0x000001ea9d4d5520 4472       4       java.util.Arrays::copyOf (40 bytes)
Event: 52.022 Thread 0x000001ea9d4d5520 nmethod 4472 0x000001ea8e734190 code [0x000001ea8e734320, 0x000001ea8e7347d8]
Event: 52.832 Thread 0x000001ea9d4d65c0 4473       1       org.gradle.internal.concurrent.AbstractManagedExecutor::access$000 (5 bytes)
Event: 52.832 Thread 0x000001ea9d4d65c0 nmethod 4473 0x000001ea8e734a10 code [0x000001ea8e734ba0, 0x000001ea8e734c58]
Event: 54.041 Thread 0x000001ea9d4d65c0 4474       3       com.google.common.cache.LocalCache::usesWriteQueue (5 bytes)
Event: 54.042 Thread 0x000001ea9d4d65c0 nmethod 4474 0x000001ea872c1810 code [0x000001ea872c19a0, 0x000001ea872c1b98]
Event: 54.196 Thread 0x000001ea9d4d5520 4475       4       java.util.jar.JarFile::getManifest (5 bytes)
Event: 54.266 Thread 0x000001ea9d4d5520 nmethod 4475 0x000001ea8e734d10 code [0x000001ea8e735020, 0x000001ea8e737c10]
Event: 55.421 Thread 0x000001ea9d4d65c0 4476       3       java.lang.invoke.DelegatingMethodHandle::rebind (8 bytes)
Event: 55.421 Thread 0x000001ea9d4d65c0 nmethod 4476 0x000001ea872c1c90 code [0x000001ea872c1e40, 0x000001ea872c20b8]
Event: 55.833 Thread 0x000001ea9d4d65c0 4477       3       java.util.HashMap$ValueSpliterator::tryAdvance (138 bytes)
Event: 55.834 Thread 0x000001ea9d4d65c0 nmethod 4477 0x000001ea872c2190 code [0x000001ea872c23a0, 0x000001ea872c2ad8]
Event: 55.834 Thread 0x000001ea9d4d65c0 4478       3       java.lang.management.ManagementFactory$PlatformMBeanFinder$$Lambda$62/0x00000001001300f8::test (12 bytes)
Event: 55.834 Thread 0x000001ea9d4d65c0 nmethod 4478 0x000001ea872c2d10 code [0x000001ea872c2ee0, 0x000001ea872c32d8]
Event: 55.928 Thread 0x000001ea9d4d5520 4479   !   4       java.lang.ClassLoader::loadClass (121 bytes)
Event: 56.826 Thread 0x000001ea9d4d65c0 4480       3       sun.management.MemoryPoolImpl::getObjectName (10 bytes)
Event: 57.110 Thread 0x000001ea9d4d65c0 nmethod 4480 0x000001ea872c3410 code [0x000001ea872c3800, 0x000001ea872c5538]
Event: 57.110 Thread 0x000001ea9d4d65c0 4481       3       sun.management.spi.PlatformMBeanProvider$PlatformComponent$$Lambda$67/0x0000000100135858::test (9 bytes)

GC Heap History (20 events):
Event: 18.983 GC heap before
{Heap before GC invocations=10 (full 0):
 garbage-first heap   total 57344K, used 43028K [0x0000000080000000, 0x0000000100000000)
  region size 1024K, 23 young (23552K), 3 survivors (3072K)
 Metaspace       used 32463K, committed 32704K, reserved 1114112K
  class space    used 4438K, committed 4544K, reserved 1048576K
}
Event: 18.987 GC heap after
{Heap after GC invocations=11 (full 0):
 garbage-first heap   total 57344K, used 23425K [0x0000000080000000, 0x0000000100000000)
  region size 1024K, 2 young (2048K), 2 survivors (2048K)
 Metaspace       used 32463K, committed 32704K, reserved 1114112K
  class space    used 4438K, committed 4544K, reserved 1048576K
}
Event: 19.999 GC heap before
{Heap before GC invocations=11 (full 0):
 garbage-first heap   total 57344K, used 40833K [0x0000000080000000, 0x0000000100000000)
  region size 1024K, 21 young (21504K), 2 survivors (2048K)
 Metaspace       used 35615K, committed 35968K, reserved 1114112K
  class space    used 4930K, committed 5120K, reserved 1048576K
}
Event: 20.004 GC heap after
{Heap after GC invocations=12 (full 0):
 garbage-first heap   total 57344K, used 24591K [0x0000000080000000, 0x0000000100000000)
  region size 1024K, 3 young (3072K), 3 survivors (3072K)
 Metaspace       used 35615K, committed 35968K, reserved 1114112K
  class space    used 4930K, committed 5120K, reserved 1048576K
}
Event: 20.961 GC heap before
{Heap before GC invocations=13 (full 0):
 garbage-first heap   total 57344K, used 43023K [0x0000000080000000, 0x0000000100000000)
  region size 1024K, 22 young (22528K), 3 survivors (3072K)
 Metaspace       used 40730K, committed 41088K, reserved 1114112K
  class space    used 5444K, committed 5632K, reserved 1048576K
}
Event: 20.967 GC heap after
{Heap after GC invocations=14 (full 0):
 garbage-first heap   total 57344K, used 26757K [0x0000000080000000, 0x0000000100000000)
  region size 1024K, 3 young (3072K), 3 survivors (3072K)
 Metaspace       used 40730K, committed 41088K, reserved 1114112K
  class space    used 5444K, committed 5632K, reserved 1048576K
}
Event: 21.233 GC heap before
{Heap before GC invocations=14 (full 0):
 garbage-first heap   total 57344K, used 44165K [0x0000000080000000, 0x0000000100000000)
  region size 1024K, 21 young (21504K), 3 survivors (3072K)
 Metaspace       used 41288K, committed 41664K, reserved 1114112K
  class space    used 5491K, committed 5632K, reserved 1048576K
}
Event: 21.246 GC heap after
{Heap after GC invocations=15 (full 0):
 garbage-first heap   total 57344K, used 29792K [0x0000000080000000, 0x0000000100000000)
  region size 1024K, 3 young (3072K), 3 survivors (3072K)
 Metaspace       used 41288K, committed 41664K, reserved 1114112K
  class space    used 5491K, committed 5632K, reserved 1048576K
}
Event: 21.606 GC heap before
{Heap before GC invocations=15 (full 0):
 garbage-first heap   total 57344K, used 39008K [0x0000000080000000, 0x0000000100000000)
  region size 1024K, 14 young (14336K), 3 survivors (3072K)
 Metaspace       used 41999K, committed 42368K, reserved 1114112K
  class space    used 5578K, committed 5760K, reserved 1048576K
}
Event: 21.610 GC heap after
{Heap after GC invocations=16 (full 0):
 garbage-first heap   total 57344K, used 30854K [0x0000000080000000, 0x0000000100000000)
  region size 1024K, 2 young (2048K), 2 survivors (2048K)
 Metaspace       used 41999K, committed 42368K, reserved 1114112K
  class space    used 5578K, committed 5760K, reserved 1048576K
}
Event: 22.744 GC heap before
{Heap before GC invocations=17 (full 0):
 garbage-first heap   total 63488K, used 50310K [0x0000000080000000, 0x0000000100000000)
  region size 1024K, 16 young (16384K), 2 survivors (2048K)
 Metaspace       used 44126K, committed 44544K, reserved 1114112K
  class space    used 5820K, committed 6016K, reserved 1048576K
}
Event: 22.748 GC heap after
{Heap after GC invocations=18 (full 0):
 garbage-first heap   total 63488K, used 31107K [0x0000000080000000, 0x0000000100000000)
  region size 1024K, 1 young (1024K), 1 survivors (1024K)
 Metaspace       used 44126K, committed 44544K, reserved 1114112K
  class space    used 5820K, committed 6016K, reserved 1048576K
}
Event: 22.963 GC heap before
{Heap before GC invocations=18 (full 0):
 garbage-first heap   total 63488K, used 39299K [0x0000000080000000, 0x0000000100000000)
  region size 1024K, 11 young (11264K), 1 survivors (1024K)
 Metaspace       used 44347K, committed 44736K, reserved 1114112K
  class space    used 5834K, committed 6016K, reserved 1048576K
}
Event: 22.966 GC heap after
{Heap after GC invocations=19 (full 0):
 garbage-first heap   total 63488K, used 31657K [0x0000000080000000, 0x0000000100000000)
  region size 1024K, 2 young (2048K), 2 survivors (2048K)
 Metaspace       used 44347K, committed 44736K, reserved 1114112K
  class space    used 5834K, committed 6016K, reserved 1048576K
}
Event: 29.806 GC heap before
{Heap before GC invocations=20 (full 0):
 garbage-first heap   total 63488K, used 51113K [0x0000000080000000, 0x0000000100000000)
  region size 1024K, 19 young (19456K), 2 survivors (2048K)
 Metaspace       used 46898K, committed 47360K, reserved 1114112K
  class space    used 6201K, committed 6400K, reserved 1048576K
}
Event: 29.810 GC heap after
{Heap after GC invocations=21 (full 0):
 garbage-first heap   total 63488K, used 32649K [0x0000000080000000, 0x0000000100000000)
  region size 1024K, 3 young (3072K), 3 survivors (3072K)
 Metaspace       used 46898K, committed 47360K, reserved 1114112K
  class space    used 6201K, committed 6400K, reserved 1048576K
}
Event: 41.241 GC heap before
{Heap before GC invocations=21 (full 0):
 garbage-first heap   total 63488K, used 50057K [0x0000000080000000, 0x0000000100000000)
  region size 1024K, 20 young (20480K), 3 survivors (3072K)
 Metaspace       used 48687K, committed 49088K, reserved 1114112K
  class space    used 6492K, committed 6656K, reserved 1048576K
}
Event: 41.247 GC heap after
{Heap after GC invocations=22 (full 0):
 garbage-first heap   total 63488K, used 33741K [0x0000000080000000, 0x0000000100000000)
  region size 1024K, 3 young (3072K), 3 survivors (3072K)
 Metaspace       used 48687K, committed 49088K, reserved 1114112K
  class space    used 6492K, committed 6656K, reserved 1048576K
}
Event: 48.250 GC heap before
{Heap before GC invocations=23 (full 0):
 garbage-first heap   total 63488K, used 49101K [0x0000000080000000, 0x0000000100000000)
  region size 1024K, 19 young (19456K), 3 survivors (3072K)
 Metaspace       used 50849K, committed 51264K, reserved 1114112K
  class space    used 6866K, committed 7040K, reserved 1048576K
}
Event: 48.255 GC heap after
{Heap after GC invocations=24 (full 0):
 garbage-first heap   total 63488K, used 34462K [0x0000000080000000, 0x0000000100000000)
  region size 1024K, 2 young (2048K), 2 survivors (2048K)
 Metaspace       used 50849K, committed 51264K, reserved 1114112K
  class space    used 6866K, committed 7040K, reserved 1048576K
}

Dll operation events (3 events):
Event: 0.270 Loaded shared library C:\Program Files\Android\Android Studio1\jbr\bin\java.dll
Event: 0.547 Loaded shared library C:\Program Files\Android\Android Studio1\jbr\bin\zip.dll
Event: 3.942 Loaded shared library C:\Program Files\Android\Android Studio1\jbr\bin\verify.dll

Deoptimization events (20 events):
Event: 46.446 Thread 0x000001eaa382d470 Uncommon trap: trap_request=0xffffff45 fr.pc=0x000001ea8e50f6bc relative=0x000000000000011c
Event: 46.446 Thread 0x000001eaa382d470 Uncommon trap: reason=unstable_if action=reinterpret pc=0x000001ea8e50f6bc method=java.net.URI.match(CJJ)Z @ 45 c2
Event: 46.446 Thread 0x000001eaa382d470 DEOPT PACKING pc=0x000001ea8e50f6bc sp=0x000000e9c11f9170
Event: 46.446 Thread 0x000001eaa382d470 DEOPT UNPACKING pc=0x000001ea8df669a3 sp=0x000000e9c11f90a8 mode 2
Event: 46.446 Thread 0x000001eaa382d470 Uncommon trap: trap_request=0xffffff45 fr.pc=0x000001ea8e4d8a48 relative=0x0000000000000048
Event: 46.446 Thread 0x000001eaa382d470 Uncommon trap: reason=unstable_if action=reinterpret pc=0x000001ea8e4d8a48 method=java.net.URI.match(CJJ)Z @ 19 c2
Event: 46.446 Thread 0x000001eaa382d470 DEOPT PACKING pc=0x000001ea8e4d8a48 sp=0x000000e9c11f9180
Event: 46.446 Thread 0x000001eaa382d470 DEOPT UNPACKING pc=0x000001ea8df669a3 sp=0x000000e9c11f9130 mode 2
Event: 46.457 Thread 0x000001eaa382d470 DEOPT PACKING pc=0x000001ea86d80f9b sp=0x000000e9c11f8320
Event: 46.457 Thread 0x000001eaa382d470 DEOPT UNPACKING pc=0x000001ea8df67143 sp=0x000000e9c11f7790 mode 0
Event: 47.504 Thread 0x000001eaa382d470 DEOPT PACKING pc=0x000001ea86a87d13 sp=0x000000e9c11f9580
Event: 47.504 Thread 0x000001eaa382d470 DEOPT UNPACKING pc=0x000001ea8df67143 sp=0x000000e9c11f8ab8 mode 0
Event: 49.034 Thread 0x000001eaa382d470 Uncommon trap: trap_request=0xffffff45 fr.pc=0x000001ea8e6ad5b0 relative=0x0000000000000370
Event: 49.034 Thread 0x000001eaa382d470 Uncommon trap: reason=unstable_if action=reinterpret pc=0x000001ea8e6ad5b0 method=org.gradle.internal.snapshot.PathUtil.equalChars(CCLorg/gradle/internal/snapshot/CaseSensitivity;)Z @ 40 c2
Event: 49.034 Thread 0x000001eaa382d470 DEOPT PACKING pc=0x000001ea8e6ad5b0 sp=0x000000e9c11f7170
Event: 49.034 Thread 0x000001eaa382d470 DEOPT UNPACKING pc=0x000001ea8df669a3 sp=0x000000e9c11f7100 mode 2
Event: 50.124 Thread 0x000001eaa382d470 Uncommon trap: trap_request=0xffffffcc fr.pc=0x000001ea8e71e634 relative=0x0000000000000314
Event: 50.124 Thread 0x000001eaa382d470 Uncommon trap: reason=intrinsic_or_type_checked_inlining action=make_not_entrant pc=0x000001ea8e71e634 method=java.util.Arrays.copyOf([Ljava/lang/Object;ILjava/lang/Class;)[Ljava/lang/Object; @ 35 c2
Event: 50.124 Thread 0x000001eaa382d470 DEOPT PACKING pc=0x000001ea8e71e634 sp=0x000000e9c11f8730
Event: 50.124 Thread 0x000001eaa382d470 DEOPT UNPACKING pc=0x000001ea8df669a3 sp=0x000000e9c11f86c0 mode 2

Classes unloaded (0 events):
No events

Classes redefined (0 events):
No events

Internal exceptions (20 events):
Event: 22.329 Thread 0x000001eaa382d470 Exception <a 'java/lang/NoSuchMethodError'{0x00000000835f6e58}: 'java.lang.Object java.lang.invoke.DirectMethodHandle$Holder.invokeStatic(java.lang.Object, java.lang.Object, java.lang.Object, java.lang.Object, java.lang.Object, java.lang.Object, java.lang.Object, java.lang.Object, java.lang.Object, java.lang.Object, java.lang.Object, java.lang.Object, java.lang.Object, java.lang.Object, java.lang.Object, java.lang.Object, java.lang.Object, java.lang.Object, java.lang.Object, java.lang.Object, java.lang.Obj
Event: 22.337 Thread 0x000001eaa382d470 Exception <a 'java/lang/NoSuchMethodError'{0x0000000083428720}: 'java.lang.Object java.lang.invoke.DirectMethodHandle$Holder.invokeStatic(java.lang.Object, java.lang.Object, java.lang.Object, java.lang.Object, java.lang.Object, java.lang.Object, java.lang.Object, java.lang.Object, java.lang.Object, java.lang.Object, java.lang.Object, java.lang.Object, java.lang.Object, java.lang.Object, java.lang.Object, java.lang.Object, java.lang.Object, java.lang.Object, java.lang.Object, java.lang.Object, java.lang.Obj
Event: 23.056 Thread 0x000001eaa382d470 Exception <a 'java/lang/IncompatibleClassChangeError'{0x0000000083d9b960}: Found class java.lang.Object, but interface was expected> (0x0000000083d9b960) 
thrown [s\src\hotspot\share\interpreter\linkResolver.cpp, line 838]
Event: 24.603 Thread 0x000001eaa382d470 Exception <a 'java/lang/IncompatibleClassChangeError'{0x0000000083afbae8}: Found class java.lang.Object, but interface was expected> (0x0000000083afbae8) 
thrown [s\src\hotspot\share\interpreter\linkResolver.cpp, line 838]
Event: 24.619 Thread 0x000001eaa382d470 Exception <a 'java/lang/NoSuchMethodError'{0x000000008396e530}: 'void java.lang.invoke.DirectMethodHandle$Holder.invokeStatic(java.lang.Object, java.lang.Object, java.lang.Object, java.lang.Object, java.lang.Object, java.lang.Object)'> (0x000000008396e530) 
thrown [s\src\hotspot\share\interpreter\linkResolver.cpp, line 771]
Event: 24.635 Thread 0x000001eaa382d470 Exception <a 'java/lang/NoSuchMethodError'{0x0000000083881128}: 'int java.lang.invoke.DirectMethodHandle$Holder.invokeStaticInit(java.lang.Object, java.lang.Object, java.lang.Object, java.lang.Object, java.lang.Object)'> (0x0000000083881128) 
thrown [s\src\hotspot\share\interpreter\linkResolver.cpp, line 771]
Event: 26.392 Thread 0x000001eaa382d470 Implicit null exception at 0x000001ea8e63cf6c to 0x000001ea8e63d014
Event: 30.260 Thread 0x000001eaa382d470 Exception <a 'java/lang/NoSuchMethodError'{0x0000000083b5bc68}: 'void java.lang.invoke.DirectMethodHandle$Holder.invokeInterface(java.lang.Object, java.lang.Object)'> (0x0000000083b5bc68) 
thrown [s\src\hotspot\share\interpreter\linkResolver.cpp, line 771]
Event: 30.262 Thread 0x000001eaa382d470 Exception <a 'java/lang/IncompatibleClassChangeError'{0x0000000083b66f58}: Found class java.lang.Object, but interface was expected> (0x0000000083b66f58) 
thrown [s\src\hotspot\share\interpreter\linkResolver.cpp, line 838]
Event: 31.134 Thread 0x000001eaa382d470 Exception <a 'java/lang/NoSuchMethodError'{0x000000008393f1d0}: 'java.lang.Object java.lang.invoke.DirectMethodHandle$Holder.newInvokeSpecial(java.lang.Object, int, java.lang.Object)'> (0x000000008393f1d0) 
thrown [s\src\hotspot\share\interpreter\linkResolver.cpp, line 771]
Event: 41.594 Thread 0x000001eaa31e1e80 Exception <a 'java/lang/NoSuchMethodError'{0x0000000083dc7ad0}: static Lorg/gradle/internal/build/event/types/DefaultOperationStartedProgressEvent;.<clinit>()V> (0x0000000083dc7ad0) 
thrown [s\src\hotspot\share\prims\jni.cpp, line 1108]
Event: 41.595 Thread 0x000001eaa31e1e80 Exception <a 'java/lang/NoSuchMethodError'{0x0000000083dcae18}: static Lorg/gradle/internal/build/event/types/AbstractProgressEvent;.<clinit>()V> (0x0000000083dcae18) 
thrown [s\src\hotspot\share\prims\jni.cpp, line 1108]
Event: 41.597 Thread 0x000001eaa31e1e80 Exception <a 'java/lang/NoSuchMethodError'{0x0000000083ddfe00}: static Lorg/gradle/internal/build/event/types/DefaultProjectConfigurationDescriptor;.<clinit>()V> (0x0000000083ddfe00) 
thrown [s\src\hotspot\share\prims\jni.cpp, line 1108]
Event: 41.597 Thread 0x000001eaa31e1e80 Exception <a 'java/lang/NoSuchMethodError'{0x0000000083de2b08}: static Lorg/gradle/internal/build/event/types/DefaultOperationDescriptor;.<clinit>()V> (0x0000000083de2b08) 
thrown [s\src\hotspot\share\prims\jni.cpp, line 1108]
Event: 41.638 Thread 0x000001eaa31e1e80 Exception <a 'java/lang/NoSuchMethodError'{0x0000000083dfe4d8}: static Lorg/gradle/internal/operations/OperationIdentifier;.<clinit>()V> (0x0000000083dfe4d8) 
thrown [s\src\hotspot\share\prims\jni.cpp, line 1108]
Event: 44.748 Thread 0x000001eaa382d470 Exception <a 'java/lang/NoSuchMethodError'{0x00000000836293f0}: 'long java.lang.invoke.DirectMethodHandle$Holder.invokeStatic(java.lang.Object, long)'> (0x00000000836293f0) 
thrown [s\src\hotspot\share\interpreter\linkResolver.cpp, line 771]
Event: 48.244 Thread 0x000001eaa382d470 Exception <a 'java/lang/NoSuchMethodError'{0x0000000082eb99b8}: 'java.lang.Object java.lang.invoke.DelegatingMethodHandle$Holder.reinvoke_L(java.lang.Object, java.lang.Object, java.lang.Object, java.lang.Object, java.lang.Object, java.lang.Object, java.lang.Object, java.lang.Object, java.lang.Object, java.lang.Object, java.lang.Object, java.lang.Object, java.lang.Object, java.lang.Object, java.lang.Object, java.lang.Object, java.lang.Object, java.lang.Object, java.lang.Object, java.lang.Object, java.lang.O
Event: 48.246 Thread 0x000001eaa382d470 Exception <a 'java/lang/NoSuchMethodError'{0x0000000082ec5190}: 'java.lang.Object java.lang.invoke.DirectMethodHandle$Holder.invokeSpecial(java.lang.Object, java.lang.Object, java.lang.Object, java.lang.Object, java.lang.Object, java.lang.Object, java.lang.Object, java.lang.Object, java.lang.Object, java.lang.Object, java.lang.Object, java.lang.Object, java.lang.Object, java.lang.Object, java.lang.Object, java.lang.Object, java.lang.Object, java.lang.Object, java.lang.Object, java.lang.Object, java.lang.Ob
Event: 48.246 Thread 0x000001eaa382d470 Exception <a 'java/lang/NoSuchMethodError'{0x0000000082ecadd8}: 'java.lang.Object java.lang.invoke.Invokers$Holder.invoker(java.lang.Object, java.lang.Object, java.lang.Object, java.lang.Object, java.lang.Object, java.lang.Object, java.lang.Object, java.lang.Object, java.lang.Object, java.lang.Object, java.lang.Object, java.lang.Object, java.lang.Object, java.lang.Object, java.lang.Object, java.lang.Object, java.lang.Object, java.lang.Object, java.lang.Object, java.lang.Object, java.lang.Object)'> (0x00000
Event: 48.247 Thread 0x000001eaa382d470 Exception <a 'java/lang/NoSuchMethodError'{0x0000000082ed1438}: 'java.lang.Object java.lang.invoke.DelegatingMethodHandle$Holder.delegate(java.lang.Object, java.lang.Object, java.lang.Object, java.lang.Object, java.lang.Object, java.lang.Object, java.lang.Object, java.lang.Object, java.lang.Object, java.lang.Object, java.lang.Object, java.lang.Object, java.lang.Object, java.lang.Object, java.lang.Object, java.lang.Object, java.lang.Object, java.lang.Object, java.lang.Object, java.lang.Object, java.lang.Obj

VM Operations (20 events):
Event: 44.318 Executing VM operation: Cleanup
Event: 44.318 Executing VM operation: Cleanup done
Event: 45.322 Executing VM operation: Cleanup
Event: 45.322 Executing VM operation: Cleanup done
Event: 46.327 Executing VM operation: Cleanup
Event: 46.327 Executing VM operation: Cleanup done
Event: 47.342 Executing VM operation: Cleanup
Event: 47.343 Executing VM operation: Cleanup done
Event: 48.250 Executing VM operation: G1CollectForAllocation
Event: 48.257 Executing VM operation: G1CollectForAllocation done
Event: 49.266 Executing VM operation: Cleanup
Event: 49.266 Executing VM operation: Cleanup done
Event: 50.272 Executing VM operation: Cleanup
Event: 50.272 Executing VM operation: Cleanup done
Event: 52.281 Executing VM operation: Cleanup
Event: 52.281 Executing VM operation: Cleanup done
Event: 54.299 Executing VM operation: Cleanup
Event: 54.299 Executing VM operation: Cleanup done
Event: 56.307 Executing VM operation: Cleanup
Event: 56.307 Executing VM operation: Cleanup done

Events (20 events):
Event: 46.627 loading class javax/net/ssl/X509TrustManager done
Event: 46.681 loading class javax/net/ssl/SSLException
Event: 46.681 loading class javax/net/ssl/SSLException done
Event: 46.681 loading class javax/naming/NamingException
Event: 46.713 loading class javax/naming/NamingException done
Event: 46.713 loading class javax/naming/InvalidNameException
Event: 46.734 loading class javax/naming/InvalidNameException done
Event: 46.734 loading class javax/net/ssl/SSLPeerUnverifiedException
Event: 46.734 loading class javax/net/ssl/SSLPeerUnverifiedException done
Event: 46.734 loading class java/security/cert/CertificateParsingException
Event: 46.762 loading class java/security/cert/CertificateException
Event: 46.788 loading class java/security/cert/CertificateException done
Event: 46.788 loading class java/security/cert/CertificateParsingException done
Event: 47.506 loading class java/util/Collections$SingletonMap
Event: 47.523 loading class java/util/Collections$SingletonMap done
Event: 47.526 Thread 0x000001eaa2cc8bd0 Thread added: 0x000001eaa2cc8bd0
Event: 52.739 loading class java/io/DeleteOnExitHook
Event: 52.891 loading class java/io/DeleteOnExitHook done
Event: 52.891 loading class java/io/DeleteOnExitHook$1
Event: 52.891 loading class java/io/DeleteOnExitHook$1 done


Dynamic libraries:
0x00007ff6953c0000 - 0x00007ff6953ca000 	C:\Program Files\Android\Android Studio1\jbr\bin\java.exe
0x00007fff887b0000 - 0x00007fff889a8000 	C:\WINDOWS\SYSTEM32\ntdll.dll
0x00007fff87580000 - 0x00007fff8763d000 	C:\WINDOWS\System32\KERNEL32.DLL
0x00007fff863c0000 - 0x00007fff866b6000 	C:\WINDOWS\System32\KERNELBASE.dll
0x00007fff862c0000 - 0x00007fff863c0000 	C:\WINDOWS\System32\ucrtbase.dll
0x00007fff69da0000 - 0x00007fff69db7000 	C:\Program Files\Android\Android Studio1\jbr\bin\jli.dll
0x00007fff69c70000 - 0x00007fff69c8b000 	C:\Program Files\Android\Android Studio1\jbr\bin\VCRUNTIME140.dll
0x00007fff86ab0000 - 0x00007fff86c4e000 	C:\WINDOWS\System32\USER32.dll
0x00007fff85e60000 - 0x00007fff85e82000 	C:\WINDOWS\System32\win32u.dll
0x00007fff87970000 - 0x00007fff8799b000 	C:\WINDOWS\System32\GDI32.dll
0x00007fff72140000 - 0x00007fff723da000 	C:\WINDOWS\WinSxS\amd64_microsoft.windows.common-controls_6595b64144ccf1df_6.0.19041.3636_none_60b6a03d71f818d5\COMCTL32.dll
0x00007fff85f80000 - 0x00007fff86097000 	C:\WINDOWS\System32\gdi32full.dll
0x00007fff877a0000 - 0x00007fff8783e000 	C:\WINDOWS\System32\msvcrt.dll
0x00007fff85e90000 - 0x00007fff85f2d000 	C:\WINDOWS\System32\msvcp_win.dll
0x00007fff87930000 - 0x00007fff87962000 	C:\WINDOWS\System32\IMM32.DLL
0x00007fff6cca0000 - 0x00007fff6ccac000 	C:\Program Files\Android\Android Studio1\jbr\bin\vcruntime140_1.dll
0x00007fff4d180000 - 0x00007fff4d20d000 	C:\Program Files\Android\Android Studio1\jbr\bin\msvcp140.dll
0x00007fff1f250000 - 0x00007fff1fed0000 	C:\Program Files\Android\Android Studio1\jbr\bin\server\jvm.dll
0x00007fff87420000 - 0x00007fff874d0000 	C:\WINDOWS\System32\ADVAPI32.dll
0x00007fff87ad0000 - 0x00007fff87b70000 	C:\WINDOWS\System32\sechost.dll
0x00007fff88590000 - 0x00007fff886b5000 	C:\WINDOWS\System32\RPCRT4.dll
0x00007fff86290000 - 0x00007fff862b7000 	C:\WINDOWS\System32\bcrypt.dll
0x00007fff7dfe0000 - 0x00007fff7dfea000 	C:\WINDOWS\SYSTEM32\VERSION.dll
0x00007fff7f460000 - 0x00007fff7f469000 	C:\WINDOWS\SYSTEM32\WSOCK32.dll
0x00007fff87650000 - 0x00007fff876bb000 	C:\WINDOWS\System32\WS2_32.dll
0x00007fff7c460000 - 0x00007fff7c487000 	C:\WINDOWS\SYSTEM32\WINMM.dll
0x00007fff84690000 - 0x00007fff846a2000 	C:\WINDOWS\SYSTEM32\kernel.appcore.dll
0x00007fff81820000 - 0x00007fff8182a000 	C:\Program Files\Android\Android Studio1\jbr\bin\jimage.dll
0x00007fff83ca0000 - 0x00007fff83e84000 	C:\WINDOWS\SYSTEM32\DBGHELP.DLL
0x00007fff7bf00000 - 0x00007fff7bf34000 	C:\WINDOWS\SYSTEM32\dbgcore.DLL
0x00007fff86200000 - 0x00007fff86282000 	C:\WINDOWS\System32\bcryptPrimitives.dll
0x00007fff74e10000 - 0x00007fff74e1e000 	C:\Program Files\Android\Android Studio1\jbr\bin\instrument.dll
0x00007fff69ee0000 - 0x00007fff69f05000 	C:\Program Files\Android\Android Studio1\jbr\bin\java.dll
0x00007fff7bf90000 - 0x00007fff7bfa8000 	C:\Program Files\Android\Android Studio1\jbr\bin\zip.dll
0x00007fff87d60000 - 0x00007fff884cb000 	C:\WINDOWS\System32\SHELL32.dll
0x00007fff83e90000 - 0x00007fff8462e000 	C:\WINDOWS\SYSTEM32\windows.storage.dll
0x00007fff86c50000 - 0x00007fff86fa3000 	C:\WINDOWS\System32\combase.dll
0x00007fff857c0000 - 0x00007fff857ee000 	C:\WINDOWS\SYSTEM32\Wldp.dll
0x00007fff87860000 - 0x00007fff8792d000 	C:\WINDOWS\System32\OLEAUT32.dll
0x00007fff87cb0000 - 0x00007fff87d5d000 	C:\WINDOWS\System32\SHCORE.dll
0x00007fff88530000 - 0x00007fff88585000 	C:\WINDOWS\System32\shlwapi.dll
0x00007fff85d90000 - 0x00007fff85db5000 	C:\WINDOWS\SYSTEM32\profapi.dll
0x00007fff69e70000 - 0x00007fff69e89000 	C:\Program Files\Android\Android Studio1\jbr\bin\net.dll
0x00007fff7e8e0000 - 0x00007fff7e9ea000 	C:\WINDOWS\SYSTEM32\WINHTTP.dll
0x00007fff854d0000 - 0x00007fff8553a000 	C:\WINDOWS\system32\mswsock.dll
0x00007fff69dd0000 - 0x00007fff69de6000 	C:\Program Files\Android\Android Studio1\jbr\bin\nio.dll
0x00007fff81270000 - 0x00007fff81280000 	C:\Program Files\Android\Android Studio1\jbr\bin\verify.dll
0x00007fff69ab0000 - 0x00007fff69ad7000 	C:\Users\ADMIN\.gradle\native\68d5fa5c4cc2d200863cafc0d521ce42e7d3e7ee720ec0a83991735586a16f82\windows-amd64\native-platform.dll
0x00007fff38180000 - 0x00007fff382c4000 	C:\Users\ADMIN\.gradle\native\e376f236ea51e6404a007f0833ffe2c6e607c4080706a723a18a27aeea778392\windows-amd64\native-platform-file-events.dll
0x00007fff7f5f0000 - 0x00007fff7f5f9000 	C:\Program Files\Android\Android Studio1\jbr\bin\management.dll
0x00007fff7f330000 - 0x00007fff7f33b000 	C:\Program Files\Android\Android Studio1\jbr\bin\management_ext.dll
0x00007fff87640000 - 0x00007fff87648000 	C:\WINDOWS\System32\PSAPI.DLL
0x00007fff85700000 - 0x00007fff85718000 	C:\WINDOWS\SYSTEM32\CRYPTSP.dll
0x00007fff84e10000 - 0x00007fff84e44000 	C:\WINDOWS\system32\rsaenh.dll
0x00007fff85d50000 - 0x00007fff85d7e000 	C:\WINDOWS\SYSTEM32\USERENV.dll
0x00007fff856f0000 - 0x00007fff856fc000 	C:\WINDOWS\SYSTEM32\CRYPTBASE.dll
0x00007fff851e0000 - 0x00007fff8521b000 	C:\WINDOWS\SYSTEM32\IPHLPAPI.DLL
0x00007fff87840000 - 0x00007fff87848000 	C:\WINDOWS\System32\NSI.dll
0x00007fff80360000 - 0x00007fff80377000 	C:\WINDOWS\SYSTEM32\dhcpcsvc6.DLL
0x00007fff80340000 - 0x00007fff8035d000 	C:\WINDOWS\SYSTEM32\dhcpcsvc.DLL
0x00007fff85220000 - 0x00007fff852eb000 	C:\WINDOWS\SYSTEM32\DNSAPI.dll
0x00007fff81310000 - 0x00007fff81317000 	C:\WINDOWS\system32\wshunix.dll

dbghelp: loaded successfully - version: 4.0.5 - missing functions: none
symbol engine: initialized successfully - sym options: 0x614 - pdb path: .;C:\Program Files\Android\Android Studio1\jbr\bin;C:\WINDOWS\SYSTEM32;C:\WINDOWS\WinSxS\amd64_microsoft.windows.common-controls_6595b64144ccf1df_6.0.19041.3636_none_60b6a03d71f818d5;C:\Program Files\Android\Android Studio1\jbr\bin\server;C:\Users\ADMIN\.gradle\native\68d5fa5c4cc2d200863cafc0d521ce42e7d3e7ee720ec0a83991735586a16f82\windows-amd64;C:\Users\ADMIN\.gradle\native\e376f236ea51e6404a007f0833ffe2c6e607c4080706a723a18a27aeea778392\windows-amd64

VM Arguments:
jvm_args: --add-opens=java.base/java.util=ALL-UNNAMED --add-opens=java.base/java.lang=ALL-UNNAMED --add-opens=java.base/java.lang.invoke=ALL-UNNAMED --add-opens=java.prefs/java.util.prefs=ALL-UNNAMED --add-opens=java.base/java.nio.charset=ALL-UNNAMED --add-opens=java.base/java.net=ALL-UNNAMED --add-opens=java.base/java.util.concurrent.atomic=ALL-UNNAMED -Xmx2048m -Dfile.encoding=UTF-8 -Duser.country=GB -Duser.language=en -Duser.variant -javaagent:C:\Users\ADMIN\.gradle\wrapper\dists\gradle-8.2-bin\bbg7u40eoinfdyxsxr3z4i7ta\gradle-8.2\lib\agents\gradle-instrumentation-agent-8.2.jar 
java_command: org.gradle.launcher.daemon.bootstrap.GradleDaemon 8.2
java_class_path (initial): C:\Users\ADMIN\.gradle\wrapper\dists\gradle-8.2-bin\bbg7u40eoinfdyxsxr3z4i7ta\gradle-8.2\lib\gradle-launcher-8.2.jar
Launcher Type: SUN_STANDARD

[Global flags]
     intx CICompilerCount                          = 3                                         {product} {ergonomic}
     uint ConcGCThreads                            = 1                                         {product} {ergonomic}
     uint G1ConcRefinementThreads                  = 4                                         {product} {ergonomic}
   size_t G1HeapRegionSize                         = 1048576                                   {product} {ergonomic}
    uintx GCDrainStackTargetSize                   = 64                                        {product} {ergonomic}
   size_t InitialHeapSize                          = 58720256                                  {product} {ergonomic}
   size_t MarkStackSize                            = 4194304                                   {product} {ergonomic}
   size_t MaxHeapSize                              = 2147483648                                {product} {command line}
   size_t MaxNewSize                               = 1287651328                                {product} {ergonomic}
   size_t MinHeapDeltaBytes                        = 1048576                                   {product} {ergonomic}
   size_t MinHeapSize                              = 8388608                                   {product} {ergonomic}
    uintx NonNMethodCodeHeapSize                   = 5832780                                {pd product} {ergonomic}
    uintx NonProfiledCodeHeapSize                  = 122912730                              {pd product} {ergonomic}
    uintx ProfiledCodeHeapSize                     = 122912730                              {pd product} {ergonomic}
    uintx ReservedCodeCacheSize                    = 251658240                              {pd product} {ergonomic}
     bool SegmentedCodeCache                       = true                                      {product} {ergonomic}
   size_t SoftMaxHeapSize                          = 2147483648                             {manageable} {ergonomic}
     bool UseCompressedClassPointers               = true                           {product lp64_product} {ergonomic}
     bool UseCompressedOops                        = true                           {product lp64_product} {ergonomic}
     bool UseG1GC                                  = true                                      {product} {ergonomic}
     bool UseLargePagesIndividualAllocation        = false                                  {pd product} {ergonomic}

Logging:
Log output configuration:
 #0: stdout all=warning uptime,level,tags
 #1: stderr all=off uptime,level,tags

Environment Variables:
JAVA_HOME=C:\Program Files\Java\jdk1.8.0_231;
CLASSPATH=2.1.0;C:\lucene-2.1.0\build\classes\java; .
PATH=C:\Program Files\Common Files\Oracle\Java\javapath;";C:\Program Files\Java\bin";C:\Program Files\Git\cmd;C:\ProgramData\chocolatey\bin;C:\php;C:\composer;C:\Program Files\Java\jdk1.8.0_231\bin;C:\Users\ADMIN\AppData\Local\GitHubDesktop\bin;C:\Users\ADMIN\AppData\Local\Programs\Microsoft VS Code\bin;C:\ProgramData\chocolatey\lib\mingw\tools\install\mingw64\bin;C:\Users\ADMIN\AppData\Roaming\Composer\vendor\bin;C:\Users\ADMIN\AppData\Roaming\Python\Python310\Scripts;
USERNAME=ADMIN
OS=Windows_NT
PROCESSOR_IDENTIFIER=AMD64 Family 23 Model 17 Stepping 0, AuthenticAMD
TMP=C:\Users\ADMIN\AppData\Local\Temp
TEMP=C:\Users\ADMIN\AppData\Local\Temp


JNI global refs:
JNI global refs: 25, weak refs: 0

JNI global refs memory usage: 843, weak refs: 209

OOME stack traces (most recent first):
Classloader memory used:
Loader org.gradle.internal.classloader.VisitableURLClassLoader                         : 3239K
Loader bootstrap                                                                       : 2393K
Loader org.gradle.initialization.MixInLegacyTypesClassLoader                           : 876K
Loader jdk.internal.loader.ClassLoaders$PlatformClassLoader                            : 66777B
Loader jdk.internal.loader.ClassLoaders$AppClassLoader                                 : 28352B
Loader jdk.internal.reflect.DelegatingClassLoader                                      : 8612B
Loader org.gradle.internal.classloader.VisitableURLClassLoader$InstrumentingVisitableURLClassLoader: 3162B
Loader org.gradle.groovy.scripts.internal.DefaultScriptCompilationHandler$ScriptClassLoader: 1712B
Loader org.codehaus.groovy.runtime.callsite.CallSiteClassLoader                        : 356B

Classes loaded by more than one classloader:
Class Program                                                                         : loaded 3 times (x 70B)
Class org.gradle.internal.classpath.ClassPath                                         : loaded 2 times (x 68B)
Class org.gradle.api.internal.classpath.DefaultModuleRegistry                         : loaded 2 times (x 84B)
Class Settings_gradle$1$1                                                             : loaded 2 times (x 72B)
Class org.gradle.api.Action                                                           : loaded 2 times (x 68B)
Class org.gradle.api.internal.DefaultClassPathProvider                                : loaded 2 times (x 74B)
Class org.gradle.internal.installation.GradleInstallation$1                           : loaded 2 times (x 73B)
Class org.gradle.internal.classloader.FilteringClassLoader                            : loaded 2 times (x 102B)
Class org.gradle.internal.classpath.DefaultClassPath$ImmutableUniqueList$Builder      : loaded 2 times (x 73B)
Class org.gradle.internal.classloader.ClassLoaderVisitor                              : loaded 2 times (x 74B)
Class org.gradle.internal.service.DefaultServiceLocator                               : loaded 2 times (x 81B)
Class org.gradle.internal.service.UnknownServiceException                             : loaded 2 times (x 81B)
Class org.gradle.internal.classloader.DefaultClassLoaderFactory                       : loaded 2 times (x 80B)
Class org.gradle.internal.classloader.VisitableURLClassLoader$Spec                    : loaded 2 times (x 72B)
Class org.gradle.api.GradleException                                                  : loaded 2 times (x 80B)
Class org.gradle.api.internal.classpath.ModuleRegistry                                : loaded 2 times (x 68B)
Class org.gradle.api.internal.ClassPathProvider                                       : loaded 2 times (x 68B)
Class org.gradle.internal.classloader.ClasspathUtil$1                                 : loaded 2 times (x 74B)
Class org.gradle.internal.classloader.ClassLoaderFactory                              : loaded 2 times (x 68B)
Class org.gradle.api.internal.classpath.ManifestUtil                                  : loaded 2 times (x 69B)
Class org.gradle.api.specs.Spec                                                       : loaded 2 times (x 68B)
Class org.gradle.internal.IoActions                                                   : loaded 2 times (x 69B)
Class org.gradle.api.internal.classpath.EffectiveClassPath                            : loaded 2 times (x 88B)
Class org.gradle.internal.installation.CurrentGradleInstallation                      : loaded 2 times (x 71B)
Class org.gradle.internal.agents.InstrumentingClassLoader                             : loaded 2 times (x 68B)
Class org.gradle.internal.installation.CurrentGradleInstallationLocator               : loaded 2 times (x 69B)
Class org.gradle.api.internal.classpath.Module                                        : loaded 2 times (x 68B)
Class org.gradle.internal.service.CachingServiceLocator                               : loaded 2 times (x 80B)
Class org.gradle.internal.classpath.DefaultClassPath                                  : loaded 2 times (x 88B)
Class org.gradle.internal.classloader.SystemClassLoaderSpec                           : loaded 2 times (x 69B)
Class org.gradle.api.UncheckedIOException                                             : loaded 2 times (x 80B)
Class org.gradle.internal.installation.GradleInstallation                             : loaded 2 times (x 73B)
Class org.gradle.internal.classloader.ClasspathUtil                                   : loaded 2 times (x 69B)
Class org.gradle.api.internal.DefaultClassPathRegistry                                : loaded 2 times (x 74B)
Class org.gradle.api.internal.classpath.DefaultModuleRegistry$DefaultModule           : loaded 2 times (x 84B)
Class org.gradle.api.internal.classpath.UnknownModuleException                        : loaded 2 times (x 80B)
Class org.gradle.internal.service.ServiceLookupException                              : loaded 2 times (x 80B)
Class org.gradle.cache.GlobalCache                                                    : loaded 2 times (x 68B)
Class [Lorg.gradle.api.internal.ClassPathProvider;                                    : loaded 2 times (x 67B)
Class org.gradle.util.internal.GUtil                                                  : loaded 2 times (x 69B)
Class org.gradle.internal.classloader.ClassLoaderSpec                                 : loaded 2 times (x 69B)
Class org.gradle.internal.classloader.VisitableURLClassLoader                         : loaded 2 times (x 114B)
Class org.gradle.internal.Cast                                                        : loaded 2 times (x 69B)
Class org.gradle.api.internal.ClassPathRegistry                                       : loaded 2 times (x 68B)
Class org.gradle.internal.classloader.VisitableURLClassLoader$InstrumentingVisitableURLClassLoader: loaded 2 times (x 120B)
Class org.gradle.internal.classloader.ClassLoaderHierarchy                            : loaded 2 times (x 68B)
Class org.gradle.internal.InternalTransformer                                         : loaded 2 times (x 68B)
Class org.gradle.internal.service.ServiceLocator                                      : loaded 2 times (x 68B)
Class Settings_gradle$1                                                               : loaded 2 times (x 72B)
Class org.gradle.internal.classpath.DefaultClassPath$ImmutableUniqueList              : loaded 2 times (x 159B)
Class org.gradle.internal.classpath.TransformedClassPath                              : loaded 2 times (x 94B)
Class Settings_gradle                                                                 : loaded 2 times (x 126B)


---------------  S Y S T E M  ---------------

OS:
 Windows 10 , 64 bit Build 19041 (10.0.19041.3636)
OS uptime: 20 days 22:32 hours
Hyper-V role detected

CPU: total 4 (initial active 4) (4 cores per cpu, 2 threads per core) family 23 model 17 stepping 0 microcode 0x0, cx8, cmov, fxsr, ht, mmx, 3dnowpref, sse, sse2, sse3, ssse3, sse4a, sse4.1, sse4.2, popcnt, lzcnt, tsc, tscinvbit, avx, avx2, aes, clmul, bmi1, bmi2, adx, sha, fma, vzeroupper, clflush, clflushopt, hv

Memory: 4k page, system-wide physical 3539M (56M free)
TotalPageFile size 14291M (AvailPageFile size 7M)
current process WorkingSet (physical memory assigned to process): 148M, peak: 176M
current process commit charge ("private bytes"): 244M, peak: 258M

vm_info: OpenJDK 64-Bit Server VM (17.0.7+0-b2043.56-10550314) for windows-amd64 JRE (17.0.7+0-b2043.56-10550314), built on Jul 24 2023 18:27:45 by "androidbuild" with MS VC++ 16.10 / 16.11 (VS2019)

END.
