#
# There is insufficient memory for the Java Runtime Environment to continue.
# Native memory allocation (mmap) failed to map 65536 bytes for Failed to commit metaspace.
# Possible reasons:
#   The system is out of physical RAM or swap space
#   The process is running with CompressedOops enabled, and the Java Heap may be blocking the growth of the native heap
# Possible solutions:
#   Reduce memory load on the system
#   Increase physical memory or swap space
#   Check if swap backing store is full
#   Decrease Java heap size (-Xmx/-Xms)
#   Decrease number of Java threads
#   Decrease Java thread stack sizes (-Xss)
#   Set larger code cache with -XX:ReservedCodeCacheSize=
#   JVM is running with Unscaled Compressed Oops mode in which the Java heap is
#     placed in the first 4GB address space. The Java Heap base address is the
#     maximum limit for the native heap growth. Please use -XX:HeapBaseMinAddress
#     to set the Java Heap base and to place the Java Heap above 4GB virtual address.
# This output file may be truncated or incomplete.
#
#  Out of Memory Error (virtualSpaceNode.cpp:110), pid=1456, tid=20324
#
# JRE version: OpenJDK Runtime Environment (17.0.7) (build 17.0.7+0-b2043.56-10550314)
# Java VM: OpenJDK 64-Bit Server VM (17.0.7+0-b2043.56-10550314, mixed mode, tiered, compressed oops, compressed class ptrs, g1 gc, windows-amd64)
# No core dump will be written. Minidumps are not enabled by default on client versions of Windows
#

---------------  S U M M A R Y ------------

Command Line: --add-opens=java.base/java.util=ALL-UNNAMED --add-opens=java.base/java.lang=ALL-UNNAMED --add-opens=java.base/java.lang.invoke=ALL-UNNAMED --add-opens=java.prefs/java.util.prefs=ALL-UNNAMED --add-opens=java.base/java.nio.charset=ALL-UNNAMED --add-opens=java.base/java.net=ALL-UNNAMED --add-opens=java.base/java.util.concurrent.atomic=ALL-UNNAMED -Xmx2048m -Dfile.encoding=UTF-8 -Duser.country=GB -Duser.language=en -Duser.variant -javaagent:C:\Users\ADMIN\.gradle\wrapper\dists\gradle-8.2-bin\bbg7u40eoinfdyxsxr3z4i7ta\gradle-8.2\lib\agents\gradle-instrumentation-agent-8.2.jar org.gradle.launcher.daemon.bootstrap.GradleDaemon 8.2

Host: AMD Ryzen 3 2200U with Radeon Vega Mobile Gfx  , 4 cores, 3G,  Windows 10 , 64 bit Build 19041 (10.0.19041.3636)
Time: Sun Apr  7 23:23:24 2024 GMT Summer Time elapsed time: 91.833107 seconds (0d 0h 1m 31s)

---------------  T H R E A D  ---------------

Current thread (0x0000029a3f833540):  JavaThread "Daemon worker" [_thread_in_vm, id=20324, stack(0x000000e62e700000,0x000000e62e800000)]

Stack: [0x000000e62e700000,0x000000e62e800000]
Native frames: (J=compiled Java code, j=interpreted, Vv=VM code, C=native code)
V  [jvm.dll+0x683bfa]
V  [jvm.dll+0x8430a4]
V  [jvm.dll+0x8449be]
V  [jvm.dll+0x845023]
V  [jvm.dll+0x24ad2f]
V  [jvm.dll+0x83e45b]
V  [jvm.dll+0x6281e6]
V  [jvm.dll+0x1c29ee]
V  [jvm.dll+0x62ab31]
V  [jvm.dll+0x628b86]
V  [jvm.dll+0x240030]
V  [jvm.dll+0x1ef45d]
V  [jvm.dll+0x1e4e1c]
V  [jvm.dll+0x54a1dd]
V  [jvm.dll+0x7bd775]
V  [jvm.dll+0x7bd88e]
V  [jvm.dll+0x413a8a]
V  [jvm.dll+0x419c09]
C  [java.dll+0x17ec]

Java frames: (J=compiled Java code, j=interpreted, Vv=VM code)
J 811  java.lang.ClassLoader.defineClass1(Ljava/lang/ClassLoader;Ljava/lang/String;[BIILjava/security/ProtectionDomain;Ljava/lang/String;)Ljava/lang/Class; java.base@17.0.7 (0 bytes) @ 0x0000029a2b0e345b [0x0000029a2b0e33a0+0x00000000000000bb]
J 4083 c2 java.lang.ClassLoader.defineClass(Ljava/lang/String;[BIILjava/security/ProtectionDomain;)Ljava/lang/Class; java.base@17.0.7 (43 bytes) @ 0x0000029a2b2b8ef0 [0x0000029a2b2b8a00+0x00000000000004f0]
J 1007 c1 java.security.SecureClassLoader.defineClass(Ljava/lang/String;[BIILjava/security/CodeSource;)Ljava/lang/Class; java.base@17.0.7 (16 bytes) @ 0x0000029a2379da8c [0x0000029a2379d9c0+0x00000000000000cc]
J 3708 c1 java.net.URLClassLoader.defineClass(Ljava/lang/String;Ljdk/internal/loader/Resource;)Ljava/lang/Class; java.base@17.0.7 (224 bytes) @ 0x0000029a23d16fc4 [0x0000029a23d159a0+0x0000000000001624]
J 4177 c1 java.net.URLClassLoader$1.run()Ljava/lang/Class; java.base@17.0.7 (81 bytes) @ 0x0000029a23e13c04 [0x0000029a23e12fc0+0x0000000000000c44]
J 804 c1 java.net.URLClassLoader$1.run()Ljava/lang/Object; java.base@17.0.7 (5 bytes) @ 0x0000029a2370d244 [0x0000029a2370d1c0+0x0000000000000084]
J 2235 c2 java.security.AccessController.doPrivileged(Ljava/security/PrivilegedExceptionAction;Ljava/security/AccessControlContext;)Ljava/lang/Object; java.base@17.0.7 (26 bytes) @ 0x0000029a2b1aff98 [0x0000029a2b1aff40+0x0000000000000058]
J 2996 c1 java.net.URLClassLoader.findClass(Ljava/lang/String;)Ljava/lang/Class; java.base@17.0.7 (47 bytes) @ 0x0000029a23bd4a34 [0x0000029a23bd48a0+0x0000000000000194]
J 3023 c1 java.lang.ClassLoader.loadClass(Ljava/lang/String;Z)Ljava/lang/Class; java.base@17.0.7 (121 bytes) @ 0x0000029a23be1adc [0x0000029a23be1540+0x000000000000059c]
J 3347 c2 java.lang.ClassLoader.loadClass(Ljava/lang/String;)Ljava/lang/Class; java.base@17.0.7 (7 bytes) @ 0x0000029a2b2408c0 [0x0000029a2b240880+0x0000000000000040]
v  ~StubRoutines::call_stub
j  org.gradle.internal.work.DefaultWorkerLeaseService$4.get()Ljava/lang/Boolean;+4
j  org.gradle.internal.work.DefaultWorkerLeaseService$4.get()Ljava/lang/Object;+1
j  org.gradle.internal.resources.DefaultResourceLockCoordinationService$2.transform(Lorg/gradle/internal/resources/ResourceLockState;)Lorg/gradle/internal/resources/ResourceLockState$Disposition;+8
j  org.gradle.internal.resources.DefaultResourceLockCoordinationService$2.transform(Ljava/lang/Object;)Ljava/lang/Object;+5
j  org.gradle.internal.resources.DefaultResourceLockCoordinationService.withStateLock(Lorg/gradle/internal/InternalTransformer;)Z+25
j  org.gradle.internal.resources.DefaultResourceLockCoordinationService.withStateLock(Lcom/google/common/base/Supplier;)Ljava/lang/Object;+15
j  org.gradle.internal.work.DefaultWorkerLeaseService.allLockedByCurrentThread(Ljava/lang/Iterable;)Z+13
j  org.gradle.internal.work.DefaultWorkerLeaseService.assertAllLocked(Ljava/util/Collection;)V+2
j  org.gradle.internal.work.DefaultWorkerLeaseService.withReplacedLocks(Ljava/util/Collection;Lorg/gradle/internal/resources/ResourceLock;Lorg/gradle/internal/Factory;)Ljava/lang/Object;+25
j  org.gradle.api.internal.project.DefaultProjectStateRegistry$ProjectStateImpl.fromMutableState(Ljava/util/function/Function;)Ljava/lang/Object;+132
j  org.gradle.api.internal.project.DefaultProjectStateRegistry$ProjectStateImpl.applyToMutableState(Ljava/util/function/Consumer;)V+7
j  org.gradle.configuration.project.LifecycleProjectEvaluator$EvaluateProject.run(Lorg/gradle/internal/operations/BuildOperationContext;)V+16
j  org.gradle.internal.operations.DefaultBuildOperationRunner$1.execute(Lorg/gradle/internal/operations/RunnableBuildOperation;Lorg/gradle/internal/operations/BuildOperationContext;)V+2
j  org.gradle.internal.operations.DefaultBuildOperationRunner$1.execute(Lorg/gradle/internal/operations/BuildOperation;Lorg/gradle/internal/operations/BuildOperationContext;)V+6
j  org.gradle.internal.operations.DefaultBuildOperationRunner$2.execute(Lorg/gradle/internal/operations/BuildOperationDescriptor;Lorg/gradle/internal/operations/BuildOperationState;Lorg/gradle/internal/operations/BuildOperationState;Lorg/gradle/internal/operations/DefaultBuildOperationRunner$ReadableBuildOperationContext;Lorg/gradle/internal/operations/DefaultBuildOperationRunner$BuildOperationExecutionListener;)Lorg/gradle/internal/operations/BuildOperation;+22
j  org.gradle.internal.operations.DefaultBuildOperationRunner$2.execute(Lorg/gradle/internal/operations/BuildOperationDescriptor;Lorg/gradle/internal/operations/BuildOperationState;Lorg/gradle/internal/operations/BuildOperationState;Lorg/gradle/internal/operations/DefaultBuildOperationRunner$ReadableBuildOperationContext;Lorg/gradle/internal/operations/DefaultBuildOperationRunner$BuildOperationExecutionListener;)Ljava/lang/Object;+8
j  org.gradle.internal.operations.DefaultBuildOperationRunner.execute(Lorg/gradle/internal/operations/BuildOperationDescriptor$Builder;Lorg/gradle/internal/operations/BuildOperationState;Lorg/gradle/internal/operations/DefaultBuildOperationRunner$BuildOperationExecution;)Ljava/lang/Object;+141
j  org.gradle.internal.operations.DefaultBuildOperationRunner.execute(Lorg/gradle/internal/operations/BuildOperation;Lorg/gradle/internal/operations/BuildOperationWorker;Lorg/gradle/internal/operations/BuildOperationState;)V+18
j  org.gradle.internal.operations.DefaultBuildOperationRunner.run(Lorg/gradle/internal/operations/RunnableBuildOperation;)V+9
j  org.gradle.internal.operations.DefaultBuildOperationExecutor.run(Lorg/gradle/internal/operations/RunnableBuildOperation;)V+5
j  org.gradle.configuration.project.LifecycleProjectEvaluator.evaluate(Lorg/gradle/api/internal/project/ProjectInternal;Lorg/gradle/api/internal/project/ProjectStateInternal;)V+42
j  org.gradle.api.internal.project.DefaultProject.evaluate()Lorg/gradle/api/internal/project/DefaultProject;+9
j  org.gradle.api.internal.project.DefaultProject.evaluate()Lorg/gradle/api/Project;+1
j  org.gradle.api.internal.project.ProjectLifecycleController.lambda$ensureSelfConfigured$2()V+4
j  org.gradle.api.internal.project.ProjectLifecycleController$$Lambda$673+0x000000010067dd10.run()V+4
j  org.gradle.internal.model.StateTransitionController.lambda$doTransition$14(Ljava/lang/Runnable;)Lorg/gradle/internal/build/ExecutionResult;+1
j  org.gradle.internal.model.StateTransitionController$$Lambda$268+0x00000001003ddd68.get()Ljava/lang/Object;+4
j  org.gradle.internal.model.StateTransitionController.doTransition(Lorg/gradle/internal/model/StateTransitionController$State;Lorg/gradle/internal/model/StateTransitionController$State;Ljava/util/function/Supplier;)Lorg/gradle/internal/build/ExecutionResult;+24
j  org.gradle.internal.model.StateTransitionController.doTransition(Lorg/gradle/internal/model/StateTransitionController$State;Lorg/gradle/internal/model/StateTransitionController$State;Ljava/lang/Runnable;)V+9
j  org.gradle.internal.model.StateTransitionController.lambda$maybeTransitionIfNotCurrentlyTransitioning$10(Lorg/gradle/internal/model/StateTransitionController$State;Lorg/gradle/internal/model/StateTransitionController$State;Ljava/lang/Runnable;)V+16
j  org.gradle.internal.model.StateTransitionController$$Lambda$674+0x000000010067df58.run()V+16
j  org.gradle.internal.work.DefaultSynchronizer.withLock(Ljava/lang/Runnable;)V+6
j  org.gradle.internal.model.StateTransitionController.maybeTransitionIfNotCurrentlyTransitioning(Lorg/gradle/internal/model/StateTransitionController$State;Lorg/gradle/internal/model/StateTransitionController$State;Ljava/lang/Runnable;)V+13
j  org.gradle.api.internal.project.ProjectLifecycleController.ensureSelfConfigured()V+16
j  org.gradle.api.internal.project.DefaultProjectStateRegistry$ProjectStateImpl.ensureConfigured()V+19
j  org.gradle.execution.TaskPathProjectEvaluator.configure(Lorg/gradle/api/internal/project/ProjectInternal;)V+6
j  org.gradle.execution.TaskPathProjectEvaluator.configureHierarchy(Lorg/gradle/api/internal/project/ProjectInternal;)V+2
j  org.gradle.configuration.DefaultProjectsPreparer.prepareProjects(Lorg/gradle/api/internal/GradleInternal;)V+29
j  org.gradle.configuration.BuildTreePreparingProjectsPreparer.prepareProjects(Lorg/gradle/api/internal/GradleInternal;)V+114
j  org.gradle.configuration.BuildOperationFiringProjectsPreparer$ConfigureBuild.run(Lorg/gradle/internal/operations/BuildOperationContext;)V+11
j  org.gradle.internal.operations.DefaultBuildOperationRunner$1.execute(Lorg/gradle/internal/operations/RunnableBuildOperation;Lorg/gradle/internal/operations/BuildOperationContext;)V+2
j  org.gradle.internal.operations.DefaultBuildOperationRunner$1.execute(Lorg/gradle/internal/operations/BuildOperation;Lorg/gradle/internal/operations/BuildOperationContext;)V+6
j  org.gradle.internal.operations.DefaultBuildOperationRunner$2.execute(Lorg/gradle/internal/operations/BuildOperationDescriptor;Lorg/gradle/internal/operations/BuildOperationState;Lorg/gradle/internal/operations/BuildOperationState;Lorg/gradle/internal/operations/DefaultBuildOperationRunner$ReadableBuildOperationContext;Lorg/gradle/internal/operations/DefaultBuildOperationRunner$BuildOperationExecutionListener;)Lorg/gradle/internal/operations/BuildOperation;+22
j  org.gradle.internal.operations.DefaultBuildOperationRunner$2.execute(Lorg/gradle/internal/operations/BuildOperationDescriptor;Lorg/gradle/internal/operations/BuildOperationState;Lorg/gradle/internal/operations/BuildOperationState;Lorg/gradle/internal/operations/DefaultBuildOperationRunner$ReadableBuildOperationContext;Lorg/gradle/internal/operations/DefaultBuildOperationRunner$BuildOperationExecutionListener;)Ljava/lang/Object;+8
j  org.gradle.internal.operations.DefaultBuildOperationRunner.execute(Lorg/gradle/internal/operations/BuildOperationDescriptor$Builder;Lorg/gradle/internal/operations/BuildOperationState;Lorg/gradle/internal/operations/DefaultBuildOperationRunner$BuildOperationExecution;)Ljava/lang/Object;+141
j  org.gradle.internal.operations.DefaultBuildOperationRunner.execute(Lorg/gradle/internal/operations/BuildOperation;Lorg/gradle/internal/operations/BuildOperationWorker;Lorg/gradle/internal/operations/BuildOperationState;)V+18
j  org.gradle.internal.operations.DefaultBuildOperationRunner.run(Lorg/gradle/internal/operations/RunnableBuildOperation;)V+9
j  org.gradle.internal.operations.DefaultBuildOperationExecutor.run(Lorg/gradle/internal/operations/RunnableBuildOperation;)V+5
j  org.gradle.configuration.BuildOperationFiringProjectsPreparer.prepareProjects(Lorg/gradle/api/internal/GradleInternal;)V+13
j  org.gradle.initialization.VintageBuildModelController.lambda$prepareProjects$2()V+8
j  org.gradle.initialization.VintageBuildModelController$$Lambda$659+0x0000000100661908.run()V+4
j  org.gradle.internal.model.StateTransitionController.lambda$doTransition$14(Ljava/lang/Runnable;)Lorg/gradle/internal/build/ExecutionResult;+1
j  org.gradle.internal.model.StateTransitionController$$Lambda$268+0x00000001003ddd68.get()Ljava/lang/Object;+4
j  org.gradle.internal.model.StateTransitionController.doTransition(Lorg/gradle/internal/model/StateTransitionController$State;Lorg/gradle/internal/model/StateTransitionController$State;Ljava/util/function/Supplier;)Lorg/gradle/internal/build/ExecutionResult;+24
j  org.gradle.internal.model.StateTransitionController.doTransition(Lorg/gradle/internal/model/StateTransitionController$State;Lorg/gradle/internal/model/StateTransitionController$State;Ljava/lang/Runnable;)V+9
j  org.gradle.internal.model.StateTransitionController.lambda$transitionIfNotPreviously$11(Lorg/gradle/internal/model/StateTransitionController$State;Lorg/gradle/internal/model/StateTransitionController$State;Ljava/lang/Runnable;)V+16
j  org.gradle.internal.model.StateTransitionController$$Lambda$270+0x00000001003de1f8.run()V+16
j  org.gradle.internal.work.DefaultSynchronizer.withLock(Ljava/lang/Runnable;)V+6
j  org.gradle.internal.model.StateTransitionController.transitionIfNotPreviously(Lorg/gradle/internal/model/StateTransitionController$State;Lorg/gradle/internal/model/StateTransitionController$State;Ljava/lang/Runnable;)V+13
j  org.gradle.initialization.VintageBuildModelController.prepareProjects()V+16
j  org.gradle.initialization.VintageBuildModelController.prepareToScheduleTasks()V+5
j  org.gradle.internal.build.DefaultBuildLifecycleController.lambda$prepareToScheduleTasks$6()V+9
j  org.gradle.internal.build.DefaultBuildLifecycleController$$Lambda$266+0x00000001003dd8d8.run()V+4
j  org.gradle.internal.model.StateTransitionController.lambda$doTransition$14(Ljava/lang/Runnable;)Lorg/gradle/internal/build/ExecutionResult;+1
j  org.gradle.internal.model.StateTransitionController$$Lambda$268+0x00000001003ddd68.get()Ljava/lang/Object;+4
j  org.gradle.internal.model.StateTransitionController.doTransition(Lorg/gradle/internal/model/StateTransitionController$State;Lorg/gradle/internal/model/StateTransitionController$State;Ljava/util/function/Supplier;)Lorg/gradle/internal/build/ExecutionResult;+24
j  org.gradle.internal.model.StateTransitionController.doTransition(Lorg/gradle/internal/model/StateTransitionController$State;Lorg/gradle/internal/model/StateTransitionController$State;Ljava/lang/Runnable;)V+9
j  org.gradle.internal.model.StateTransitionController.lambda$maybeTransition$9(Lorg/gradle/internal/model/StateTransitionController$State;Lorg/gradle/internal/model/StateTransitionController$State;Ljava/lang/Runnable;)V+16
j  org.gradle.internal.model.StateTransitionController$$Lambda$267+0x00000001003ddb20.run()V+16
j  org.gradle.internal.work.DefaultSynchronizer.withLock(Ljava/lang/Runnable;)V+6
j  org.gradle.internal.model.StateTransitionController.maybeTransition(Lorg/gradle/internal/model/StateTransitionController$State;Lorg/gradle/internal/model/StateTransitionController$State;Ljava/lang/Runnable;)V+13
j  org.gradle.internal.build.DefaultBuildLifecycleController.prepareToScheduleTasks()V+16
j  org.gradle.internal.buildtree.DefaultBuildTreeWorkPreparer.scheduleRequestedTasks(Lorg/gradle/internal/buildtree/BuildTreeWorkGraph;Lorg/gradle/execution/EntryTaskSelector;)Lorg/gradle/internal/buildtree/BuildTreeWorkGraph$FinalizedGraph;+4
j  org.gradle.configurationcache.VintageBuildTreeWorkController$scheduleAndRunRequestedTasks$1.apply(Lorg/gradle/internal/buildtree/BuildTreeWorkGraph;)Lorg/gradle/internal/build/ExecutionResult;+18
j  org.gradle.configurationcache.VintageBuildTreeWorkController$scheduleAndRunRequestedTasks$1.apply(Ljava/lang/Object;)Ljava/lang/Object;+5
j  org.gradle.composite.internal.DefaultIncludedBuildTaskGraph.withNewWorkGraph(Ljava/util/function/Function;)Ljava/lang/Object;+30
j  org.gradle.configurationcache.VintageBuildTreeWorkController.scheduleAndRunRequestedTasks(Lorg/gradle/execution/EntryTaskSelector;)Lorg/gradle/internal/build/ExecutionResult;+16
j  org.gradle.internal.buildtree.DefaultBuildTreeLifecycleController.lambda$scheduleAndRunTasks$1(Lorg/gradle/execution/EntryTaskSelector;)Lorg/gradle/internal/build/ExecutionResult;+5
j  org.gradle.internal.buildtree.DefaultBuildTreeLifecycleController$$Lambda$261+0x00000001003dc958.get()Ljava/lang/Object;+8
j  org.gradle.internal.buildtree.DefaultBuildTreeLifecycleController.lambda$runBuild$4(Ljava/util/function/Supplier;)Ljava/lang/Object;+1
j  org.gradle.internal.buildtree.DefaultBuildTreeLifecycleController$$Lambda$262+0x00000001003dcba0.get()Ljava/lang/Object;+8
j  org.gradle.internal.model.StateTransitionController.lambda$transition$6(Ljava/util/function/Supplier;)Lorg/gradle/internal/build/ExecutionResult;+1
j  org.gradle.internal.model.StateTransitionController$$Lambda$264+0x00000001003dd030.get()Ljava/lang/Object;+4
j  org.gradle.internal.model.StateTransitionController.doTransition(Lorg/gradle/internal/model/StateTransitionController$State;Lorg/gradle/internal/model/StateTransitionController$State;Ljava/util/function/Supplier;)Lorg/gradle/internal/build/ExecutionResult;+24
j  org.gradle.internal.model.StateTransitionController.lambda$transition$7(Lorg/gradle/internal/model/StateTransitionController$State;Lorg/gradle/internal/model/StateTransitionController$State;Ljava/util/function/Supplier;)Ljava/lang/Object;+9
j  org.gradle.internal.model.StateTransitionController$$Lambda$263+0x00000001003dcde8.create()Ljava/lang/Object;+16
j  org.gradle.internal.work.DefaultSynchronizer.withLock(Lorg/gradle/internal/Factory;)Ljava/lang/Object;+6
j  org.gradle.internal.model.StateTransitionController.transition(Lorg/gradle/internal/model/StateTransitionController$State;Lorg/gradle/internal/model/StateTransitionController$State;Ljava/util/function/Supplier;)Ljava/lang/Object;+13
j  org.gradle.internal.buildtree.DefaultBuildTreeLifecycleController.runBuild(Ljava/util/function/Supplier;)Ljava/lang/Object;+17
j  org.gradle.internal.buildtree.DefaultBuildTreeLifecycleController.scheduleAndRunTasks(Lorg/gradle/execution/EntryTaskSelector;)V+8
j  org.gradle.internal.buildtree.DefaultBuildTreeLifecycleController.scheduleAndRunTasks()V+2
j  org.gradle.tooling.internal.provider.runner.BuildModelActionRunner.run(Lorg/gradle/internal/invocation/BuildAction;Lorg/gradle/internal/buildtree/BuildTreeLifecycleController;)Lorg/gradle/internal/buildtree/BuildActionRunner$Result;+65
j  org.gradle.launcher.exec.ChainingBuildActionRunner.run(Lorg/gradle/internal/invocation/BuildAction;Lorg/gradle/internal/buildtree/BuildTreeLifecycleController;)Lorg/gradle/internal/buildtree/BuildActionRunner$Result;+34
j  org.gradle.internal.buildtree.ProblemReportingBuildActionRunner.run(Lorg/gradle/internal/invocation/BuildAction;Lorg/gradle/internal/buildtree/BuildTreeLifecycleController;)Lorg/gradle/internal/buildtree/BuildActionRunner$Result;+12
j  org.gradle.launcher.exec.BuildOutcomeReportingBuildActionRunner.run(Lorg/gradle/internal/invocation/BuildAction;Lorg/gradle/internal/buildtree/BuildTreeLifecycleController;)Lorg/gradle/internal/buildtree/BuildActionRunner$Result;+69
j  org.gradle.tooling.internal.provider.FileSystemWatchingBuildActionRunner.run(Lorg/gradle/internal/invocation/BuildAction;Lorg/gradle/internal/buildtree/BuildTreeLifecycleController;)Lorg/gradle/internal/buildtree/BuildActionRunner$Result;+335
j  org.gradle.launcher.exec.BuildCompletionNotifyingBuildActionRunner.run(Lorg/gradle/internal/invocation/BuildAction;Lorg/gradle/internal/buildtree/BuildTreeLifecycleController;)Lorg/gradle/internal/buildtree/BuildActionRunner$Result;+6
j  org.gradle.launcher.exec.RootBuildLifecycleBuildActionExecutor.lambda$execute$0(Lorg/gradle/internal/invocation/BuildAction;Lorg/gradle/internal/buildtree/BuildTreeLifecycleController;)Lorg/gradle/internal/buildtree/BuildActionRunner$Result;+6
j  org.gradle.launcher.exec.RootBuildLifecycleBuildActionExecutor$$Lambda$218+0x00000001003be940.apply(Ljava/lang/Object;)Ljava/lang/Object;+12
j  org.gradle.composite.internal.DefaultRootBuildState.run(Ljava/util/function/Function;)Ljava/lang/Object;+87
j  org.gradle.launcher.exec.RootBuildLifecycleBuildActionExecutor.execute(Lorg/gradle/internal/invocation/BuildAction;Lorg/gradle/internal/buildtree/BuildTreeContext;)Lorg/gradle/internal/buildtree/BuildActionRunner$Result;+28
j  org.gradle.internal.buildtree.InitDeprecationLoggingActionExecutor.execute(Lorg/gradle/internal/invocation/BuildAction;Lorg/gradle/internal/buildtree/BuildTreeContext;)Lorg/gradle/internal/buildtree/BuildActionRunner$Result;+79
j  org.gradle.internal.buildtree.DefaultBuildTreeContext.execute(Lorg/gradle/internal/invocation/BuildAction;)Lorg/gradle/internal/buildtree/BuildActionRunner$Result;+64
j  org.gradle.launcher.exec.BuildTreeLifecycleBuildActionExecutor.lambda$execute$0(Lorg/gradle/internal/invocation/BuildAction;Lorg/gradle/internal/buildtree/BuildTreeContext;)Lorg/gradle/internal/buildtree/BuildActionRunner$Result;+2
j  org.gradle.launcher.exec.BuildTreeLifecycleBuildActionExecutor$$Lambda$175+0x0000000100315088.apply(Ljava/lang/Object;)Ljava/lang/Object;+8
j  org.gradle.internal.buildtree.BuildTreeState.run(Ljava/util/function/Function;)Ljava/lang/Object;+5
j  org.gradle.launcher.exec.BuildTreeLifecycleBuildActionExecutor.execute(Lorg/gradle/internal/invocation/BuildAction;Lorg/gradle/internal/session/BuildSessionContext;)Lorg/gradle/internal/buildtree/BuildActionRunner$Result;+181
j  org.gradle.launcher.exec.RunAsBuildOperationBuildActionExecutor$3.call(Lorg/gradle/internal/operations/BuildOperationContext;)Lorg/gradle/internal/buildtree/BuildActionRunner$Result;+25
j  org.gradle.launcher.exec.RunAsBuildOperationBuildActionExecutor$3.call(Lorg/gradle/internal/operations/BuildOperationContext;)Ljava/lang/Object;+2
j  org.gradle.internal.operations.DefaultBuildOperationRunner$CallableBuildOperationWorker.execute(Lorg/gradle/internal/operations/CallableBuildOperation;Lorg/gradle/internal/operations/BuildOperationContext;)V+3
j  org.gradle.internal.operations.DefaultBuildOperationRunner$CallableBuildOperationWorker.execute(Lorg/gradle/internal/operations/BuildOperation;Lorg/gradle/internal/operations/BuildOperationContext;)V+6
j  org.gradle.internal.operations.DefaultBuildOperationRunner$2.execute(Lorg/gradle/internal/operations/BuildOperationDescriptor;Lorg/gradle/internal/operations/BuildOperationState;Lorg/gradle/internal/operations/BuildOperationState;Lorg/gradle/internal/operations/DefaultBuildOperationRunner$ReadableBuildOperationContext;Lorg/gradle/internal/operations/DefaultBuildOperationRunner$BuildOperationExecutionListener;)Lorg/gradle/internal/operations/BuildOperation;+22
j  org.gradle.internal.operations.DefaultBuildOperationRunner$2.execute(Lorg/gradle/internal/operations/BuildOperationDescriptor;Lorg/gradle/internal/operations/BuildOperationState;Lorg/gradle/internal/operations/BuildOperationState;Lorg/gradle/internal/operations/DefaultBuildOperationRunner$ReadableBuildOperationContext;Lorg/gradle/internal/operations/DefaultBuildOperationRunner$BuildOperationExecutionListener;)Ljava/lang/Object;+8
j  org.gradle.internal.operations.DefaultBuildOperationRunner.execute(Lorg/gradle/internal/operations/BuildOperationDescriptor$Builder;Lorg/gradle/internal/operations/BuildOperationState;Lorg/gradle/internal/operations/DefaultBuildOperationRunner$BuildOperationExecution;)Ljava/lang/Object;+141
j  org.gradle.internal.operations.DefaultBuildOperationRunner.execute(Lorg/gradle/internal/operations/BuildOperation;Lorg/gradle/internal/operations/BuildOperationWorker;Lorg/gradle/internal/operations/BuildOperationState;)V+18
j  org.gradle.internal.operations.DefaultBuildOperationRunner.call(Lorg/gradle/internal/operations/CallableBuildOperation;)Ljava/lang/Object;+16
j  org.gradle.internal.operations.DefaultBuildOperationExecutor.call(Lorg/gradle/internal/operations/CallableBuildOperation;)Ljava/lang/Object;+5
j  org.gradle.launcher.exec.RunAsBuildOperationBuildActionExecutor.execute(Lorg/gradle/internal/invocation/BuildAction;Lorg/gradle/internal/session/BuildSessionContext;)Lorg/gradle/internal/buildtree/BuildActionRunner$Result;+23
j  org.gradle.launcher.exec.RunAsWorkerThreadBuildActionExecutor.lambda$execute$0(Lorg/gradle/internal/invocation/BuildAction;Lorg/gradle/internal/session/BuildSessionContext;)Lorg/gradle/internal/buildtree/BuildActionRunner$Result;+6
j  org.gradle.launcher.exec.RunAsWorkerThreadBuildActionExecutor$$Lambda$172+0x00000001002f2d08.create()Ljava/lang/Object;+12
j  org.gradle.internal.work.DefaultWorkerLeaseService.withLocks(Ljava/util/Collection;Lorg/gradle/internal/Factory;)Ljava/lang/Object;+28
j  org.gradle.internal.work.DefaultWorkerLeaseService.runAsWorkerThread(Lorg/gradle/internal/Factory;)Ljava/lang/Object;+33
j  org.gradle.launcher.exec.RunAsWorkerThreadBuildActionExecutor.execute(Lorg/gradle/internal/invocation/BuildAction;Lorg/gradle/internal/session/BuildSessionContext;)Lorg/gradle/internal/buildtree/BuildActionRunner$Result;+12
j  org.gradle.tooling.internal.provider.continuous.ContinuousBuildActionExecutor.execute(Lorg/gradle/internal/invocation/BuildAction;Lorg/gradle/internal/session/BuildSessionContext;)Lorg/gradle/internal/buildtree/BuildActionRunner$Result;+58
j  org.gradle.tooling.internal.provider.SubscribableBuildActionExecutor.execute(Lorg/gradle/internal/invocation/BuildAction;Lorg/gradle/internal/session/BuildSessionContext;)Lorg/gradle/internal/buildtree/BuildActionRunner$Result;+30
j  org.gradle.internal.session.DefaultBuildSessionContext.execute(Lorg/gradle/internal/invocation/BuildAction;)Lorg/gradle/internal/buildtree/BuildActionRunner$Result;+64
j  org.gradle.tooling.internal.provider.BuildSessionLifecycleBuildActionExecuter$ActionImpl.apply(Lorg/gradle/internal/session/BuildSessionContext;)Lorg/gradle/launcher/exec/BuildActionResult;+6
j  org.gradle.tooling.internal.provider.BuildSessionLifecycleBuildActionExecuter$ActionImpl.apply(Ljava/lang/Object;)Ljava/lang/Object;+5
j  org.gradle.internal.session.BuildSessionState.run(Ljava/util/function/Function;)Ljava/lang/Object;+5
j  org.gradle.tooling.internal.provider.BuildSessionLifecycleBuildActionExecuter.execute(Lorg/gradle/internal/invocation/BuildAction;Lorg/gradle/launcher/exec/BuildActionParameters;Lorg/gradle/initialization/BuildRequestContext;)Lorg/gradle/launcher/exec/BuildActionResult;+95
j  org.gradle.tooling.internal.provider.BuildSessionLifecycleBuildActionExecuter.execute(Lorg/gradle/internal/invocation/BuildAction;Ljava/lang/Object;Ljava/lang/Object;)Lorg/gradle/launcher/exec/BuildActionResult;+10
j  org.gradle.tooling.internal.provider.StartParamsValidatingActionExecuter.execute(Lorg/gradle/internal/invocation/BuildAction;Lorg/gradle/launcher/exec/BuildActionParameters;Lorg/gradle/initialization/BuildRequestContext;)Lorg/gradle/launcher/exec/BuildActionResult;+203
j  org.gradle.tooling.internal.provider.StartParamsValidatingActionExecuter.execute(Lorg/gradle/internal/invocation/BuildAction;Ljava/lang/Object;Ljava/lang/Object;)Lorg/gradle/launcher/exec/BuildActionResult;+10
j  org.gradle.tooling.internal.provider.SessionFailureReportingActionExecuter.execute(Lorg/gradle/internal/invocation/BuildAction;Lorg/gradle/launcher/exec/BuildActionParameters;Lorg/gradle/initialization/BuildRequestContext;)Lorg/gradle/launcher/exec/BuildActionResult;+7
j  org.gradle.tooling.internal.provider.SessionFailureReportingActionExecuter.execute(Lorg/gradle/internal/invocation/BuildAction;Ljava/lang/Object;Ljava/lang/Object;)Lorg/gradle/launcher/exec/BuildActionResult;+10
j  org.gradle.tooling.internal.provider.SetupLoggingActionExecuter.execute(Lorg/gradle/internal/invocation/BuildAction;Lorg/gradle/launcher/exec/BuildActionParameters;Lorg/gradle/initialization/BuildRequestContext;)Lorg/gradle/launcher/exec/BuildActionResult;+50
j  org.gradle.tooling.internal.provider.SetupLoggingActionExecuter.execute(Lorg/gradle/internal/invocation/BuildAction;Ljava/lang/Object;Ljava/lang/Object;)Lorg/gradle/launcher/exec/BuildActionResult;+10
j  org.gradle.launcher.daemon.server.exec.ExecuteBuild.doBuild(Lorg/gradle/launcher/daemon/server/api/DaemonCommandExecution;Lorg/gradle/launcher/daemon/protocol/Build;)V+117
j  org.gradle.launcher.daemon.server.exec.BuildCommandOnly.execute(Lorg/gradle/launcher/daemon/server/api/DaemonCommandExecution;)V+49
j  org.gradle.launcher.daemon.server.api.DaemonCommandExecution.proceed()Z+23
j  org.gradle.launcher.daemon.server.exec.WatchForDisconnection.execute(Lorg/gradle/launcher/daemon/server/api/DaemonCommandExecution;)V+19
j  org.gradle.launcher.daemon.server.api.DaemonCommandExecution.proceed()Z+23
j  org.gradle.launcher.daemon.server.exec.ResetDeprecationLogger.execute(Lorg/gradle/launcher/daemon/server/api/DaemonCommandExecution;)V+7
j  org.gradle.launcher.daemon.server.api.DaemonCommandExecution.proceed()Z+23
j  org.gradle.launcher.daemon.server.exec.RequestStopIfSingleUsedDaemon.execute(Lorg/gradle/launcher/daemon/server/api/DaemonCommandExecution;)V+33
j  org.gradle.launcher.daemon.server.api.DaemonCommandExecution.proceed()Z+23
j  org.gradle.launcher.daemon.server.exec.ForwardClientInput$2.create()Ljava/lang/Void;+4
j  org.gradle.launcher.daemon.server.exec.ForwardClientInput$2.create()Ljava/lang/Object;+1
j  org.gradle.util.internal.Swapper.swap(Ljava/lang/Object;Lorg/gradle/internal/Factory;)Ljava/lang/Object;+21
j  org.gradle.launcher.daemon.server.exec.ForwardClientInput.execute(Lorg/gradle/launcher/daemon/server/api/DaemonCommandExecution;)V+63
j  org.gradle.launcher.daemon.server.api.DaemonCommandExecution.proceed()Z+23
j  org.gradle.launcher.daemon.server.exec.LogAndCheckHealth.execute(Lorg/gradle/launcher/daemon/server/api/DaemonCommandExecution;)V+51
j  org.gradle.launcher.daemon.server.api.DaemonCommandExecution.proceed()Z+23
j  org.gradle.launcher.daemon.server.exec.LogToClient.doBuild(Lorg/gradle/launcher/daemon/server/api/DaemonCommandExecution;Lorg/gradle/launcher/daemon/protocol/Build;)V+87
j  org.gradle.launcher.daemon.server.exec.BuildCommandOnly.execute(Lorg/gradle/launcher/daemon/server/api/DaemonCommandExecution;)V+49
j  org.gradle.launcher.daemon.server.api.DaemonCommandExecution.proceed()Z+23
j  org.gradle.launcher.daemon.server.exec.EstablishBuildEnvironment.doBuild(Lorg/gradle/launcher/daemon/server/api/DaemonCommandExecution;Lorg/gradle/launcher/daemon/protocol/Build;)V+356
j  org.gradle.launcher.daemon.server.exec.BuildCommandOnly.execute(Lorg/gradle/launcher/daemon/server/api/DaemonCommandExecution;)V+49
j  org.gradle.launcher.daemon.server.api.DaemonCommandExecution.proceed()Z+23
j  org.gradle.launcher.daemon.server.exec.StartBuildOrRespondWithBusy$1.run()V+44
j  org.gradle.launcher.daemon.server.DaemonStateCoordinator$1.run()V+4
j  org.gradle.internal.concurrent.ExecutorPolicy$CatchAndRecordFailures.onExecute(Ljava/lang/Runnable;)V+1
j  org.gradle.internal.concurrent.AbstractManagedExecutor$1.run()V+25
j  java.util.concurrent.ThreadPoolExecutor.runWorker(Ljava/util/concurrent/ThreadPoolExecutor$Worker;)V+92 java.base@17.0.7
j  java.util.concurrent.ThreadPoolExecutor$Worker.run()V+5 java.base@17.0.7
j  java.lang.Thread.run()V+11 java.base@17.0.7
v  ~StubRoutines::call_stub

---------------  P R O C E S S  ---------------

Threads class SMR info:
_java_thread_list=0x0000029a3ef7b790, length=38, elements={
0x0000029a200e18e0, 0x0000029a396811c0, 0x0000029a39681f40, 0x0000029a3968b050,
0x0000029a39929470, 0x0000029a3992bd40, 0x0000029a39930610, 0x0000029a39931200,
0x0000029a39931bb0, 0x0000029a39968590, 0x0000029a3960c840, 0x0000029a39b80a40,
0x0000029a3ed53580, 0x0000029a3fce2d80, 0x0000029a39b59e20, 0x0000029a3f5a95f0,
0x0000029a3e78dd90, 0x0000029a3f1db550, 0x0000029a3f833540, 0x0000029a3fcbd8e0,
0x0000029a3fcbf0f0, 0x0000029a3fcbddb0, 0x0000029a3fcbe280, 0x0000029a3fcbf5c0,
0x0000029a3fcbff60, 0x0000029a3fcc0dd0, 0x0000029a3fcc12a0, 0x0000029a3fcbe750,
0x0000029a3fcbec20, 0x0000029a3fcc0900, 0x0000029a40741e20, 0x0000029a40744970,
0x0000029a40747e60, 0x0000029a40745cb0, 0x0000029a40743160, 0x0000029a40743b00,
0x0000029a40746650, 0x0000029a40742c90
}

Java Threads: ( => current thread )
  0x0000029a200e18e0 JavaThread "main" [_thread_blocked, id=16592, stack(0x000000e62cb00000,0x000000e62cc00000)]
  0x0000029a396811c0 JavaThread "Reference Handler" daemon [_thread_blocked, id=23392, stack(0x000000e62d200000,0x000000e62d300000)]
  0x0000029a39681f40 JavaThread "Finalizer" daemon [_thread_blocked, id=21696, stack(0x000000e62d300000,0x000000e62d400000)]
  0x0000029a3968b050 JavaThread "Signal Dispatcher" daemon [_thread_blocked, id=21200, stack(0x000000e62d400000,0x000000e62d500000)]
  0x0000029a39929470 JavaThread "Attach Listener" daemon [_thread_blocked, id=18368, stack(0x000000e62d500000,0x000000e62d600000)]
  0x0000029a3992bd40 JavaThread "Service Thread" daemon [_thread_blocked, id=10524, stack(0x000000e62d600000,0x000000e62d700000)]
  0x0000029a39930610 JavaThread "Monitor Deflation Thread" daemon [_thread_blocked, id=6228, stack(0x000000e62d700000,0x000000e62d800000)]
  0x0000029a39931200 JavaThread "C2 CompilerThread0" daemon [_thread_blocked, id=15680, stack(0x000000e62d800000,0x000000e62d900000)]
  0x0000029a39931bb0 JavaThread "C1 CompilerThread0" daemon [_thread_blocked, id=17208, stack(0x000000e62d900000,0x000000e62da00000)]
  0x0000029a39968590 JavaThread "Sweeper thread" daemon [_thread_blocked, id=17784, stack(0x000000e62da00000,0x000000e62db00000)]
  0x0000029a3960c840 JavaThread "Common-Cleaner" daemon [_thread_blocked, id=5224, stack(0x000000e62db00000,0x000000e62dc00000)]
  0x0000029a39b80a40 JavaThread "Notification Thread" daemon [_thread_blocked, id=20192, stack(0x000000e62dc00000,0x000000e62dd00000)]
  0x0000029a3ed53580 JavaThread "Daemon health stats" [_thread_blocked, id=23004, stack(0x000000e62e100000,0x000000e62e200000)]
  0x0000029a3fce2d80 JavaThread "Incoming local TCP Connector on port 62453" [_thread_in_native, id=9400, stack(0x000000e62e200000,0x000000e62e300000)]
  0x0000029a39b59e20 JavaThread "Daemon periodic checks" [_thread_blocked, id=16104, stack(0x000000e62e300000,0x000000e62e400000)]
  0x0000029a3f5a95f0 JavaThread "Daemon" [_thread_blocked, id=7304, stack(0x000000e62e400000,0x000000e62e500000)]
  0x0000029a3e78dd90 JavaThread "Handler for socket connection from /127.0.0.1:62453 to /127.0.0.1:62454" [_thread_in_native, id=15640, stack(0x000000e62e500000,0x000000e62e600000)]
  0x0000029a3f1db550 JavaThread "Cancel handler" [_thread_blocked, id=8588, stack(0x000000e62e600000,0x000000e62e700000)]
=>0x0000029a3f833540 JavaThread "Daemon worker" [_thread_in_vm, id=20324, stack(0x000000e62e700000,0x000000e62e800000)]
  0x0000029a3fcbd8e0 JavaThread "Asynchronous log dispatcher for DefaultDaemonConnection: socket connection from /127.0.0.1:62453 to /127.0.0.1:62454" [_thread_blocked, id=3728, stack(0x000000e62e800000,0x000000e62e900000)]
  0x0000029a3fcbf0f0 JavaThread "Daemon client event forwarder" [_thread_in_vm, id=10644, stack(0x000000e62ea00000,0x000000e62eb00000)]
  0x0000029a3fcbddb0 JavaThread "Cache worker for journal cache (C:\Users\ADMIN\.gradle\caches\journal-1)" [_thread_blocked, id=8304, stack(0x000000e62eb00000,0x000000e62ec00000)]
  0x0000029a3fcbe280 JavaThread "File lock request listener" [_thread_in_native, id=5740, stack(0x000000e62ec00000,0x000000e62ed00000)]
  0x0000029a3fcbf5c0 JavaThread "Cache worker for file hash cache (C:\Users\ADMIN\.gradle\caches\8.2\fileHashes)" [_thread_blocked, id=15696, stack(0x000000e62ed00000,0x000000e62ee00000)]
  0x0000029a3fcbff60 JavaThread "File watcher server" daemon [_thread_in_native, id=18688, stack(0x000000e62ee00000,0x000000e62ef00000)]
  0x0000029a3fcc0dd0 JavaThread "File watcher consumer" daemon [_thread_blocked, id=9536, stack(0x000000e62ef00000,0x000000e62f000000)]
  0x0000029a3fcc12a0 JavaThread "Cache worker for checksums cache (C:\Users\ADMIN\OneDrive\Desktop\Major-Group-Project-main\.gradle\8.2\checksums)" [_thread_blocked, id=19996, stack(0x000000e62f000000,0x000000e62f100000)]
  0x0000029a3fcbe750 JavaThread "Cache worker for cache directory md-rule (C:\Users\ADMIN\.gradle\caches\8.2\md-rule)" [_thread_blocked, id=12012, stack(0x000000e62f100000,0x000000e62f200000)]
  0x0000029a3fcbec20 JavaThread "Cache worker for file content cache (C:\Users\ADMIN\.gradle\caches\8.2\fileContent)" [_thread_blocked, id=6224, stack(0x000000e62f200000,0x000000e62f300000)]
  0x0000029a3fcc0900 JavaThread "Cache worker for file hash cache (C:\Users\ADMIN\OneDrive\Desktop\Major-Group-Project-main\.gradle\8.2\fileHashes)" [_thread_blocked, id=19956, stack(0x000000e62f300000,0x000000e62f400000)]
  0x0000029a40741e20 JavaThread "Cache worker for cache directory md-supplier (C:\Users\ADMIN\.gradle\caches\8.2\md-supplier)" [_thread_blocked, id=9924, stack(0x000000e62f400000,0x000000e62f500000)]
  0x0000029a40744970 JavaThread "Cache worker for execution history cache (C:\Users\ADMIN\.gradle\caches\8.2\executionHistory)" [_thread_blocked, id=6264, stack(0x000000e62f500000,0x000000e62f600000)]
  0x0000029a40747e60 JavaThread "jar transforms" [_thread_blocked, id=1124, stack(0x000000e62f600000,0x000000e62f700000)]
  0x0000029a40745cb0 JavaThread "jar transforms Thread 2" [_thread_blocked, id=12840, stack(0x000000e62f700000,0x000000e62f800000)]
  0x0000029a40743160 JavaThread "Cache worker for kotlin-dsl (C:\Users\ADMIN\.gradle\caches\8.2\kotlin-dsl)" [_thread_blocked, id=23196, stack(0x000000e62f800000,0x000000e62f900000)]
  0x0000029a40743b00 JavaThread "jar transforms Thread 3" [_thread_blocked, id=10712, stack(0x000000e62fb00000,0x000000e62fc00000)]
  0x0000029a40746650 JavaThread "jar transforms Thread 4" [_thread_blocked, id=3544, stack(0x000000e62fc00000,0x000000e62fd00000)]
  0x0000029a40742c90 JavaThread "Cache worker for dependencies-accessors (C:\Users\ADMIN\OneDrive\Desktop\Major-Group-Project-main\.gradle\8.2\dependencies-accessors)" [_thread_blocked, id=15752, stack(0x000000e62c800000,0x000000e62c900000)]

Other Threads:
  0x0000029a39621050 VMThread "VM Thread" [stack: 0x000000e62d100000,0x000000e62d200000] [id=7628] _threads_hazard_ptr=0x0000029a3ef7b790
  0x0000029a2015eba0 WatcherThread [stack: 0x000000e62dd00000,0x000000e62de00000] [id=21596]
  0x0000029a2013ddc0 GCTaskThread "GC Thread#0" [stack: 0x000000e62cc00000,0x000000e62cd00000] [id=564]
  0x0000029a3e2bc3c0 GCTaskThread "GC Thread#1" [stack: 0x000000e62de00000,0x000000e62df00000] [id=16864]
  0x0000029a39cb4440 GCTaskThread "GC Thread#2" [stack: 0x000000e62df00000,0x000000e62e000000] [id=22552]
  0x0000029a39cdbff0 GCTaskThread "GC Thread#3" [stack: 0x000000e62e000000,0x000000e62e100000] [id=19124]
  0x0000029a2014ec10 ConcurrentGCThread "G1 Main Marker" [stack: 0x000000e62cd00000,0x000000e62ce00000] [id=16044]
  0x0000029a2014f530 ConcurrentGCThread "G1 Conc#0" [stack: 0x000000e62ce00000,0x000000e62cf00000] [id=12228]
  0x0000029a20192bf0 ConcurrentGCThread "G1 Refine#0" [stack: 0x000000e62cf00000,0x000000e62d000000] [id=18596]
  0x0000029a20194530 ConcurrentGCThread "G1 Service" [stack: 0x000000e62d000000,0x000000e62d100000] [id=16408]

Threads with active compile tasks:
C2 CompilerThread0    93541 4389       4       java.util.concurrent.locks.AbstractQueuedSynchronizer$Node::getAndUnsetStatus (14 bytes)

VM state: synchronizing (normal execution)

VM Mutex/Monitor currently owned by a thread:  ([mutex/lock_event])
[0x0000029a200d0010] Metaspace_lock - owner thread: 0x0000029a3f833540
[0x0000029a200dca80] Threads_lock - owner thread: 0x0000029a39621050

Heap address: 0x0000000080000000, size: 2048 MB, Compressed Oops mode: 32-bit

CDS archive(s) not mapped
Compressed class space mapped at: 0x0000000100000000-0x0000000140000000, reserved size: 1073741824
Narrow klass base: 0x0000000000000000, Narrow klass shift: 3, Narrow klass range: 0x140000000

GC Precious Log:
 CPUs: 4 total, 4 available
 Memory: 3539M
 Large Page Support: Disabled
 NUMA Support: Disabled
 Compressed Oops: Enabled (32-bit)
 Heap Region Size: 1M
 Heap Min Capacity: 8M
 Heap Initial Capacity: 56M
 Heap Max Capacity: 2G
 Pre-touch: Disabled
 Parallel Workers: 4
 Concurrent Workers: 1
 Concurrent Refinement Workers: 4
 Periodic GC: Disabled

Heap:
 garbage-first heap   total 65536K, used 47456K [0x0000000080000000, 0x0000000100000000)
  region size 1024K, 17 young (17408K), 2 survivors (2048K)
 Metaspace       used 48755K, committed 49152K, reserved 1114112K
  class space    used 6502K, committed 6720K, reserved 1048576K

Heap Regions: E=young(eden), S=young(survivor), O=old, HS=humongous(starts), HC=humongous(continues), CS=collection set, F=free, OA=open archive, CA=closed archive, TAMS=top-at-mark-start (previous, next)
|   0|0x0000000080000000, 0x0000000080100000, 0x0000000080100000|100%| O|  |TAMS 0x0000000080100000, 0x0000000080000000| Untracked 
|   1|0x0000000080100000, 0x0000000080200000, 0x0000000080200000|100%| O|  |TAMS 0x0000000080200000, 0x0000000080100000| Untracked 
|   2|0x0000000080200000, 0x0000000080300000, 0x0000000080300000|100%|HS|  |TAMS 0x0000000080300000, 0x0000000080200000| Complete 
|   3|0x0000000080300000, 0x0000000080400000, 0x0000000080400000|100%|HC|  |TAMS 0x0000000080400000, 0x0000000080300000| Complete 
|   4|0x0000000080400000, 0x0000000080500000, 0x0000000080500000|100%|HC|  |TAMS 0x0000000080500000, 0x0000000080400000| Complete 
|   5|0x0000000080500000, 0x0000000080600000, 0x0000000080600000|100%|HC|  |TAMS 0x0000000080600000, 0x0000000080500000| Complete 
|   6|0x0000000080600000, 0x0000000080700000, 0x0000000080700000|100%| O|  |TAMS 0x0000000080700000, 0x0000000080600000| Untracked 
|   7|0x0000000080700000, 0x0000000080800000, 0x0000000080800000|100%| O|  |TAMS 0x0000000080800000, 0x0000000080700000| Untracked 
|   8|0x0000000080800000, 0x0000000080900000, 0x0000000080900000|100%| O|  |TAMS 0x0000000080900000, 0x0000000080800000| Untracked 
|   9|0x0000000080900000, 0x0000000080a00000, 0x0000000080a00000|100%| O|  |TAMS 0x0000000080a00000, 0x0000000080900000| Untracked 
|  10|0x0000000080a00000, 0x0000000080b00000, 0x0000000080b00000|100%| O|  |TAMS 0x0000000080b00000, 0x0000000080a00000| Untracked 
|  11|0x0000000080b00000, 0x0000000080c00000, 0x0000000080c00000|100%| O|  |TAMS 0x0000000080c00000, 0x0000000080b00000| Untracked 
|  12|0x0000000080c00000, 0x0000000080d00000, 0x0000000080d00000|100%| O|  |TAMS 0x0000000080d00000, 0x0000000080c00000| Untracked 
|  13|0x0000000080d00000, 0x0000000080e00000, 0x0000000080e00000|100%| O|  |TAMS 0x0000000080e00000, 0x0000000080d00000| Untracked 
|  14|0x0000000080e00000, 0x0000000080f00000, 0x0000000080f00000|100%| O|  |TAMS 0x0000000080f00000, 0x0000000080e00000| Untracked 
|  15|0x0000000080f00000, 0x0000000081000000, 0x0000000081000000|100%| O|  |TAMS 0x0000000081000000, 0x0000000080f00000| Untracked 
|  16|0x0000000081000000, 0x0000000081100000, 0x0000000081100000|100%| O|  |TAMS 0x0000000081100000, 0x0000000081000000| Untracked 
|  17|0x0000000081100000, 0x0000000081200000, 0x0000000081200000|100%| O|  |TAMS 0x0000000081200000, 0x0000000081100000| Untracked 
|  18|0x0000000081200000, 0x0000000081300000, 0x0000000081300000|100%| O|  |TAMS 0x0000000081300000, 0x0000000081200000| Untracked 
|  19|0x0000000081300000, 0x0000000081400000, 0x0000000081400000|100%| O|  |TAMS 0x0000000081400000, 0x0000000081300000| Untracked 
|  20|0x0000000081400000, 0x0000000081500000, 0x0000000081500000|100%| O|  |TAMS 0x0000000081500000, 0x0000000081400000| Untracked 
|  21|0x0000000081500000, 0x0000000081600000, 0x0000000081600000|100%| O|  |TAMS 0x0000000081600000, 0x0000000081500000| Untracked 
|  22|0x0000000081600000, 0x0000000081700000, 0x0000000081700000|100%| O|  |TAMS 0x0000000081700000, 0x0000000081600000| Untracked 
|  23|0x0000000081700000, 0x0000000081700000, 0x0000000081800000|  0%| F|  |TAMS 0x0000000081700000, 0x0000000081700000| Untracked 
|  24|0x0000000081800000, 0x0000000081900000, 0x0000000081900000|100%| O|  |TAMS 0x0000000081900000, 0x0000000081800000| Untracked 
|  25|0x0000000081900000, 0x0000000081a00000, 0x0000000081a00000|100%| O|  |TAMS 0x0000000081a00000, 0x0000000081900000| Untracked 
|  26|0x0000000081a00000, 0x0000000081b00000, 0x0000000081b00000|100%| O|  |TAMS 0x0000000081b00000, 0x0000000081a00000| Untracked 
|  27|0x0000000081b00000, 0x0000000081c00000, 0x0000000081c00000|100%| O|  |TAMS 0x0000000081c00000, 0x0000000081b00000| Untracked 
|  28|0x0000000081c00000, 0x0000000081d00000, 0x0000000081d00000|100%| O|  |TAMS 0x0000000081d00000, 0x0000000081c00000| Untracked 
|  29|0x0000000081d00000, 0x0000000081e00000, 0x0000000081e00000|100%| O|  |TAMS 0x0000000081e00000, 0x0000000081d00000| Untracked 
|  30|0x0000000081e00000, 0x0000000081ea6a00, 0x0000000081f00000| 65%| O|  |TAMS 0x0000000081ea6a00, 0x0000000081e00000| Untracked 
|  31|0x0000000081f00000, 0x0000000082000000, 0x0000000082000000|100%| O|  |TAMS 0x0000000082000000, 0x0000000081f00000| Untracked 
|  32|0x0000000082000000, 0x0000000082000000, 0x0000000082100000|  0%| F|  |TAMS 0x0000000082000000, 0x0000000082000000| Untracked 
|  33|0x0000000082100000, 0x0000000082100000, 0x0000000082200000|  0%| F|  |TAMS 0x0000000082100000, 0x0000000082100000| Untracked 
|  34|0x0000000082200000, 0x0000000082200000, 0x0000000082300000|  0%| F|  |TAMS 0x0000000082200000, 0x0000000082200000| Untracked 
|  35|0x0000000082300000, 0x0000000082300000, 0x0000000082400000|  0%| F|  |TAMS 0x0000000082300000, 0x0000000082300000| Untracked 
|  36|0x0000000082400000, 0x0000000082400000, 0x0000000082500000|  0%| F|  |TAMS 0x0000000082400000, 0x0000000082400000| Untracked 
|  37|0x0000000082500000, 0x0000000082500000, 0x0000000082600000|  0%| F|  |TAMS 0x0000000082500000, 0x0000000082500000| Untracked 
|  38|0x0000000082600000, 0x0000000082600000, 0x0000000082700000|  0%| F|  |TAMS 0x0000000082600000, 0x0000000082600000| Untracked 
|  39|0x0000000082700000, 0x0000000082700000, 0x0000000082800000|  0%| F|  |TAMS 0x0000000082700000, 0x0000000082700000| Untracked 
|  40|0x0000000082800000, 0x0000000082800000, 0x0000000082900000|  0%| F|  |TAMS 0x0000000082800000, 0x0000000082800000| Untracked 
|  41|0x0000000082900000, 0x00000000829b1630, 0x0000000082a00000| 69%| S|CS|TAMS 0x0000000082900000, 0x0000000082900000| Complete 
|  42|0x0000000082a00000, 0x0000000082b00000, 0x0000000082b00000|100%| S|CS|TAMS 0x0000000082a00000, 0x0000000082a00000| Complete 
|  43|0x0000000082b00000, 0x0000000082b00000, 0x0000000082c00000|  0%| F|  |TAMS 0x0000000082b00000, 0x0000000082b00000| Untracked 
|  44|0x0000000082c00000, 0x0000000082c00000, 0x0000000082d00000|  0%| F|  |TAMS 0x0000000082c00000, 0x0000000082c00000| Untracked 
|  45|0x0000000082d00000, 0x0000000082d00000, 0x0000000082e00000|  0%| F|  |TAMS 0x0000000082d00000, 0x0000000082d00000| Untracked 
|  46|0x0000000082e00000, 0x0000000082e00000, 0x0000000082f00000|  0%| F|  |TAMS 0x0000000082e00000, 0x0000000082e00000| Untracked 
|  47|0x0000000082f00000, 0x0000000082f00000, 0x0000000083000000|  0%| F|  |TAMS 0x0000000082f00000, 0x0000000082f00000| Untracked 
|  48|0x0000000083000000, 0x0000000083000000, 0x0000000083100000|  0%| F|  |TAMS 0x0000000083000000, 0x0000000083000000| Untracked 
|  49|0x0000000083100000, 0x00000000831c1f88, 0x0000000083200000| 75%| E|  |TAMS 0x0000000083100000, 0x0000000083100000| Complete 
|  50|0x0000000083200000, 0x0000000083300000, 0x0000000083300000|100%| E|CS|TAMS 0x0000000083200000, 0x0000000083200000| Complete 
|  51|0x0000000083300000, 0x0000000083400000, 0x0000000083400000|100%| E|CS|TAMS 0x0000000083300000, 0x0000000083300000| Complete 
|  52|0x0000000083400000, 0x0000000083500000, 0x0000000083500000|100%| E|CS|TAMS 0x0000000083400000, 0x0000000083400000| Complete 
|  53|0x0000000083500000, 0x0000000083600000, 0x0000000083600000|100%| E|CS|TAMS 0x0000000083500000, 0x0000000083500000| Complete 
|  54|0x0000000083600000, 0x0000000083700000, 0x0000000083700000|100%| E|CS|TAMS 0x0000000083600000, 0x0000000083600000| Complete 
|  55|0x0000000083700000, 0x0000000083800000, 0x0000000083800000|100%| E|CS|TAMS 0x0000000083700000, 0x0000000083700000| Complete 
|  56|0x0000000083800000, 0x0000000083900000, 0x0000000083900000|100%| E|CS|TAMS 0x0000000083800000, 0x0000000083800000| Complete 
|  57|0x0000000083900000, 0x0000000083a00000, 0x0000000083a00000|100%| E|CS|TAMS 0x0000000083900000, 0x0000000083900000| Complete 
|  58|0x0000000083a00000, 0x0000000083b00000, 0x0000000083b00000|100%| E|CS|TAMS 0x0000000083a00000, 0x0000000083a00000| Complete 
|  59|0x0000000083b00000, 0x0000000083c00000, 0x0000000083c00000|100%| E|CS|TAMS 0x0000000083b00000, 0x0000000083b00000| Complete 
|  60|0x0000000083c00000, 0x0000000083d00000, 0x0000000083d00000|100%| E|CS|TAMS 0x0000000083c00000, 0x0000000083c00000| Complete 
|  61|0x0000000083d00000, 0x0000000083e00000, 0x0000000083e00000|100%| E|CS|TAMS 0x0000000083d00000, 0x0000000083d00000| Complete 
|  62|0x0000000083e00000, 0x0000000083f00000, 0x0000000083f00000|100%| E|CS|TAMS 0x0000000083e00000, 0x0000000083e00000| Complete 
|  63|0x0000000083f00000, 0x0000000084000000, 0x0000000084000000|100%| E|CS|TAMS 0x0000000083f00000, 0x0000000083f00000| Complete 

Card table byte_map: [0x0000029a329c0000,0x0000029a32dc0000] _byte_map_base: 0x0000029a325c0000

Marking Bits (Prev, Next): (CMBitMap*) 0x0000029a2013e2e0, (CMBitMap*) 0x0000029a2013e320
 Prev Bits: [0x0000029a331c0000, 0x0000029a351c0000)
 Next Bits: [0x0000029a351c0000, 0x0000029a371c0000)

Polling page: 0x0000029a1e010000

Metaspace:

Usage:
  Non-class:     41.26 MB used.
      Class:      6.35 MB used.
       Both:     47.61 MB used.

Virtual space:
  Non-class space:       64.00 MB reserved,      41.44 MB ( 65%) committed,  1 nodes.
      Class space:        1.00 GB reserved,       6.56 MB ( <1%) committed,  1 nodes.
             Both:        1.06 GB reserved,      48.00 MB (  4%) committed. 

Chunk freelists:
   Non-Class:  6.42 MB
       Class:  9.47 MB
        Both:  15.89 MB

MaxMetaspaceSize: unlimited
CompressedClassSpaceSize: 1.00 GB
Initial GC threshold: 21.00 MB
Current GC threshold: 73.88 MB
CDS: off
MetaspaceReclaimPolicy: balanced
 - commit_granule_bytes: 65536.
 - commit_granule_words: 8192.
 - virtual_space_node_default_size: 8388608.
 - enlarge_chunks_in_place: 1.
 - new_chunks_are_fully_committed: 0.
 - uncommit_free_chunks: 1.
 - use_allocation_guard: 0.
 - handle_deallocations: 1.


Internal statistics:

num_allocs_failed_limit: 6.
num_arena_births: 482.
num_arena_deaths: 0.
num_vsnodes_births: 2.
num_vsnodes_deaths: 0.
num_space_committed: 768.
num_space_uncommitted: 0.
num_chunks_returned_to_freelist: 6.
num_chunks_taken_from_freelist: 1950.
num_chunk_merges: 6.
num_chunk_splits: 1325.
num_chunks_enlarged: 938.
num_inconsistent_stats: 0.

CodeHeap 'non-profiled nmethods': size=120000Kb used=2438Kb max_used=2438Kb free=117561Kb
 bounds [0x0000029a2b090000, 0x0000029a2b300000, 0x0000029a325c0000]
CodeHeap 'profiled nmethods': size=120000Kb used=8930Kb max_used=8930Kb free=111069Kb
 bounds [0x0000029a235c0000, 0x0000029a23e80000, 0x0000029a2aaf0000]
CodeHeap 'non-nmethods': size=5760Kb used=2301Kb max_used=2330Kb free=3458Kb
 bounds [0x0000029a2aaf0000, 0x0000029a2ad60000, 0x0000029a2b090000]
 total_blobs=5189 nmethods=4379 adapters=721
 compilation: enabled
              stopped_count=0, restarted_count=0
 full_count=0

Compilation events (20 events):
Event: 86.118 Thread 0x0000029a39931bb0 4380       3       org.objectweb.asm.Type::getSort (19 bytes)
Event: 86.118 Thread 0x0000029a39931bb0 nmethod 4380 0x0000029a23e77110 code [0x0000029a23e772a0, 0x0000029a23e773f8]
Event: 86.118 Thread 0x0000029a39931bb0 4372       3       sun.reflect.generics.repository.AbstractRepository::<init> (19 bytes)
Event: 86.118 Thread 0x0000029a39931bb0 nmethod 4372 0x0000029a23e77490 code [0x0000029a23e77640, 0x0000029a23e77928]
Event: 86.487 Thread 0x0000029a39931200 nmethod 4381 0x0000029a2b2f0390 code [0x0000029a2b2f0520, 0x0000029a2b2f0708]
Event: 86.487 Thread 0x0000029a39931200 4382       4       jdk.internal.org.objectweb.asm.ClassReader::readInt (52 bytes)
Event: 86.488 Thread 0x0000029a39931200 nmethod 4382 0x0000029a2b2f0910 code [0x0000029a2b2f0a80, 0x0000029a2b2f0b78]
Event: 86.540 Thread 0x0000029a39931bb0 4383       3       java.lang.Class::getDeclaredConstructors (27 bytes)
Event: 86.541 Thread 0x0000029a39931bb0 nmethod 4383 0x0000029a23e77a10 code [0x0000029a23e77c00, 0x0000029a23e77f18]
Event: 86.542 Thread 0x0000029a39931200 4384       4       org.gradle.internal.service.DefaultServiceRegistry::unwrap (75 bytes)
Event: 86.543 Thread 0x0000029a39931200 nmethod 4384 0x0000029a2b2f0c90 code [0x0000029a2b2f0e20, 0x0000029a2b2f0f38]
Event: 86.543 Thread 0x0000029a39931200 4385       4       sun.net.util.IPAddressUtil::checkHostString (53 bytes)
Event: 86.543 Thread 0x0000029a39931200 nmethod 4385 0x0000029a2b2f1090 code [0x0000029a2b2f1200, 0x0000029a2b2f1298]
Event: 86.863 Thread 0x0000029a39931bb0 4386       1       java.lang.management.MemoryUsage::getUsed (5 bytes)
Event: 86.863 Thread 0x0000029a39931bb0 nmethod 4386 0x0000029a2b2f1410 code [0x0000029a2b2f15a0, 0x0000029a2b2f1678]
Event: 87.814 Thread 0x0000029a39931bb0 4387       3       jdk.internal.jimage.BasicImageReader::getLocationIndex (52 bytes)
Event: 87.814 Thread 0x0000029a39931bb0 nmethod 4387 0x0000029a23e78090 code [0x0000029a23e78280, 0x0000029a23e78718]
Event: 88.217 Thread 0x0000029a39931200 4388       4       java.util.concurrent.locks.ReentrantLock$Sync::isHeldExclusively (16 bytes)
Event: 88.218 Thread 0x0000029a39931200 nmethod 4388 0x0000029a2b2f1710 code [0x0000029a2b2f1880, 0x0000029a2b2f1918]
Event: 88.547 Thread 0x0000029a39931200 4389       4       java.util.concurrent.locks.AbstractQueuedSynchronizer$Node::getAndUnsetStatus (14 bytes)

GC Heap History (20 events):
Event: 26.565 GC heap before
{Heap before GC invocations=11 (full 0):
 garbage-first heap   total 57344K, used 40929K [0x0000000080000000, 0x0000000100000000)
  region size 1024K, 22 young (22528K), 3 survivors (3072K)
 Metaspace       used 35745K, committed 36096K, reserved 1114112K
  class space    used 4955K, committed 5120K, reserved 1048576K
}
Event: 26.571 GC heap after
{Heap after GC invocations=12 (full 0):
 garbage-first heap   total 57344K, used 25020K [0x0000000080000000, 0x0000000100000000)
  region size 1024K, 3 young (3072K), 3 survivors (3072K)
 Metaspace       used 35745K, committed 36096K, reserved 1114112K
  class space    used 4955K, committed 5120K, reserved 1048576K
}
Event: 32.837 GC heap before
{Heap before GC invocations=13 (full 0):
 garbage-first heap   total 57344K, used 43452K [0x0000000080000000, 0x0000000100000000)
  region size 1024K, 22 young (22528K), 3 survivors (3072K)
 Metaspace       used 40772K, committed 41152K, reserved 1114112K
  class space    used 5446K, committed 5632K, reserved 1048576K
}
Event: 32.844 GC heap after
{Heap after GC invocations=14 (full 0):
 garbage-first heap   total 57344K, used 27999K [0x0000000080000000, 0x0000000100000000)
  region size 1024K, 3 young (3072K), 3 survivors (3072K)
 Metaspace       used 40772K, committed 41152K, reserved 1114112K
  class space    used 5446K, committed 5632K, reserved 1048576K
}
Event: 33.719 GC heap before
{Heap before GC invocations=14 (full 0):
 garbage-first heap   total 57344K, used 44383K [0x0000000080000000, 0x0000000100000000)
  region size 1024K, 19 young (19456K), 3 survivors (3072K)
 Metaspace       used 41296K, committed 41664K, reserved 1114112K
  class space    used 5493K, committed 5632K, reserved 1048576K
}
Event: 33.727 GC heap after
{Heap after GC invocations=15 (full 0):
 garbage-first heap   total 57344K, used 30798K [0x0000000080000000, 0x0000000100000000)
  region size 1024K, 3 young (3072K), 3 survivors (3072K)
 Metaspace       used 41296K, committed 41664K, reserved 1114112K
  class space    used 5493K, committed 5632K, reserved 1048576K
}
Event: 35.955 GC heap before
{Heap before GC invocations=15 (full 0):
 garbage-first heap   total 57344K, used 41038K [0x0000000080000000, 0x0000000100000000)
  region size 1024K, 15 young (15360K), 3 survivors (3072K)
 Metaspace       used 42017K, committed 42432K, reserved 1114112K
  class space    used 5579K, committed 5760K, reserved 1048576K
}
Event: 35.959 GC heap after
{Heap after GC invocations=16 (full 0):
 garbage-first heap   total 57344K, used 31824K [0x0000000080000000, 0x0000000100000000)
  region size 1024K, 2 young (2048K), 2 survivors (2048K)
 Metaspace       used 42017K, committed 42432K, reserved 1114112K
  class space    used 5579K, committed 5760K, reserved 1048576K
}
Event: 36.286 GC heap before
{Heap before GC invocations=17 (full 0):
 garbage-first heap   total 58368K, used 32848K [0x0000000080000000, 0x0000000100000000)
  region size 1024K, 3 young (3072K), 2 survivors (2048K)
 Metaspace       used 42017K, committed 42432K, reserved 1114112K
  class space    used 5579K, committed 5760K, reserved 1048576K
}
Event: 36.289 GC heap after
{Heap after GC invocations=18 (full 0):
 garbage-first heap   total 58368K, used 32353K [0x0000000080000000, 0x0000000100000000)
  region size 1024K, 1 young (1024K), 1 survivors (1024K)
 Metaspace       used 42017K, committed 42432K, reserved 1114112K
  class space    used 5579K, committed 5760K, reserved 1048576K
}
Event: 45.744 GC heap before
{Heap before GC invocations=19 (full 0):
 garbage-first heap   total 65536K, used 48737K [0x0000000080000000, 0x0000000100000000)
  region size 1024K, 14 young (14336K), 1 survivors (1024K)
 Metaspace       used 44131K, committed 44608K, reserved 1114112K
  class space    used 5823K, committed 6016K, reserved 1048576K
}
Event: 45.747 GC heap after
{Heap after GC invocations=20 (full 0):
 garbage-first heap   total 65536K, used 31932K [0x0000000080000000, 0x0000000100000000)
  region size 1024K, 1 young (1024K), 1 survivors (1024K)
 Metaspace       used 44131K, committed 44608K, reserved 1114112K
  class space    used 5823K, committed 6016K, reserved 1048576K
}
Event: 45.751 GC heap before
{Heap before GC invocations=20 (full 0):
 garbage-first heap   total 65536K, used 33980K [0x0000000080000000, 0x0000000100000000)
  region size 1024K, 3 young (3072K), 1 survivors (1024K)
 Metaspace       used 44131K, committed 44608K, reserved 1114112K
  class space    used 5823K, committed 6016K, reserved 1048576K
}
Event: 45.754 GC heap after
{Heap after GC invocations=21 (full 0):
 garbage-first heap   total 65536K, used 31471K [0x0000000080000000, 0x0000000100000000)
  region size 1024K, 1 young (1024K), 1 survivors (1024K)
 Metaspace       used 44131K, committed 44608K, reserved 1114112K
  class space    used 5823K, committed 6016K, reserved 1048576K
}
Event: 47.323 GC heap before
{Heap before GC invocations=21 (full 0):
 garbage-first heap   total 65536K, used 38639K [0x0000000080000000, 0x0000000100000000)
  region size 1024K, 10 young (10240K), 1 survivors (1024K)
 Metaspace       used 44357K, committed 44800K, reserved 1114112K
  class space    used 5836K, committed 6016K, reserved 1048576K
}
Event: 47.325 GC heap after
{Heap after GC invocations=22 (full 0):
 garbage-first heap   total 65536K, used 32068K [0x0000000080000000, 0x0000000100000000)
  region size 1024K, 1 young (1024K), 1 survivors (1024K)
 Metaspace       used 44357K, committed 44800K, reserved 1114112K
  class space    used 5836K, committed 6016K, reserved 1048576K
}
Event: 47.430 GC heap before
{Heap before GC invocations=23 (full 0):
 garbage-first heap   total 65536K, used 33092K [0x0000000080000000, 0x0000000100000000)
  region size 1024K, 2 young (2048K), 1 survivors (1024K)
 Metaspace       used 44357K, committed 44800K, reserved 1114112K
  class space    used 5836K, committed 6016K, reserved 1048576K
}
Event: 47.432 GC heap after
{Heap after GC invocations=24 (full 0):
 garbage-first heap   total 65536K, used 32587K [0x0000000080000000, 0x0000000100000000)
  region size 1024K, 1 young (1024K), 1 survivors (1024K)
 Metaspace       used 44357K, committed 44800K, reserved 1114112K
  class space    used 5836K, committed 6016K, reserved 1048576K
}
Event: 59.797 GC heap before
{Heap before GC invocations=25 (full 0):
 garbage-first heap   total 65536K, used 54091K [0x0000000080000000, 0x0000000100000000)
  region size 1024K, 21 young (21504K), 1 survivors (1024K)
 Metaspace       used 47139K, committed 47616K, reserved 1114112K
  class space    used 6241K, committed 6464K, reserved 1048576K
}
Event: 59.803 GC heap after
{Heap after GC invocations=26 (full 0):
 garbage-first heap   total 65536K, used 33120K [0x0000000080000000, 0x0000000100000000)
  region size 1024K, 2 young (2048K), 2 survivors (2048K)
 Metaspace       used 47139K, committed 47616K, reserved 1114112K
  class space    used 6241K, committed 6464K, reserved 1048576K
}

Dll operation events (3 events):
Event: 0.652 Loaded shared library C:\Program Files\Android\Android Studio1\jbr\bin\java.dll
Event: 1.024 Loaded shared library C:\Program Files\Android\Android Studio1\jbr\bin\zip.dll
Event: 2.491 Loaded shared library C:\Program Files\Android\Android Studio1\jbr\bin\verify.dll

Deoptimization events (20 events):
Event: 85.995 Thread 0x0000029a3f833540 Uncommon trap: trap_request=0xffffff45 fr.pc=0x0000029a2b0baf1c relative=0x000000000000093c
Event: 85.995 Thread 0x0000029a3f833540 Uncommon trap: reason=unstable_if action=reinterpret pc=0x0000029a2b0baf1c method=java.util.HashMap.resize()[Ljava/util/HashMap$Node; @ 203 c2
Event: 85.995 Thread 0x0000029a3f833540 DEOPT PACKING pc=0x0000029a2b0baf1c sp=0x000000e62e7f8720
Event: 85.995 Thread 0x0000029a3f833540 DEOPT UNPACKING pc=0x0000029a2ab469a3 sp=0x000000e62e7f86b0 mode 2
Event: 85.995 Thread 0x0000029a3f833540 Uncommon trap: trap_request=0xffffff45 fr.pc=0x0000029a2b2160cc relative=0x000000000000022c
Event: 85.995 Thread 0x0000029a3f833540 Uncommon trap: reason=unstable_if action=reinterpret pc=0x0000029a2b2160cc method=java.util.HashMap.getNode(Ljava/lang/Object;)Ljava/util/HashMap$Node; @ 85 c2
Event: 85.995 Thread 0x0000029a3f833540 DEOPT PACKING pc=0x0000029a2b2160cc sp=0x000000e62e7f8810
Event: 85.995 Thread 0x0000029a3f833540 DEOPT UNPACKING pc=0x0000029a2ab469a3 sp=0x000000e62e7f8790 mode 2
Event: 85.995 Thread 0x0000029a3f833540 Uncommon trap: trap_request=0xffffff45 fr.pc=0x0000029a2b1e3300 relative=0x00000000000006a0
Event: 85.995 Thread 0x0000029a3f833540 Uncommon trap: reason=unstable_if action=reinterpret pc=0x0000029a2b1e3300 method=java.util.HashMap.putVal(ILjava/lang/Object;Ljava/lang/Object;ZZ)Ljava/lang/Object; @ 109 c2
Event: 85.995 Thread 0x0000029a3f833540 DEOPT PACKING pc=0x0000029a2b1e3300 sp=0x000000e62e7f87b0
Event: 85.995 Thread 0x0000029a3f833540 DEOPT UNPACKING pc=0x0000029a2ab469a3 sp=0x000000e62e7f8768 mode 2
Event: 87.097 Thread 0x0000029a3f833540 Uncommon trap: trap_request=0xffffffde fr.pc=0x0000029a2b1c5e98 relative=0x0000000000000078
Event: 87.097 Thread 0x0000029a3f833540 Uncommon trap: reason=class_check action=maybe_recompile pc=0x0000029a2b1c5e98 method=java.util.Collections$SetFromMap.remove(Ljava/lang/Object;)Z @ 5 c2
Event: 87.097 Thread 0x0000029a3f833540 DEOPT PACKING pc=0x0000029a2b1c5e98 sp=0x000000e62e7fb2c0
Event: 87.097 Thread 0x0000029a3f833540 DEOPT UNPACKING pc=0x0000029a2ab469a3 sp=0x000000e62e7fb258 mode 2
Event: 88.562 Thread 0x0000029a3fcbd8e0 Uncommon trap: trap_request=0xffffff45 fr.pc=0x0000029a2b2e9764 relative=0x0000000000000164
Event: 88.562 Thread 0x0000029a3fcbd8e0 Uncommon trap: reason=unstable_if action=reinterpret pc=0x0000029a2b2e9764 method=java.util.concurrent.locks.ReentrantLock$NonfairSync.initialTryLock()Z @ 25 c2
Event: 88.562 Thread 0x0000029a3fcbd8e0 DEOPT PACKING pc=0x0000029a2b2e9764 sp=0x000000e62e8ff1d0
Event: 88.562 Thread 0x0000029a3fcbd8e0 DEOPT UNPACKING pc=0x0000029a2ab469a3 sp=0x000000e62e8ff170 mode 2

Classes unloaded (0 events):
No events

Classes redefined (0 events):
No events

Internal exceptions (20 events):
Event: 42.948 Thread 0x0000029a3f833540 Exception <a 'java/lang/NoSuchMethodError'{0x0000000083954468}: 'java.lang.Object java.lang.invoke.DelegatingMethodHandle$Holder.reinvoke_L(java.lang.Object, java.lang.Object, java.lang.Object, java.lang.Object, java.lang.Object, java.lang.Object, java.lang.Object, java.lang.Object, java.lang.Object, java.lang.Object, java.lang.Object, java.lang.Object, java.lang.Object, java.lang.Object, java.lang.Object, java.lang.Object, java.lang.Object, java.lang.Object, java.lang.Object, java.lang.Object, java.lang.O
Event: 42.949 Thread 0x0000029a3f833540 Exception <a 'java/lang/NoSuchMethodError'{0x000000008395f980}: 'java.lang.Object java.lang.invoke.Invokers$Holder.invoker(java.lang.Object, java.lang.Object, java.lang.Object, java.lang.Object, java.lang.Object, java.lang.Object, java.lang.Object, java.lang.Object, java.lang.Object, java.lang.Object, java.lang.Object, java.lang.Object, java.lang.Object, java.lang.Object, java.lang.Object, java.lang.Object, java.lang.Object, java.lang.Object, java.lang.Object, java.lang.Object, java.lang.Object, java.lang.
Event: 42.949 Thread 0x0000029a3f833540 Exception <a 'java/lang/NoSuchMethodError'{0x0000000083966588}: 'java.lang.Object java.lang.invoke.DelegatingMethodHandle$Holder.delegate(java.lang.Object, java.lang.Object, java.lang.Object, java.lang.Object, java.lang.Object, java.lang.Object, java.lang.Object, java.lang.Object, java.lang.Object, java.lang.Object, java.lang.Object, java.lang.Object, java.lang.Object, java.lang.Object, java.lang.Object, java.lang.Object, java.lang.Object, java.lang.Object, java.lang.Object, java.lang.Object, java.lang.Obj
Event: 43.018 Thread 0x0000029a3f833540 Exception <a 'java/lang/NoSuchMethodError'{0x00000000839f4ae0}: 'java.lang.Object java.lang.invoke.DirectMethodHandle$Holder.invokeStatic(java.lang.Object, java.lang.Object, java.lang.Object, java.lang.Object, java.lang.Object, java.lang.Object, java.lang.Object, java.lang.Object, java.lang.Object, java.lang.Object, java.lang.Object, java.lang.Object, java.lang.Object, java.lang.Object, java.lang.Object, java.lang.Object, java.lang.Object)'> (0x00000000839f4ae0) 
thrown [s\src\hotspot\share\interpreter\lin
Event: 43.021 Thread 0x0000029a3f833540 Exception <a 'java/lang/NoSuchMethodError'{0x000000008361e258}: 'java.lang.Object java.lang.invoke.DirectMethodHandle$Holder.invokeStatic(java.lang.Object, java.lang.Object, java.lang.Object, java.lang.Object, java.lang.Object, java.lang.Object, java.lang.Object, java.lang.Object, java.lang.Object, java.lang.Object, java.lang.Object, java.lang.Object, java.lang.Object, java.lang.Object, java.lang.Object, java.lang.Object, java.lang.Object, java.lang.Object)'> (0x000000008361e258) 
thrown [s\src\hotspot\sha
Event: 43.024 Thread 0x0000029a3f833540 Exception <a 'java/lang/NoSuchMethodError'{0x00000000836486e0}: 'java.lang.Object java.lang.invoke.DirectMethodHandle$Holder.invokeStatic(java.lang.Object, java.lang.Object, java.lang.Object, java.lang.Object, java.lang.Object, java.lang.Object, java.lang.Object, java.lang.Object, java.lang.Object, java.lang.Object, java.lang.Object, java.lang.Object, java.lang.Object, java.lang.Object, java.lang.Object, java.lang.Object, java.lang.Object, java.lang.Object, java.lang.Object)'> (0x00000000836486e0) 
thrown 
Event: 43.027 Thread 0x0000029a3f833540 Exception <a 'java/lang/NoSuchMethodError'{0x0000000083673748}: 'java.lang.Object java.lang.invoke.DirectMethodHandle$Holder.invokeStatic(java.lang.Object, java.lang.Object, java.lang.Object, java.lang.Object, java.lang.Object, java.lang.Object, java.lang.Object, java.lang.Object, java.lang.Object, java.lang.Object, java.lang.Object, java.lang.Object, java.lang.Object, java.lang.Object, java.lang.Object, java.lang.Object, java.lang.Object, java.lang.Object, java.lang.Object, java.lang.Object)'> (0x00000000
Event: 43.028 Thread 0x0000029a3f833540 Exception <a 'java/lang/NoSuchMethodError'{0x000000008369fbf0}: 'java.lang.Object java.lang.invoke.DirectMethodHandle$Holder.invokeStatic(java.lang.Object, java.lang.Object, java.lang.Object, java.lang.Object, java.lang.Object, java.lang.Object, java.lang.Object, java.lang.Object, java.lang.Object, java.lang.Object, java.lang.Object, java.lang.Object, java.lang.Object, java.lang.Object, java.lang.Object, java.lang.Object, java.lang.Object, java.lang.Object, java.lang.Object, java.lang.Object, java.lang.Obj
Event: 43.037 Thread 0x0000029a3f833540 Exception <a 'java/lang/NoSuchMethodError'{0x00000000836cc960}: 'java.lang.Object java.lang.invoke.DirectMethodHandle$Holder.invokeStatic(java.lang.Object, java.lang.Object, java.lang.Object, java.lang.Object, java.lang.Object, java.lang.Object, java.lang.Object, java.lang.Object, java.lang.Object, java.lang.Object, java.lang.Object, java.lang.Object, java.lang.Object, java.lang.Object, java.lang.Object, java.lang.Object, java.lang.Object, java.lang.Object, java.lang.Object, java.lang.Object, java.lang.Obj
Event: 43.039 Thread 0x0000029a3f833540 Exception <a 'java/lang/NoSuchMethodError'{0x00000000836fa7f0}: 'java.lang.Object java.lang.invoke.DirectMethodHandle$Holder.invokeStatic(java.lang.Object, java.lang.Object, java.lang.Object, java.lang.Object, java.lang.Object, java.lang.Object, java.lang.Object, java.lang.Object, java.lang.Object, java.lang.Object, java.lang.Object, java.lang.Object, java.lang.Object, java.lang.Object, java.lang.Object, java.lang.Object, java.lang.Object, java.lang.Object, java.lang.Object, java.lang.Object, java.lang.Obj
Event: 43.041 Thread 0x0000029a3f833540 Exception <a 'java/lang/NoSuchMethodError'{0x000000008352a988}: 'java.lang.Object java.lang.invoke.DirectMethodHandle$Holder.invokeStatic(java.lang.Object, java.lang.Object, java.lang.Object, java.lang.Object, java.lang.Object, java.lang.Object, java.lang.Object, java.lang.Object, java.lang.Object, java.lang.Object, java.lang.Object, java.lang.Object, java.lang.Object, java.lang.Object, java.lang.Object, java.lang.Object, java.lang.Object, java.lang.Object, java.lang.Object, java.lang.Object, java.lang.Obj
Event: 43.042 Thread 0x0000029a3f833540 Exception <a 'java/lang/NoSuchMethodError'{0x000000008355bf50}: 'java.lang.Object java.lang.invoke.DirectMethodHandle$Holder.invokeStatic(java.lang.Object, java.lang.Object, java.lang.Object, java.lang.Object, java.lang.Object, java.lang.Object, java.lang.Object, java.lang.Object, java.lang.Object, java.lang.Object, java.lang.Object, java.lang.Object, java.lang.Object, java.lang.Object, java.lang.Object, java.lang.Object, java.lang.Object, java.lang.Object, java.lang.Object, java.lang.Object, java.lang.Obj
Event: 47.878 Thread 0x0000029a3f833540 Exception <a 'java/lang/IncompatibleClassChangeError'{0x0000000083f9ee20}: Found class java.lang.Object, but interface was expected> (0x0000000083f9ee20) 
thrown [s\src\hotspot\share\interpreter\linkResolver.cpp, line 838]
Event: 51.278 Thread 0x0000029a3f833540 Exception <a 'java/lang/IncompatibleClassChangeError'{0x0000000083bfe9e8}: Found class java.lang.Object, but interface was expected> (0x0000000083bfe9e8) 
thrown [s\src\hotspot\share\interpreter\linkResolver.cpp, line 838]
Event: 51.519 Thread 0x0000029a3f833540 Exception <a 'java/lang/NoSuchMethodError'{0x0000000083a72020}: 'void java.lang.invoke.DirectMethodHandle$Holder.invokeStatic(java.lang.Object, java.lang.Object, java.lang.Object, java.lang.Object, java.lang.Object, java.lang.Object)'> (0x0000000083a72020) 
thrown [s\src\hotspot\share\interpreter\linkResolver.cpp, line 771]
Event: 51.897 Thread 0x0000029a3f833540 Exception <a 'java/lang/NoSuchMethodError'{0x0000000083988f90}: 'int java.lang.invoke.DirectMethodHandle$Holder.invokeStaticInit(java.lang.Object, java.lang.Object, java.lang.Object, java.lang.Object, java.lang.Object)'> (0x0000000083988f90) 
thrown [s\src\hotspot\share\interpreter\linkResolver.cpp, line 771]
Event: 55.026 Thread 0x0000029a3f833540 Implicit null exception at 0x0000029a2b20a9ec to 0x0000029a2b20aa94
Event: 59.516 Thread 0x0000029a3f833540 Exception <a 'java/lang/NoSuchMethodError'{0x0000000082ba0a20}: 'void java.lang.invoke.DirectMethodHandle$Holder.invokeInterface(java.lang.Object, java.lang.Object)'> (0x0000000082ba0a20) 
thrown [s\src\hotspot\share\interpreter\linkResolver.cpp, line 771]
Event: 59.517 Thread 0x0000029a3f833540 Exception <a 'java/lang/IncompatibleClassChangeError'{0x0000000082babc90}: Found class java.lang.Object, but interface was expected> (0x0000000082babc90) 
thrown [s\src\hotspot\share\interpreter\linkResolver.cpp, line 838]
Event: 60.380 Thread 0x0000029a3f833540 Exception <a 'java/lang/NoSuchMethodError'{0x0000000083e70030}: 'java.lang.Object java.lang.invoke.DirectMethodHandle$Holder.newInvokeSpecial(java.lang.Object, int, java.lang.Object)'> (0x0000000083e70030) 
thrown [s\src\hotspot\share\interpreter\linkResolver.cpp, line 771]

VM Operations (20 events):
Event: 70.879 Executing VM operation: Cleanup
Event: 70.879 Executing VM operation: Cleanup done
Event: 74.902 Executing VM operation: Cleanup
Event: 74.902 Executing VM operation: Cleanup done
Event: 75.910 Executing VM operation: Cleanup
Event: 75.910 Executing VM operation: Cleanup done
Event: 76.916 Executing VM operation: Cleanup
Event: 76.916 Executing VM operation: Cleanup done
Event: 79.927 Executing VM operation: Cleanup
Event: 79.927 Executing VM operation: Cleanup done
Event: 82.948 Executing VM operation: Cleanup
Event: 82.948 Executing VM operation: Cleanup done
Event: 84.976 Executing VM operation: HandshakeAllThreads
Event: 84.976 Executing VM operation: HandshakeAllThreads done
Event: 85.980 Executing VM operation: Cleanup
Event: 85.980 Executing VM operation: Cleanup done
Event: 86.987 Executing VM operation: Cleanup
Event: 86.988 Executing VM operation: Cleanup done
Event: 87.327 Executing VM operation: HandshakeAllThreads
Event: 87.327 Executing VM operation: HandshakeAllThreads done

Events (20 events):
Event: 57.725 loading class java/util/concurrent/atomic/AtomicReferenceFieldUpdater done
Event: 57.725 loading class java/util/concurrent/atomic/AtomicReferenceFieldUpdater$AtomicReferenceFieldUpdaterImpl
Event: 57.765 loading class java/util/concurrent/atomic/AtomicReferenceFieldUpdater$AtomicReferenceFieldUpdaterImpl done
Event: 57.765 loading class java/util/concurrent/atomic/AtomicReferenceFieldUpdater$AtomicReferenceFieldUpdaterImpl$1
Event: 57.765 loading class java/util/concurrent/atomic/AtomicReferenceFieldUpdater$AtomicReferenceFieldUpdaterImpl$1 done
Event: 63.741 loading class jdk/internal/math/FDBigInteger
Event: 63.826 loading class jdk/internal/math/FDBigInteger done
Event: 64.168 loading class java/util/zip/GZIPOutputStream
Event: 64.244 loading class java/util/zip/GZIPOutputStream done
Event: 64.245 loading class java/util/zip/GZIPInputStream
Event: 64.299 loading class java/util/zip/GZIPInputStream done
Event: 71.656 Thread 0x0000029a40742c90 Thread added: 0x0000029a40742c90
Event: 77.294 Thread 0x0000029a3fcc0430 Thread exited: 0x0000029a3fcc0430
Event: 83.398 loading class java/nio/file/AtomicMoveNotSupportedException
Event: 83.631 loading class java/nio/file/AtomicMoveNotSupportedException done
Event: 84.690 loading class java/io/FileWriter
Event: 84.830 loading class java/io/FileWriter done
Event: 87.131 loading class java/util/ArrayList$ListItr
Event: 87.326 loading class java/util/ArrayList$ListItr done
Event: 88.555 loading class java/io/ObjectOutputStream$BlockDataOutputStream


Dynamic libraries:
0x00007ff6953c0000 - 0x00007ff6953ca000 	C:\Program Files\Android\Android Studio1\jbr\bin\java.exe
0x00007fff887b0000 - 0x00007fff889a8000 	C:\WINDOWS\SYSTEM32\ntdll.dll
0x00007fff87580000 - 0x00007fff8763d000 	C:\WINDOWS\System32\KERNEL32.DLL
0x00007fff863c0000 - 0x00007fff866b6000 	C:\WINDOWS\System32\KERNELBASE.dll
0x00007fff862c0000 - 0x00007fff863c0000 	C:\WINDOWS\System32\ucrtbase.dll
0x00007fff69da0000 - 0x00007fff69db7000 	C:\Program Files\Android\Android Studio1\jbr\bin\jli.dll
0x00007fff69c70000 - 0x00007fff69c8b000 	C:\Program Files\Android\Android Studio1\jbr\bin\VCRUNTIME140.dll
0x00007fff86ab0000 - 0x00007fff86c4e000 	C:\WINDOWS\System32\USER32.dll
0x00007fff85e60000 - 0x00007fff85e82000 	C:\WINDOWS\System32\win32u.dll
0x00007fff87970000 - 0x00007fff8799b000 	C:\WINDOWS\System32\GDI32.dll
0x00007fff85f80000 - 0x00007fff86097000 	C:\WINDOWS\System32\gdi32full.dll
0x00007fff85e90000 - 0x00007fff85f2d000 	C:\WINDOWS\System32\msvcp_win.dll
0x00007fff72140000 - 0x00007fff723da000 	C:\WINDOWS\WinSxS\amd64_microsoft.windows.common-controls_6595b64144ccf1df_6.0.19041.3636_none_60b6a03d71f818d5\COMCTL32.dll
0x00007fff877a0000 - 0x00007fff8783e000 	C:\WINDOWS\System32\msvcrt.dll
0x00007fff87930000 - 0x00007fff87962000 	C:\WINDOWS\System32\IMM32.DLL
0x00007fff6cca0000 - 0x00007fff6ccac000 	C:\Program Files\Android\Android Studio1\jbr\bin\vcruntime140_1.dll
0x00007fff4d180000 - 0x00007fff4d20d000 	C:\Program Files\Android\Android Studio1\jbr\bin\msvcp140.dll
0x00007fff1f250000 - 0x00007fff1fed0000 	C:\Program Files\Android\Android Studio1\jbr\bin\server\jvm.dll
0x00007fff87420000 - 0x00007fff874d0000 	C:\WINDOWS\System32\ADVAPI32.dll
0x00007fff87ad0000 - 0x00007fff87b70000 	C:\WINDOWS\System32\sechost.dll
0x00007fff88590000 - 0x00007fff886b5000 	C:\WINDOWS\System32\RPCRT4.dll
0x00007fff86290000 - 0x00007fff862b7000 	C:\WINDOWS\System32\bcrypt.dll
0x00007fff7dfe0000 - 0x00007fff7dfea000 	C:\WINDOWS\SYSTEM32\VERSION.dll
0x00007fff7f460000 - 0x00007fff7f469000 	C:\WINDOWS\SYSTEM32\WSOCK32.dll
0x00007fff87650000 - 0x00007fff876bb000 	C:\WINDOWS\System32\WS2_32.dll
0x00007fff7c460000 - 0x00007fff7c487000 	C:\WINDOWS\SYSTEM32\WINMM.dll
0x00007fff84690000 - 0x00007fff846a2000 	C:\WINDOWS\SYSTEM32\kernel.appcore.dll
0x00007fff81820000 - 0x00007fff8182a000 	C:\Program Files\Android\Android Studio1\jbr\bin\jimage.dll
0x00007fff83ca0000 - 0x00007fff83e84000 	C:\WINDOWS\SYSTEM32\DBGHELP.DLL
0x00007fff7bf00000 - 0x00007fff7bf34000 	C:\WINDOWS\SYSTEM32\dbgcore.DLL
0x00007fff86200000 - 0x00007fff86282000 	C:\WINDOWS\System32\bcryptPrimitives.dll
0x00007fff74e10000 - 0x00007fff74e1e000 	C:\Program Files\Android\Android Studio1\jbr\bin\instrument.dll
0x00007fff69ee0000 - 0x00007fff69f05000 	C:\Program Files\Android\Android Studio1\jbr\bin\java.dll
0x00007fff7bf90000 - 0x00007fff7bfa8000 	C:\Program Files\Android\Android Studio1\jbr\bin\zip.dll
0x00007fff87d60000 - 0x00007fff884cb000 	C:\WINDOWS\System32\SHELL32.dll
0x00007fff83e90000 - 0x00007fff8462e000 	C:\WINDOWS\SYSTEM32\windows.storage.dll
0x00007fff86c50000 - 0x00007fff86fa3000 	C:\WINDOWS\System32\combase.dll
0x00007fff857c0000 - 0x00007fff857ee000 	C:\WINDOWS\SYSTEM32\Wldp.dll
0x00007fff87860000 - 0x00007fff8792d000 	C:\WINDOWS\System32\OLEAUT32.dll
0x00007fff87cb0000 - 0x00007fff87d5d000 	C:\WINDOWS\System32\SHCORE.dll
0x00007fff88530000 - 0x00007fff88585000 	C:\WINDOWS\System32\shlwapi.dll
0x00007fff85d90000 - 0x00007fff85db5000 	C:\WINDOWS\SYSTEM32\profapi.dll
0x00007fff69e70000 - 0x00007fff69e89000 	C:\Program Files\Android\Android Studio1\jbr\bin\net.dll
0x00007fff7e8e0000 - 0x00007fff7e9ea000 	C:\WINDOWS\SYSTEM32\WINHTTP.dll
0x00007fff854d0000 - 0x00007fff8553a000 	C:\WINDOWS\system32\mswsock.dll
0x00007fff69dd0000 - 0x00007fff69de6000 	C:\Program Files\Android\Android Studio1\jbr\bin\nio.dll
0x00007fff81270000 - 0x00007fff81280000 	C:\Program Files\Android\Android Studio1\jbr\bin\verify.dll
0x00007fff69ab0000 - 0x00007fff69ad7000 	C:\Users\ADMIN\.gradle\native\68d5fa5c4cc2d200863cafc0d521ce42e7d3e7ee720ec0a83991735586a16f82\windows-amd64\native-platform.dll
0x00007fff38180000 - 0x00007fff382c4000 	C:\Users\ADMIN\.gradle\native\e376f236ea51e6404a007f0833ffe2c6e607c4080706a723a18a27aeea778392\windows-amd64\native-platform-file-events.dll
0x00007fff7f5f0000 - 0x00007fff7f5f9000 	C:\Program Files\Android\Android Studio1\jbr\bin\management.dll
0x00007fff7f330000 - 0x00007fff7f33b000 	C:\Program Files\Android\Android Studio1\jbr\bin\management_ext.dll
0x00007fff87640000 - 0x00007fff87648000 	C:\WINDOWS\System32\PSAPI.DLL
0x00007fff85700000 - 0x00007fff85718000 	C:\WINDOWS\SYSTEM32\CRYPTSP.dll
0x00007fff84e10000 - 0x00007fff84e44000 	C:\WINDOWS\system32\rsaenh.dll
0x00007fff85d50000 - 0x00007fff85d7e000 	C:\WINDOWS\SYSTEM32\USERENV.dll
0x00007fff856f0000 - 0x00007fff856fc000 	C:\WINDOWS\SYSTEM32\CRYPTBASE.dll
0x00007fff851e0000 - 0x00007fff8521b000 	C:\WINDOWS\SYSTEM32\IPHLPAPI.DLL
0x00007fff87840000 - 0x00007fff87848000 	C:\WINDOWS\System32\NSI.dll
0x00007fff80360000 - 0x00007fff80377000 	C:\WINDOWS\SYSTEM32\dhcpcsvc6.DLL
0x00007fff80340000 - 0x00007fff8035d000 	C:\WINDOWS\SYSTEM32\dhcpcsvc.DLL
0x00007fff85220000 - 0x00007fff852eb000 	C:\WINDOWS\SYSTEM32\DNSAPI.dll
0x00007fff81310000 - 0x00007fff81317000 	C:\WINDOWS\system32\wshunix.dll

dbghelp: loaded successfully - version: 4.0.5 - missing functions: none
symbol engine: initialized successfully - sym options: 0x614 - pdb path: .;C:\Program Files\Android\Android Studio1\jbr\bin;C:\WINDOWS\SYSTEM32;C:\WINDOWS\WinSxS\amd64_microsoft.windows.common-controls_6595b64144ccf1df_6.0.19041.3636_none_60b6a03d71f818d5;C:\Program Files\Android\Android Studio1\jbr\bin\server;C:\Users\ADMIN\.gradle\native\68d5fa5c4cc2d200863cafc0d521ce42e7d3e7ee720ec0a83991735586a16f82\windows-amd64;C:\Users\ADMIN\.gradle\native\e376f236ea51e6404a007f0833ffe2c6e607c4080706a723a18a27aeea778392\windows-amd64

VM Arguments:
jvm_args: --add-opens=java.base/java.util=ALL-UNNAMED --add-opens=java.base/java.lang=ALL-UNNAMED --add-opens=java.base/java.lang.invoke=ALL-UNNAMED --add-opens=java.prefs/java.util.prefs=ALL-UNNAMED --add-opens=java.base/java.nio.charset=ALL-UNNAMED --add-opens=java.base/java.net=ALL-UNNAMED --add-opens=java.base/java.util.concurrent.atomic=ALL-UNNAMED -Xmx2048m -Dfile.encoding=UTF-8 -Duser.country=GB -Duser.language=en -Duser.variant -javaagent:C:\Users\ADMIN\.gradle\wrapper\dists\gradle-8.2-bin\bbg7u40eoinfdyxsxr3z4i7ta\gradle-8.2\lib\agents\gradle-instrumentation-agent-8.2.jar 
java_command: org.gradle.launcher.daemon.bootstrap.GradleDaemon 8.2
java_class_path (initial): C:\Users\ADMIN\.gradle\wrapper\dists\gradle-8.2-bin\bbg7u40eoinfdyxsxr3z4i7ta\gradle-8.2\lib\gradle-launcher-8.2.jar
Launcher Type: SUN_STANDARD

[Global flags]
     intx CICompilerCount                          = 3                                         {product} {ergonomic}
     uint ConcGCThreads                            = 1                                         {product} {ergonomic}
     uint G1ConcRefinementThreads                  = 4                                         {product} {ergonomic}
   size_t G1HeapRegionSize                         = 1048576                                   {product} {ergonomic}
    uintx GCDrainStackTargetSize                   = 64                                        {product} {ergonomic}
   size_t InitialHeapSize                          = 58720256                                  {product} {ergonomic}
   size_t MarkStackSize                            = 4194304                                   {product} {ergonomic}
   size_t MaxHeapSize                              = 2147483648                                {product} {command line}
   size_t MaxNewSize                               = 1287651328                                {product} {ergonomic}
   size_t MinHeapDeltaBytes                        = 1048576                                   {product} {ergonomic}
   size_t MinHeapSize                              = 8388608                                   {product} {ergonomic}
    uintx NonNMethodCodeHeapSize                   = 5832780                                {pd product} {ergonomic}
    uintx NonProfiledCodeHeapSize                  = 122912730                              {pd product} {ergonomic}
    uintx ProfiledCodeHeapSize                     = 122912730                              {pd product} {ergonomic}
    uintx ReservedCodeCacheSize                    = 251658240                              {pd product} {ergonomic}
     bool SegmentedCodeCache                       = true                                      {product} {ergonomic}
   size_t SoftMaxHeapSize                          = 2147483648                             {manageable} {ergonomic}
     bool UseCompressedClassPointers               = true                           {product lp64_product} {ergonomic}
     bool UseCompressedOops                        = true                           {product lp64_product} {ergonomic}
     bool UseG1GC                                  = true                                      {product} {ergonomic}
     bool UseLargePagesIndividualAllocation        = false                                  {pd product} {ergonomic}

Logging:
Log output configuration:
 #0: stdout all=warning uptime,level,tags
 #1: stderr all=off uptime,level,tags

Environment Variables:
JAVA_HOME=C:\Program Files\Java\jdk1.8.0_231;
CLASSPATH=2.1.0;C:\lucene-2.1.0\build\classes\java; .
PATH=C:\Program Files\Common Files\Oracle\Java\javapath;";C:\Program Files\Java\bin";C:\Program Files\Git\cmd;C:\ProgramData\chocolatey\bin;C:\php;C:\composer;C:\Program Files\Java\jdk1.8.0_231\bin;C:\Users\ADMIN\AppData\Local\GitHubDesktop\bin;C:\Users\ADMIN\AppData\Local\Programs\Microsoft VS Code\bin;C:\ProgramData\chocolatey\lib\mingw\tools\install\mingw64\bin;C:\Users\ADMIN\AppData\Roaming\Composer\vendor\bin;C:\Users\ADMIN\AppData\Roaming\Python\Python310\Scripts;
USERNAME=ADMIN
OS=Windows_NT
PROCESSOR_IDENTIFIER=AMD64 Family 23 Model 17 Stepping 0, AuthenticAMD
TMP=C:\Users\ADMIN\AppData\Local\Temp
TEMP=C:\Users\ADMIN\AppData\Local\Temp


JNI global refs:
JNI global refs: 24, weak refs: 0

JNI global refs memory usage: 843, weak refs: 209

OOME stack traces (most recent first):
Classloader memory used:
