#
# There is insufficient memory for the Java Runtime Environment to continue.
# Native memory allocation (mmap) failed to map 17825792 bytes for G1 virtual space
# Possible reasons:
#   The system is out of physical RAM or swap space
#   The process is running with CompressedOops enabled, and the Java Heap may be blocking the growth of the native heap
# Possible solutions:
#   Reduce memory load on the system
#   Increase physical memory or swap space
#   Check if swap backing store is full
#   Decrease Java heap size (-Xmx/-Xms)
#   Decrease number of Java threads
#   Decrease Java thread stack sizes (-Xss)
#   Set larger code cache with -XX:ReservedCodeCacheSize=
#   JVM is running with Unscaled Compressed Oops mode in which the Java heap is
#     placed in the first 4GB address space. The Java Heap base address is the
#     maximum limit for the native heap growth. Please use -XX:HeapBaseMinAddress
#     to set the Java Heap base and to place the Java Heap above 4GB virtual address.
# This output file may be truncated or incomplete.
#
#  Out of Memory Error (os_windows.cpp:3771), pid=18304, tid=16468
#
# JRE version: OpenJDK Runtime Environment (17.0.7) (build 17.0.7+0-b2043.56-10550314)
# Java VM: OpenJDK 64-Bit Server VM (17.0.7+0-b2043.56-10550314, mixed mode, tiered, compressed oops, compressed class ptrs, g1 gc, windows-amd64)
# No core dump will be written. Minidumps are not enabled by default on client versions of Windows
#

---------------  S U M M A R Y ------------

Command Line: --add-opens=java.base/java.util=ALL-UNNAMED --add-opens=java.base/java.lang=ALL-UNNAMED --add-opens=java.base/java.lang.invoke=ALL-UNNAMED --add-opens=java.prefs/java.util.prefs=ALL-UNNAMED --add-opens=java.base/java.nio.charset=ALL-UNNAMED --add-opens=java.base/java.net=ALL-UNNAMED --add-opens=java.base/java.util.concurrent.atomic=ALL-UNNAMED -Xmx2048m -Dfile.encoding=UTF-8 -Duser.country=GB -Duser.language=en -Duser.variant -javaagent:C:\Users\ADMIN\.gradle\wrapper\dists\gradle-8.2-bin\bbg7u40eoinfdyxsxr3z4i7ta\gradle-8.2\lib\agents\gradle-instrumentation-agent-8.2.jar org.gradle.launcher.daemon.bootstrap.GradleDaemon 8.2

Host: AMD Ryzen 3 2200U with Radeon Vega Mobile Gfx  , 4 cores, 3G,  Windows 10 , 64 bit Build 19041 (10.0.19041.3636)
Time: Sun Apr  7 23:13:22 2024 GMT Summer Time elapsed time: 33.753467 seconds (0d 0h 0m 33s)

---------------  T H R E A D  ---------------

Current thread (0x000001e47811f2c0):  VMThread "VM Thread" [stack: 0x0000006303100000,0x0000006303200000] [id=16468]

Stack: [0x0000006303100000,0x0000006303200000]
Native frames: (J=compiled Java code, j=interpreted, Vv=VM code, C=native code)
V  [jvm.dll+0x683bfa]
V  [jvm.dll+0x8430a4]
V  [jvm.dll+0x8449be]
V  [jvm.dll+0x845023]
V  [jvm.dll+0x24ad2f]
V  [jvm.dll+0x680ac9]
V  [jvm.dll+0x67519a]
V  [jvm.dll+0x30b3cb]
V  [jvm.dll+0x312876]
V  [jvm.dll+0x36221e]
V  [jvm.dll+0x36244f]
V  [jvm.dll+0x2e14a8]
V  [jvm.dll+0x2e4596]
V  [jvm.dll+0x2eed58]
V  [jvm.dll+0x323a40]
V  [jvm.dll+0x8496eb]
V  [jvm.dll+0x84a424]
V  [jvm.dll+0x84a93d]
V  [jvm.dll+0x84ad14]
V  [jvm.dll+0x84ade0]
V  [jvm.dll+0x7f2aea]
V  [jvm.dll+0x682a35]
C  [ucrtbase.dll+0x21bb2]
C  [KERNEL32.DLL+0x17344]
C  [ntdll.dll+0x526b1]

VM_Operation (0x0000006302dff830): G1Concurrent, mode: safepoint, requested by thread 0x000001e45ed5ed30


---------------  P R O C E S S  ---------------

Threads class SMR info:
_java_thread_list=0x000001e400985130, length=38, elements={
0x000001e45ecf1a00, 0x000001e47819c550, 0x000001e47817e3f0, 0x000001e4781b9c80,
0x000001e4781ba740, 0x000001e478437840, 0x000001e47842c470, 0x000001e47842d060,
0x000001e47842dd70, 0x000001e478447dc0, 0x000001e45edb0ec0, 0x000001e478621d40,
0x000001e47db464a0, 0x000001e47f2b4800, 0x000001e47e684610, 0x000001e47d8d3820,
0x000001e47d462050, 0x000001e47d49b480, 0x000001e47f3fa9d0, 0x000001e47e4bf080,
0x000001e47e4bebb0, 0x000001e47e4bdd40, 0x000001e47e4be6e0, 0x000001e47e4bc530,
0x000001e47e4bca00, 0x000001e47e4bced0, 0x000001e47e4bc060, 0x000001e47e4bfa20,
0x000001e47e4bd3a0, 0x000001e47e4bd870, 0x000001e47e4be210, 0x000001e47ee12ef0,
0x000001e47ee0fa00, 0x000001e47ee12080, 0x000001e47ee168b0, 0x000001e47ee10870,
0x000001e47ee15a40, 0x000001e47ee116e0
}

Java Threads: ( => current thread )
  0x000001e45ecf1a00 JavaThread "main" [_thread_blocked, id=13436, stack(0x0000006302b00000,0x0000006302c00000)]
  0x000001e47819c550 JavaThread "Reference Handler" daemon [_thread_blocked, id=17072, stack(0x0000006303200000,0x0000006303300000)]
  0x000001e47817e3f0 JavaThread "Finalizer" daemon [_thread_blocked, id=7976, stack(0x0000006303300000,0x0000006303400000)]
  0x000001e4781b9c80 JavaThread "Signal Dispatcher" daemon [_thread_blocked, id=10900, stack(0x0000006303400000,0x0000006303500000)]
  0x000001e4781ba740 JavaThread "Attach Listener" daemon [_thread_blocked, id=6572, stack(0x0000006303500000,0x0000006303600000)]
  0x000001e478437840 JavaThread "Service Thread" daemon [_thread_blocked, id=1556, stack(0x0000006303600000,0x0000006303700000)]
  0x000001e47842c470 JavaThread "Monitor Deflation Thread" daemon [_thread_blocked, id=18696, stack(0x0000006303700000,0x0000006303800000)]
  0x000001e47842d060 JavaThread "C2 CompilerThread0" daemon [_thread_blocked, id=17412, stack(0x0000006303800000,0x0000006303900000)]
  0x000001e47842dd70 JavaThread "C1 CompilerThread0" daemon [_thread_blocked, id=17152, stack(0x0000006303900000,0x0000006303a00000)]
  0x000001e478447dc0 JavaThread "Sweeper thread" daemon [_thread_blocked, id=3140, stack(0x0000006303a00000,0x0000006303b00000)]
  0x000001e45edb0ec0 JavaThread "Common-Cleaner" daemon [_thread_blocked, id=17032, stack(0x0000006303b00000,0x0000006303c00000)]
  0x000001e478621d40 JavaThread "Notification Thread" daemon [_thread_blocked, id=17324, stack(0x0000006303c00000,0x0000006303d00000)]
  0x000001e47db464a0 JavaThread "Daemon health stats" [_thread_blocked, id=16604, stack(0x0000006304100000,0x0000006304200000)]
  0x000001e47f2b4800 JavaThread "Incoming local TCP Connector on port 62322" [_thread_in_native, id=14444, stack(0x0000006304200000,0x0000006304300000)]
  0x000001e47e684610 JavaThread "Daemon periodic checks" [_thread_blocked, id=17356, stack(0x0000006304300000,0x0000006304400000)]
  0x000001e47d8d3820 JavaThread "Daemon" [_thread_blocked, id=15524, stack(0x0000006304400000,0x0000006304500000)]
  0x000001e47d462050 JavaThread "Handler for socket connection from /127.0.0.1:62322 to /127.0.0.1:62325" [_thread_in_native, id=1544, stack(0x0000006304500000,0x0000006304600000)]
  0x000001e47d49b480 JavaThread "Cancel handler" [_thread_blocked, id=15072, stack(0x0000006304600000,0x0000006304700000)]
  0x000001e47f3fa9d0 JavaThread "Daemon worker" [_thread_blocked, id=12136, stack(0x0000006304700000,0x0000006304800000)]
  0x000001e47e4bf080 JavaThread "Asynchronous log dispatcher for DefaultDaemonConnection: socket connection from /127.0.0.1:62322 to /127.0.0.1:62325" [_thread_blocked, id=19048, stack(0x0000006304800000,0x0000006304900000)]
  0x000001e47e4bebb0 JavaThread "Stdin handler" [_thread_blocked, id=19732, stack(0x0000006304900000,0x0000006304a00000)]
  0x000001e47e4bdd40 JavaThread "Daemon client event forwarder" [_thread_blocked, id=22696, stack(0x0000006304a00000,0x0000006304b00000)]
  0x000001e47e4be6e0 JavaThread "Cache worker for journal cache (C:\Users\ADMIN\.gradle\caches\journal-1)" [_thread_blocked, id=8376, stack(0x0000006304b00000,0x0000006304c00000)]
  0x000001e47e4bc530 JavaThread "File lock request listener" [_thread_in_native, id=11996, stack(0x0000006304c00000,0x0000006304d00000)]
  0x000001e47e4bca00 JavaThread "File lock release action executor" [_thread_blocked, id=20664, stack(0x0000006304d00000,0x0000006304e00000)]
  0x000001e47e4bced0 JavaThread "Cache worker for file hash cache (C:\Users\ADMIN\.gradle\caches\8.2\fileHashes)" [_thread_blocked, id=7864, stack(0x0000006304e00000,0x0000006304f00000)]
  0x000001e47e4bc060 JavaThread "File watcher server" daemon [_thread_in_native, id=15416, stack(0x0000006304f00000,0x0000006305000000)]
  0x000001e47e4bfa20 JavaThread "File watcher consumer" daemon [_thread_blocked, id=21584, stack(0x0000006305000000,0x0000006305100000)]
  0x000001e47e4bd3a0 JavaThread "jar transforms" [_thread_blocked, id=13540, stack(0x0000006305100000,0x0000006305200000)]
  0x000001e47e4bd870 JavaThread "jar transforms Thread 2" [_thread_blocked, id=3632, stack(0x0000006305200000,0x0000006305300000)]
  0x000001e47e4be210 JavaThread "jar transforms Thread 3" [_thread_blocked, id=19788, stack(0x0000006305300000,0x0000006305400000)]
  0x000001e47ee12ef0 JavaThread "jar transforms Thread 4" [_thread_blocked, id=18788, stack(0x0000006305400000,0x0000006305500000)]
  0x000001e47ee0fa00 JavaThread "Cache worker for checksums cache (C:\Users\ADMIN\OneDrive\Desktop\Major-Group-Project-main\.gradle\8.2\checksums)" [_thread_blocked, id=9452, stack(0x0000006305500000,0x0000006305600000)]
  0x000001e47ee12080 JavaThread "Cache worker for cache directory md-rule (C:\Users\ADMIN\.gradle\caches\8.2\md-rule)" [_thread_blocked, id=10792, stack(0x0000006305600000,0x0000006305700000)]
  0x000001e47ee168b0 JavaThread "Cache worker for file content cache (C:\Users\ADMIN\.gradle\caches\8.2\fileContent)" [_thread_blocked, id=19596, stack(0x0000006305700000,0x0000006305800000)]
  0x000001e47ee10870 JavaThread "Cache worker for file hash cache (C:\Users\ADMIN\OneDrive\Desktop\Major-Group-Project-main\.gradle\8.2\fileHashes)" [_thread_blocked, id=12932, stack(0x0000006305800000,0x0000006305900000)]
  0x000001e47ee15a40 JavaThread "Cache worker for cache directory md-supplier (C:\Users\ADMIN\.gradle\caches\8.2\md-supplier)" [_thread_blocked, id=8296, stack(0x0000006305900000,0x0000006305a00000)]
  0x000001e47ee116e0 JavaThread "Cache worker for execution history cache (C:\Users\ADMIN\.gradle\caches\8.2\executionHistory)" [_thread_blocked, id=12384, stack(0x0000006305a00000,0x0000006305b00000)]

Other Threads:
=>0x000001e47811f2c0 VMThread "VM Thread" [stack: 0x0000006303100000,0x0000006303200000] [id=16468]
  0x000001e478622210 WatcherThread [stack: 0x0000006303d00000,0x0000006303e00000] [id=20384]
  0x000001e45ed4dee0 GCTaskThread "GC Thread#0" [stack: 0x0000006302c00000,0x0000006302d00000] [id=8916]
  0x000001e47d166e50 GCTaskThread "GC Thread#1" [stack: 0x0000006303e00000,0x0000006303f00000] [id=16100]
  0x000001e47d395d20 GCTaskThread "GC Thread#2" [stack: 0x0000006303f00000,0x0000006304000000] [id=20216]
  0x000001e47d8b8cc0 GCTaskThread "GC Thread#3" [stack: 0x0000006304000000,0x0000006304100000] [id=21500]
  0x000001e45ed5ed30 ConcurrentGCThread "G1 Main Marker" [stack: 0x0000006302d00000,0x0000006302e00000] [id=5432]
  0x000001e45ed5f650 ConcurrentGCThread "G1 Conc#0" [stack: 0x0000006302e00000,0x0000006302f00000] [id=13708]
  0x000001e45ed9b5e0 ConcurrentGCThread "G1 Refine#0" [stack: 0x0000006302f00000,0x0000006303000000] [id=19408]
  0x000001e45ed9bf10 ConcurrentGCThread "G1 Service" [stack: 0x0000006303000000,0x0000006303100000] [id=6380]

Threads with active compile tasks:
C2 CompilerThread0    33796 3848       4       java.util.regex.Pattern::compile (500 bytes)

VM state: at safepoint (normal execution)

VM Mutex/Monitor currently owned by a thread:  ([mutex/lock_event])
[0x000001e45eceec00] Threads_lock - owner thread: 0x000001e47811f2c0
[0x000001e45eced850] Heap_lock - owner thread: 0x000001e45ed5ed30

Heap address: 0x0000000080000000, size: 2048 MB, Compressed Oops mode: 32-bit

CDS archive(s) not mapped
Compressed class space mapped at: 0x0000000100000000-0x0000000140000000, reserved size: 1073741824
Narrow klass base: 0x0000000000000000, Narrow klass shift: 3, Narrow klass range: 0x140000000

GC Precious Log:
 CPUs: 4 total, 4 available
 Memory: 3539M
 Large Page Support: Disabled
 NUMA Support: Disabled
 Compressed Oops: Enabled (32-bit)
 Heap Region Size: 1M
 Heap Min Capacity: 8M
 Heap Initial Capacity: 56M
 Heap Max Capacity: 2G
 Pre-touch: Disabled
 Parallel Workers: 4
 Concurrent Workers: 1
 Concurrent Refinement Workers: 4
 Periodic GC: Disabled

Heap:
 garbage-first heap   total 89088K, used 60707K [0x0000000080000000, 0x0000000100000000)
  region size 1024K, 4 young (4096K), 2 survivors (2048K)
 Metaspace       used 43749K, committed 44096K, reserved 1114112K
  class space    used 5764K, committed 5952K, reserved 1048576K

Heap Regions: E=young(eden), S=young(survivor), O=old, HS=humongous(starts), HC=humongous(continues), CS=collection set, F=free, OA=open archive, CA=closed archive, TAMS=top-at-mark-start (previous, next)
|   0|0x0000000080000000, 0x0000000080100000, 0x0000000080100000|100%| O|  |TAMS 0x0000000080100000, 0x0000000080000000| Untracked 
|   1|0x0000000080100000, 0x0000000080200000, 0x0000000080200000|100%| O|  |TAMS 0x0000000080200000, 0x0000000080100000| Untracked 
|   2|0x0000000080200000, 0x0000000080300000, 0x0000000080300000|100%|HS|  |TAMS 0x0000000080300000, 0x0000000080200000| Complete 
|   3|0x0000000080300000, 0x0000000080400000, 0x0000000080400000|100%|HC|  |TAMS 0x0000000080400000, 0x0000000080300000| Complete 
|   4|0x0000000080400000, 0x0000000080500000, 0x0000000080500000|100%|HC|  |TAMS 0x0000000080500000, 0x0000000080400000| Complete 
|   5|0x0000000080500000, 0x0000000080600000, 0x0000000080600000|100%|HC|  |TAMS 0x0000000080600000, 0x0000000080500000| Complete 
|   6|0x0000000080600000, 0x0000000080700000, 0x0000000080700000|100%| O|  |TAMS 0x0000000080700000, 0x0000000080600000| Untracked 
|   7|0x0000000080700000, 0x0000000080800000, 0x0000000080800000|100%| O|  |TAMS 0x0000000080800000, 0x0000000080700000| Untracked 
|   8|0x0000000080800000, 0x0000000080900000, 0x0000000080900000|100%| O|  |TAMS 0x0000000080900000, 0x0000000080800000| Untracked 
|   9|0x0000000080900000, 0x0000000080a00000, 0x0000000080a00000|100%| O|  |TAMS 0x0000000080a00000, 0x0000000080900000| Untracked 
|  10|0x0000000080a00000, 0x0000000080b00000, 0x0000000080b00000|100%| O|  |TAMS 0x0000000080b00000, 0x0000000080a00000| Updating 
|  11|0x0000000080b00000, 0x0000000080c00000, 0x0000000080c00000|100%| O|  |TAMS 0x0000000080c00000, 0x0000000080b00000| Untracked 
|  12|0x0000000080c00000, 0x0000000080d00000, 0x0000000080d00000|100%| O|  |TAMS 0x0000000080d00000, 0x0000000080c00000| Untracked 
|  13|0x0000000080d00000, 0x0000000080e00000, 0x0000000080e00000|100%| O|  |TAMS 0x0000000080e00000, 0x0000000080d00000| Untracked 
|  14|0x0000000080e00000, 0x0000000080f00000, 0x0000000080f00000|100%| O|  |TAMS 0x0000000080f00000, 0x0000000080e00000| Updating 
|  15|0x0000000080f00000, 0x0000000081000000, 0x0000000081000000|100%| O|  |TAMS 0x0000000081000000, 0x0000000080f00000| Untracked 
|  16|0x0000000081000000, 0x0000000081100000, 0x0000000081100000|100%| O|  |TAMS 0x0000000081100000, 0x0000000081000000| Untracked 
|  17|0x0000000081100000, 0x0000000081200000, 0x0000000081200000|100%| O|  |TAMS 0x0000000081200000, 0x0000000081100000| Untracked 
|  18|0x0000000081200000, 0x0000000081300000, 0x0000000081300000|100%| O|  |TAMS 0x0000000081300000, 0x0000000081200000| Untracked 
|  19|0x0000000081300000, 0x0000000081400000, 0x0000000081400000|100%|HS|  |TAMS 0x0000000081400000, 0x0000000081300000| Complete 
|  20|0x0000000081400000, 0x0000000081500000, 0x0000000081500000|100%|HC|  |TAMS 0x0000000081500000, 0x0000000081400000| Complete 
|  21|0x0000000081500000, 0x0000000081600000, 0x0000000081600000|100%|HS|  |TAMS 0x0000000081600000, 0x0000000081500000| Complete 
|  22|0x0000000081600000, 0x0000000081700000, 0x0000000081700000|100%|HC|  |TAMS 0x0000000081700000, 0x0000000081600000| Complete 
|  23|0x0000000081700000, 0x0000000081800000, 0x0000000081800000|100%|HC|  |TAMS 0x0000000081800000, 0x0000000081700000| Complete 
|  24|0x0000000081800000, 0x0000000081900000, 0x0000000081900000|100%| O|  |TAMS 0x0000000081900000, 0x0000000081800000| Untracked 
|  25|0x0000000081900000, 0x0000000081a00000, 0x0000000081a00000|100%|HS|  |TAMS 0x0000000081a00000, 0x0000000081900000| Complete 
|  26|0x0000000081a00000, 0x0000000081b00000, 0x0000000081b00000|100%|HC|  |TAMS 0x0000000081b00000, 0x0000000081a00000| Complete 
|  27|0x0000000081b00000, 0x0000000081c00000, 0x0000000081c00000|100%| O|  |TAMS 0x0000000081c00000, 0x0000000081b00000| Updating 
|  28|0x0000000081c00000, 0x0000000081d00000, 0x0000000081d00000|100%| O|  |TAMS 0x0000000081d00000, 0x0000000081c00000| Updating 
|  29|0x0000000081d00000, 0x0000000081e00000, 0x0000000081e00000|100%| O|  |TAMS 0x0000000081e00000, 0x0000000081d00000| Updating 
|  30|0x0000000081e00000, 0x0000000081f00000, 0x0000000081f00000|100%|HS|  |TAMS 0x0000000081f00000, 0x0000000081e00000| Complete 
|  31|0x0000000081f00000, 0x0000000082000000, 0x0000000082000000|100%|HC|  |TAMS 0x0000000082000000, 0x0000000081f00000| Complete 
|  32|0x0000000082000000, 0x0000000082100000, 0x0000000082100000|100%|HC|  |TAMS 0x0000000082100000, 0x0000000082000000| Complete 
|  33|0x0000000082100000, 0x0000000082200000, 0x0000000082200000|100%|HC|  |TAMS 0x0000000082200000, 0x0000000082100000| Complete 
|  34|0x0000000082200000, 0x0000000082300000, 0x0000000082300000|100%|HC|  |TAMS 0x0000000082300000, 0x0000000082200000| Complete 
|  35|0x0000000082300000, 0x0000000082400000, 0x0000000082400000|100%|HC|  |TAMS 0x0000000082400000, 0x0000000082300000| Complete 
|  36|0x0000000082400000, 0x0000000082500000, 0x0000000082500000|100%|HC|  |TAMS 0x0000000082500000, 0x0000000082400000| Complete 
|  37|0x0000000082500000, 0x0000000082600000, 0x0000000082600000|100%|HC|  |TAMS 0x0000000082600000, 0x0000000082500000| Complete 
|  38|0x0000000082600000, 0x0000000082700000, 0x0000000082700000|100%|HC|  |TAMS 0x0000000082700000, 0x0000000082600000| Complete 
|  39|0x0000000082700000, 0x0000000082800000, 0x0000000082800000|100%|HC|  |TAMS 0x0000000082800000, 0x0000000082700000| Complete 
|  40|0x0000000082800000, 0x0000000082900000, 0x0000000082900000|100%|HC|  |TAMS 0x0000000082900000, 0x0000000082800000| Complete 
|  41|0x0000000082900000, 0x0000000082a00000, 0x0000000082a00000|100%|HC|  |TAMS 0x0000000082a00000, 0x0000000082900000| Complete 
|  42|0x0000000082a00000, 0x0000000082b00000, 0x0000000082b00000|100%| O|  |TAMS 0x0000000082b00000, 0x0000000082a00000| Untracked 
|  43|0x0000000082b00000, 0x0000000082c00000, 0x0000000082c00000|100%| O|  |TAMS 0x0000000082c00000, 0x0000000082b00000| Updating 
|  44|0x0000000082c00000, 0x0000000082d00000, 0x0000000082d00000|100%|HS|  |TAMS 0x0000000082d00000, 0x0000000082c00000| Complete 
|  45|0x0000000082d00000, 0x0000000082e00000, 0x0000000082e00000|100%|HC|  |TAMS 0x0000000082e00000, 0x0000000082d00000| Complete 
|  46|0x0000000082e00000, 0x0000000082f00000, 0x0000000082f00000|100%| O|  |TAMS 0x0000000082f00000, 0x0000000082e00000| Untracked 
|  47|0x0000000082f00000, 0x0000000083000000, 0x0000000083000000|100%| O|  |TAMS 0x0000000083000000, 0x0000000082f00000| Untracked 
|  48|0x0000000083000000, 0x0000000083100000, 0x0000000083100000|100%| O|  |TAMS 0x0000000083100000, 0x0000000083000000| Untracked 
|  49|0x0000000083100000, 0x0000000083200000, 0x0000000083200000|100%| O|  |TAMS 0x0000000083200000, 0x0000000083100000| Untracked 
|  50|0x0000000083200000, 0x0000000083300000, 0x0000000083300000|100%| O|  |TAMS 0x00000000832d5200, 0x0000000083200000| Untracked 
|  51|0x0000000083300000, 0x0000000083400000, 0x0000000083400000|100%| O|  |TAMS 0x0000000083300000, 0x0000000083300000| Untracked 
|  52|0x0000000083400000, 0x000000008346a200, 0x0000000083500000| 41%| O|  |TAMS 0x0000000083400000, 0x0000000083400000| Updating 
|  53|0x0000000083500000, 0x0000000083600000, 0x0000000083600000|100%|HS|  |TAMS 0x0000000083500000, 0x0000000083500000| Complete 
|  54|0x0000000083600000, 0x0000000083700000, 0x0000000083700000|100%|HS|  |TAMS 0x0000000083600000, 0x0000000083600000| Complete 
|  55|0x0000000083700000, 0x0000000083800000, 0x0000000083800000|100%|HC|  |TAMS 0x0000000083700000, 0x0000000083700000| Complete 
|  56|0x0000000083800000, 0x0000000083900000, 0x0000000083900000|100%|HS|  |TAMS 0x0000000083800000, 0x0000000083800000| Complete 
|  57|0x0000000083900000, 0x0000000083a00000, 0x0000000083a00000|100%|HC|  |TAMS 0x0000000083900000, 0x0000000083900000| Complete 
|  58|0x0000000083a00000, 0x0000000083a00000, 0x0000000083b00000|  0%| F|  |TAMS 0x0000000083a00000, 0x0000000083a00000| Untracked 
|  59|0x0000000083b00000, 0x0000000083b00000, 0x0000000083c00000|  0%| F|  |TAMS 0x0000000083b00000, 0x0000000083b00000| Untracked 
|  60|0x0000000083c00000, 0x0000000083c00000, 0x0000000083d00000|  0%| F|  |TAMS 0x0000000083c00000, 0x0000000083c00000| Untracked 
|  61|0x0000000083d00000, 0x0000000083d00000, 0x0000000083e00000|  0%| F|  |TAMS 0x0000000083d00000, 0x0000000083d00000| Untracked 
|  62|0x0000000083e00000, 0x0000000083e00000, 0x0000000083f00000|  0%| F|  |TAMS 0x0000000083e00000, 0x0000000083e00000| Untracked 
|  63|0x0000000083f00000, 0x0000000083f00000, 0x0000000084000000|  0%| F|  |TAMS 0x0000000083f00000, 0x0000000083f00000| Untracked 
|  64|0x0000000084000000, 0x0000000084000000, 0x0000000084100000|  0%| F|  |TAMS 0x0000000084000000, 0x0000000084000000| Untracked 
|  65|0x0000000084100000, 0x00000000841dea80, 0x0000000084200000| 86%| S|CS|TAMS 0x0000000084100000, 0x0000000084100000| Complete 
|  66|0x0000000084200000, 0x0000000084300000, 0x0000000084300000|100%| S|CS|TAMS 0x0000000084200000, 0x0000000084200000| Complete 
|  67|0x0000000084300000, 0x0000000084300000, 0x0000000084400000|  0%| F|  |TAMS 0x0000000084300000, 0x0000000084300000| Untracked 
|  68|0x0000000084400000, 0x0000000084400000, 0x0000000084500000|  0%| F|  |TAMS 0x0000000084400000, 0x0000000084400000| Untracked 
|  69|0x0000000084500000, 0x0000000084500000, 0x0000000084600000|  0%| F|  |TAMS 0x0000000084500000, 0x0000000084500000| Untracked 
|  70|0x0000000084600000, 0x0000000084600000, 0x0000000084700000|  0%| F|  |TAMS 0x0000000084600000, 0x0000000084600000| Untracked 
|  71|0x0000000084700000, 0x0000000084700000, 0x0000000084800000|  0%| F|  |TAMS 0x0000000084700000, 0x0000000084700000| Untracked 
|  72|0x0000000084800000, 0x0000000084800000, 0x0000000084900000|  0%| F|  |TAMS 0x0000000084800000, 0x0000000084800000| Untracked 
|  73|0x0000000084900000, 0x0000000084900000, 0x0000000084a00000|  0%| F|  |TAMS 0x0000000084900000, 0x0000000084900000| Untracked 
|  74|0x0000000084a00000, 0x0000000084a00000, 0x0000000084b00000|  0%| F|  |TAMS 0x0000000084a00000, 0x0000000084a00000| Untracked 
|  75|0x0000000084b00000, 0x0000000084b00000, 0x0000000084c00000|  0%| F|  |TAMS 0x0000000084b00000, 0x0000000084b00000| Untracked 
|  76|0x0000000084c00000, 0x0000000084c00000, 0x0000000084d00000|  0%| F|  |TAMS 0x0000000084c00000, 0x0000000084c00000| Untracked 
|  77|0x0000000084d00000, 0x0000000084d00000, 0x0000000084e00000|  0%| F|  |TAMS 0x0000000084d00000, 0x0000000084d00000| Untracked 
|  78|0x0000000084e00000, 0x0000000084e00000, 0x0000000084f00000|  0%| F|  |TAMS 0x0000000084e00000, 0x0000000084e00000| Untracked 
|  79|0x0000000084f00000, 0x0000000084f00000, 0x0000000085000000|  0%| F|  |TAMS 0x0000000084f00000, 0x0000000084f00000| Untracked 
|  80|0x0000000085000000, 0x0000000085000000, 0x0000000085100000|  0%| F|  |TAMS 0x0000000085000000, 0x0000000085000000| Untracked 
|  81|0x0000000085100000, 0x0000000085100000, 0x0000000085200000|  0%| F|  |TAMS 0x0000000085100000, 0x0000000085100000| Untracked 
|  82|0x0000000085200000, 0x0000000085200000, 0x0000000085300000|  0%| F|  |TAMS 0x0000000085200000, 0x0000000085200000| Untracked 
|  83|0x0000000085300000, 0x0000000085300000, 0x0000000085400000|  0%| F|  |TAMS 0x0000000085300000, 0x0000000085300000| Untracked 
|  84|0x0000000085400000, 0x0000000085400000, 0x0000000085500000|  0%| F|  |TAMS 0x0000000085400000, 0x0000000085400000| Untracked 
|  85|0x0000000085500000, 0x000000008557fc10, 0x0000000085600000| 49%| E|  |TAMS 0x0000000085500000, 0x0000000085500000| Complete 
|  86|0x0000000085600000, 0x00000000856a48d8, 0x0000000085700000| 64%| E|  |TAMS 0x0000000085600000, 0x0000000085600000| Complete 

Card table byte_map: [0x000001e4715d0000,0x000001e4719d0000] _byte_map_base: 0x000001e4711d0000

Marking Bits (Prev, Next): (CMBitMap*) 0x000001e45ed4e400, (CMBitMap*) 0x000001e45ed4e440
 Prev Bits: [0x000001e471dd0000, 0x000001e473dd0000)
 Next Bits: [0x000001e473dd0000, 0x000001e475dd0000)

Polling page: 0x000001e45ca90000

Metaspace:

Usage:
  Non-class:     37.09 MB used.
      Class:      5.63 MB used.
       Both:     42.72 MB used.

Virtual space:
  Non-class space:       64.00 MB reserved,      37.25 MB ( 58%) committed,  1 nodes.
      Class space:        1.00 GB reserved,       5.81 MB ( <1%) committed,  1 nodes.
             Both:        1.06 GB reserved,      43.06 MB (  4%) committed. 

Chunk freelists:
   Non-Class:  9.81 MB
       Class:  10.08 MB
        Both:  19.89 MB

MaxMetaspaceSize: unlimited
CompressedClassSpaceSize: 1.00 GB
Initial GC threshold: 21.00 MB
Current GC threshold: 65.94 MB
CDS: off
MetaspaceReclaimPolicy: balanced
 - commit_granule_bytes: 65536.
 - commit_granule_words: 8192.
 - virtual_space_node_default_size: 8388608.
 - enlarge_chunks_in_place: 1.
 - new_chunks_are_fully_committed: 0.
 - uncommit_free_chunks: 1.
 - use_allocation_guard: 0.
 - handle_deallocations: 1.


Internal statistics:

num_allocs_failed_limit: 3.
num_arena_births: 396.
num_arena_deaths: 0.
num_vsnodes_births: 2.
num_vsnodes_deaths: 0.
num_space_committed: 689.
num_space_uncommitted: 0.
num_chunks_returned_to_freelist: 3.
num_chunks_taken_from_freelist: 1668.
num_chunk_merges: 3.
num_chunk_splits: 1086.
num_chunks_enlarged: 759.
num_inconsistent_stats: 0.

CodeHeap 'non-profiled nmethods': size=120000Kb used=2133Kb max_used=2133Kb free=117866Kb
 bounds [0x000001e469ca0000, 0x000001e469f10000, 0x000001e4711d0000]
CodeHeap 'profiled nmethods': size=120000Kb used=8193Kb max_used=8193Kb free=111806Kb
 bounds [0x000001e4621d0000, 0x000001e4629e0000, 0x000001e469700000]
CodeHeap 'non-nmethods': size=5760Kb used=2287Kb max_used=2287Kb free=3473Kb
 bounds [0x000001e469700000, 0x000001e469970000, 0x000001e469ca0000]
 total_blobs=4757 nmethods=3959 adapters=710
 compilation: enabled
              stopped_count=0, restarted_count=0
 full_count=0

Compilation events (20 events):
Event: 33.617 Thread 0x000001e47842dd70 3962       3       org.codehaus.groovy.reflection.CachedMethod$MyComparator::compare (43 bytes)
Event: 33.618 Thread 0x000001e47842dd70 nmethod 3962 0x000001e4629cb690 code [0x000001e4629cb900, 0x000001e4629cc6e8]
Event: 33.618 Thread 0x000001e47842dd70 3967       3       groovy.lang.MetaBeanProperty::<init> (18 bytes)
Event: 33.618 Thread 0x000001e47842dd70 nmethod 3967 0x000001e4629cc910 code [0x000001e4629ccac0, 0x000001e4629ccdf8]
Event: 33.618 Thread 0x000001e47842dd70 3964       1       groovy.lang.MetaProperty::getType (5 bytes)
Event: 33.618 Thread 0x000001e47842dd70 nmethod 3964 0x000001e469eb1e10 code [0x000001e469eb1fa0, 0x000001e469eb2078]
Event: 33.618 Thread 0x000001e47842dd70 3965       1       groovy.lang.MetaBeanProperty::getGetter (5 bytes)
Event: 33.618 Thread 0x000001e47842dd70 nmethod 3965 0x000001e469eb2110 code [0x000001e469eb22a0, 0x000001e469eb2378]
Event: 33.618 Thread 0x000001e47842dd70 3970       3       groovy.lang.MetaClassImpl::makeReplacementMetaProperty (241 bytes)
Event: 33.620 Thread 0x000001e47842dd70 nmethod 3970 0x000001e4629ccf10 code [0x000001e4629cd380, 0x000001e4629cfd78]
Event: 33.620 Thread 0x000001e47842dd70 3966       1       groovy.lang.MetaBeanProperty::getField (5 bytes)
Event: 33.620 Thread 0x000001e47842dd70 nmethod 3966 0x000001e469eb2410 code [0x000001e469eb25a0, 0x000001e469eb2678]
Event: 33.620 Thread 0x000001e47842dd70 3969       1       groovy.lang.MetaBeanProperty::setGetter (6 bytes)
Event: 33.620 Thread 0x000001e47842dd70 nmethod 3969 0x000001e469eb2710 code [0x000001e469eb28a0, 0x000001e469eb29b8]
Event: 33.630 Thread 0x000001e47842d060 nmethod 3880 0x000001e469eb2a10 code [0x000001e469eb2ca0, 0x000001e469eb3728]
Event: 33.630 Thread 0x000001e47842d060 3873   !   4       jdk.internal.loader.URLClassPath$JarLoader::getResource (65 bytes)
Event: 33.650 Thread 0x000001e47842d060 nmethod 3873 0x000001e469eb4010 code [0x000001e469eb4280, 0x000001e469eb4b30]
Event: 33.650 Thread 0x000001e47842d060 3864       4       java.util.stream.ReferencePipeline::forEachWithCancel (23 bytes)
Event: 33.653 Thread 0x000001e47842d060 nmethod 3864 0x000001e469eb5210 code [0x000001e469eb53a0, 0x000001e469eb5518]
Event: 33.653 Thread 0x000001e47842d060 3848       4       java.util.regex.Pattern::compile (500 bytes)

GC Heap History (20 events):
Event: 20.179 GC heap before
{Heap before GC invocations=8 (full 0):
 garbage-first heap   total 57344K, used 40223K [0x0000000080000000, 0x0000000100000000)
  region size 1024K, 22 young (22528K), 2 survivors (2048K)
 Metaspace       used 27098K, committed 27392K, reserved 1114112K
  class space    used 3572K, committed 3712K, reserved 1048576K
}
Event: 20.183 GC heap after
{Heap after GC invocations=9 (full 0):
 garbage-first heap   total 57344K, used 21036K [0x0000000080000000, 0x0000000100000000)
  region size 1024K, 3 young (3072K), 3 survivors (3072K)
 Metaspace       used 27098K, committed 27392K, reserved 1114112K
  class space    used 3572K, committed 3712K, reserved 1048576K
}
Event: 23.049 GC heap before
{Heap before GC invocations=9 (full 0):
 garbage-first heap   total 57344K, used 43564K [0x0000000080000000, 0x0000000100000000)
  region size 1024K, 22 young (22528K), 3 survivors (3072K)
 Metaspace       used 29816K, committed 30144K, reserved 1114112K
  class space    used 4032K, committed 4160K, reserved 1048576K
}
Event: 23.061 GC heap after
{Heap after GC invocations=10 (full 0):
 garbage-first heap   total 57344K, used 28279K [0x0000000080000000, 0x0000000100000000)
  region size 1024K, 3 young (3072K), 3 survivors (3072K)
 Metaspace       used 29816K, committed 30144K, reserved 1114112K
  class space    used 4032K, committed 4160K, reserved 1048576K
}
Event: 23.261 GC heap before
{Heap before GC invocations=10 (full 0):
 garbage-first heap   total 57344K, used 32375K [0x0000000080000000, 0x0000000100000000)
  region size 1024K, 6 young (6144K), 3 survivors (3072K)
 Metaspace       used 30001K, committed 30336K, reserved 1114112K
  class space    used 4065K, committed 4224K, reserved 1048576K
}
Event: 23.266 GC heap after
{Heap after GC invocations=11 (full 0):
 garbage-first heap   total 57344K, used 32825K [0x0000000080000000, 0x0000000100000000)
  region size 1024K, 3 young (3072K), 3 survivors (3072K)
 Metaspace       used 30001K, committed 30336K, reserved 1114112K
  class space    used 4065K, committed 4224K, reserved 1048576K
}
Event: 23.960 GC heap before
{Heap before GC invocations=12 (full 0):
 garbage-first heap   total 78848K, used 45113K [0x0000000080000000, 0x0000000100000000)
  region size 1024K, 4 young (4096K), 3 survivors (3072K)
 Metaspace       used 30035K, committed 30336K, reserved 1114112K
  class space    used 4073K, committed 4224K, reserved 1048576K
}
Event: 23.962 GC heap after
{Heap after GC invocations=13 (full 0):
 garbage-first heap   total 78848K, used 44462K [0x0000000080000000, 0x0000000100000000)
  region size 1024K, 1 young (1024K), 1 survivors (1024K)
 Metaspace       used 30035K, committed 30336K, reserved 1114112K
  class space    used 4073K, committed 4224K, reserved 1048576K
}
Event: 25.724 GC heap before
{Heap before GC invocations=14 (full 0):
 garbage-first heap   total 80896K, used 60846K [0x0000000080000000, 0x0000000100000000)
  region size 1024K, 16 young (16384K), 1 survivors (1024K)
 Metaspace       used 31729K, committed 32064K, reserved 1114112K
  class space    used 4333K, committed 4480K, reserved 1048576K
}
Event: 25.727 GC heap after
{Heap after GC invocations=15 (full 0):
 garbage-first heap   total 80896K, used 48675K [0x0000000080000000, 0x0000000100000000)
  region size 1024K, 2 young (2048K), 2 survivors (2048K)
 Metaspace       used 31729K, committed 32064K, reserved 1114112K
  class space    used 4333K, committed 4480K, reserved 1048576K
}
Event: 27.038 GC heap before
{Heap before GC invocations=15 (full 0):
 garbage-first heap   total 80896K, used 64035K [0x0000000080000000, 0x0000000100000000)
  region size 1024K, 17 young (17408K), 2 survivors (2048K)
 Metaspace       used 33678K, committed 34048K, reserved 1114112K
  class space    used 4651K, committed 4800K, reserved 1048576K
}
Event: 27.043 GC heap after
{Heap after GC invocations=16 (full 0):
 garbage-first heap   total 80896K, used 49730K [0x0000000080000000, 0x0000000100000000)
  region size 1024K, 1 young (1024K), 1 survivors (1024K)
 Metaspace       used 33678K, committed 34048K, reserved 1114112K
  class space    used 4651K, committed 4800K, reserved 1048576K
}
Event: 28.593 GC heap before
{Heap before GC invocations=17 (full 0):
 garbage-first heap   total 86016K, used 64066K [0x0000000080000000, 0x0000000100000000)
  region size 1024K, 15 young (15360K), 1 survivors (1024K)
 Metaspace       used 35710K, committed 36096K, reserved 1114112K
  class space    used 4966K, committed 5120K, reserved 1048576K
}
Event: 28.595 GC heap after
{Heap after GC invocations=18 (full 0):
 garbage-first heap   total 86016K, used 50131K [0x0000000080000000, 0x0000000100000000)
  region size 1024K, 2 young (2048K), 2 survivors (2048K)
 Metaspace       used 35710K, committed 36096K, reserved 1114112K
  class space    used 4966K, committed 5120K, reserved 1048576K
}
Event: 32.120 GC heap before
{Heap before GC invocations=18 (full 0):
 garbage-first heap   total 86016K, used 68563K [0x0000000080000000, 0x0000000100000000)
  region size 1024K, 20 young (20480K), 2 survivors (2048K)
 Metaspace       used 39993K, committed 40448K, reserved 1114112K
  class space    used 5417K, committed 5632K, reserved 1048576K
}
Event: 32.127 GC heap after
{Heap after GC invocations=19 (full 0):
 garbage-first heap   total 86016K, used 52051K [0x0000000080000000, 0x0000000100000000)
  region size 1024K, 3 young (3072K), 3 survivors (3072K)
 Metaspace       used 39993K, committed 40448K, reserved 1114112K
  class space    used 5417K, committed 5632K, reserved 1048576K
}
Event: 33.277 GC heap before
{Heap before GC invocations=20 (full 0):
 garbage-first heap   total 89088K, used 68435K [0x0000000080000000, 0x0000000100000000)
  region size 1024K, 20 young (20480K), 3 survivors (3072K)
 Metaspace       used 42649K, committed 43072K, reserved 1114112K
  class space    used 5717K, committed 5952K, reserved 1048576K
}
Event: 33.286 GC heap after
{Heap after GC invocations=21 (full 0):
 garbage-first heap   total 89088K, used 54572K [0x0000000080000000, 0x0000000100000000)
  region size 1024K, 3 young (3072K), 3 survivors (3072K)
 Metaspace       used 42649K, committed 43072K, reserved 1114112K
  class space    used 5717K, committed 5952K, reserved 1048576K
}
Event: 33.632 GC heap before
{Heap before GC invocations=21 (full 0):
 garbage-first heap   total 89088K, used 70956K [0x0000000080000000, 0x0000000100000000)
  region size 1024K, 20 young (20480K), 3 survivors (3072K)
 Metaspace       used 43124K, committed 43520K, reserved 1114112K
  class space    used 5763K, committed 5952K, reserved 1048576K
}
Event: 33.637 GC heap after
{Heap after GC invocations=22 (full 0):
 garbage-first heap   total 89088K, used 55587K [0x0000000080000000, 0x0000000100000000)
  region size 1024K, 2 young (2048K), 2 survivors (2048K)
 Metaspace       used 43124K, committed 43520K, reserved 1114112K
  class space    used 5763K, committed 5952K, reserved 1048576K
}

Dll operation events (3 events):
Event: 0.127 Loaded shared library C:\Program Files\Android\Android Studio1\jbr\bin\java.dll
Event: 1.502 Loaded shared library C:\Program Files\Android\Android Studio1\jbr\bin\zip.dll
Event: 5.914 Loaded shared library C:\Program Files\Android\Android Studio1\jbr\bin\verify.dll

Deoptimization events (20 events):
Event: 33.383 Thread 0x000001e47f3fa9d0 Uncommon trap: trap_request=0xffffffbe fr.pc=0x000001e469e7f558 relative=0x0000000000002f58
Event: 33.383 Thread 0x000001e47f3fa9d0 Uncommon trap: reason=profile_predicate action=maybe_recompile pc=0x000001e469e7f558 method=java.util.AbstractCollection.addAll(Ljava/util/Collection;)Z @ 15 c2
Event: 33.383 Thread 0x000001e47f3fa9d0 DEOPT PACKING pc=0x000001e469e7f558 sp=0x00000063047f89b0
Event: 33.383 Thread 0x000001e47f3fa9d0 DEOPT UNPACKING pc=0x000001e4697569a3 sp=0x00000063047f89a8 mode 2
Event: 33.407 Thread 0x000001e47f3fa9d0 Uncommon trap: trap_request=0xffffffde fr.pc=0x000001e469ea493c relative=0x000000000000045c
Event: 33.407 Thread 0x000001e47f3fa9d0 Uncommon trap: reason=class_check action=maybe_recompile pc=0x000001e469ea493c method=java.util.regex.Pattern$Start.match(Ljava/util/regex/Matcher;ILjava/lang/CharSequence;)Z @ 44 c2
Event: 33.407 Thread 0x000001e47f3fa9d0 DEOPT PACKING pc=0x000001e469ea493c sp=0x00000063047f8130
Event: 33.407 Thread 0x000001e47f3fa9d0 DEOPT UNPACKING pc=0x000001e4697569a3 sp=0x00000063047f7ff8 mode 2
Event: 33.408 Thread 0x000001e47f3fa9d0 Uncommon trap: trap_request=0xffffffde fr.pc=0x000001e469ea493c relative=0x000000000000045c
Event: 33.408 Thread 0x000001e47f3fa9d0 Uncommon trap: reason=class_check action=maybe_recompile pc=0x000001e469ea493c method=java.util.regex.Pattern$Start.match(Ljava/util/regex/Matcher;ILjava/lang/CharSequence;)Z @ 44 c2
Event: 33.408 Thread 0x000001e47f3fa9d0 DEOPT PACKING pc=0x000001e469ea493c sp=0x00000063047f8130
Event: 33.408 Thread 0x000001e47f3fa9d0 DEOPT UNPACKING pc=0x000001e4697569a3 sp=0x00000063047f7ff8 mode 2
Event: 33.421 Thread 0x000001e47f3fa9d0 Uncommon trap: trap_request=0xffffffbe fr.pc=0x000001e469e7f558 relative=0x0000000000002f58
Event: 33.421 Thread 0x000001e47f3fa9d0 Uncommon trap: reason=profile_predicate action=maybe_recompile pc=0x000001e469e7f558 method=java.util.AbstractCollection.addAll(Ljava/util/Collection;)Z @ 15 c2
Event: 33.421 Thread 0x000001e47f3fa9d0 DEOPT PACKING pc=0x000001e469e7f558 sp=0x00000063047f89b0
Event: 33.421 Thread 0x000001e47f3fa9d0 DEOPT UNPACKING pc=0x000001e4697569a3 sp=0x00000063047f89a8 mode 2
Event: 33.467 Thread 0x000001e47f3fa9d0 Uncommon trap: trap_request=0xffffffbe fr.pc=0x000001e469e7f558 relative=0x0000000000002f58
Event: 33.467 Thread 0x000001e47f3fa9d0 Uncommon trap: reason=profile_predicate action=maybe_recompile pc=0x000001e469e7f558 method=java.util.AbstractCollection.addAll(Ljava/util/Collection;)Z @ 15 c2
Event: 33.467 Thread 0x000001e47f3fa9d0 DEOPT PACKING pc=0x000001e469e7f558 sp=0x00000063047f93b0
Event: 33.467 Thread 0x000001e47f3fa9d0 DEOPT UNPACKING pc=0x000001e4697569a3 sp=0x00000063047f93a8 mode 2

Classes unloaded (0 events):
No events

Classes redefined (0 events):
No events

Internal exceptions (20 events):
Event: 33.397 Thread 0x000001e47f3fa9d0 Exception <a 'java/lang/ClassNotFoundException'{0x0000000084a5cb20}: ijmapper_6jtzb62rrp7os6kpvwbohcv4fBeanInfo> (0x0000000084a5cb20) 
thrown [s\src\hotspot\share\classfile\systemDictionary.cpp, line 256]
Event: 33.397 Thread 0x000001e47f3fa9d0 Exception <a 'java/lang/ClassNotFoundException'{0x0000000084a673d0}: org/gradle/initialization/InitScriptBeanInfo> (0x0000000084a673d0) 
thrown [s\src\hotspot\share\classfile\systemDictionary.cpp, line 256]
Event: 33.398 Thread 0x000001e47f3fa9d0 Exception <a 'java/lang/ClassNotFoundException'{0x0000000084a71d40}: org/gradle/groovy/scripts/DefaultScriptBeanInfo> (0x0000000084a71d40) 
thrown [s\src\hotspot\share\classfile\systemDictionary.cpp, line 256]
Event: 33.399 Thread 0x000001e47f3fa9d0 Exception <a 'java/lang/ClassNotFoundException'{0x0000000084a7c630}: org/gradle/groovy/scripts/BasicScriptBeanInfo> (0x0000000084a7c630) 
thrown [s\src\hotspot\share\classfile\systemDictionary.cpp, line 256]
Event: 33.399 Thread 0x000001e47f3fa9d0 Exception <a 'java/lang/ClassNotFoundException'{0x0000000084a86eb0}: org/gradle/groovy/scripts/ScriptBeanInfo> (0x0000000084a86eb0) 
thrown [s\src\hotspot\share\classfile\systemDictionary.cpp, line 256]
Event: 33.400 Thread 0x000001e47f3fa9d0 Exception <a 'java/lang/ClassNotFoundException'{0x0000000084a9ec48}: groovy/lang/ScriptBeanInfo> (0x0000000084a9ec48) 
thrown [s\src\hotspot\share\classfile\systemDictionary.cpp, line 256]
Event: 33.401 Thread 0x000001e47f3fa9d0 Exception <a 'java/lang/ClassNotFoundException'{0x0000000084ab6c40}: groovy/lang/ScriptCustomizer> (0x0000000084ab6c40) 
thrown [s\src\hotspot\share\classfile\systemDictionary.cpp, line 256]
Event: 33.403 Thread 0x000001e47f3fa9d0 Exception <a 'java/lang/ClassNotFoundException'{0x0000000084ac91f8}: org/gradle/groovy/scripts/ScriptCustomizer> (0x0000000084ac91f8) 
thrown [s\src\hotspot\share\classfile\systemDictionary.cpp, line 256]
Event: 33.404 Thread 0x000001e47f3fa9d0 Exception <a 'java/lang/ClassNotFoundException'{0x0000000084ada7f8}: org/gradle/groovy/scripts/BasicScriptCustomizer> (0x0000000084ada7f8) 
thrown [s\src\hotspot\share\classfile\systemDictionary.cpp, line 256]
Event: 33.406 Thread 0x000001e47f3fa9d0 Exception <a 'java/lang/ClassNotFoundException'{0x0000000084af1a38}: org/gradle/groovy/scripts/DefaultScriptCustomizer> (0x0000000084af1a38) 
thrown [s\src\hotspot\share\classfile\systemDictionary.cpp, line 256]
Event: 33.420 Thread 0x000001e47f3fa9d0 Exception <a 'java/lang/ClassNotFoundException'{0x000000008491a5c0}: org/gradle/initialization/InitScriptCustomizer> (0x000000008491a5c0) 
thrown [s\src\hotspot\share\classfile\systemDictionary.cpp, line 256]
Event: 33.421 Thread 0x000001e47f3fa9d0 Exception <a 'java/lang/ClassNotFoundException'{0x0000000084929520}: ijmapper_6jtzb62rrp7os6kpvwbohcv4fCustomizer> (0x0000000084929520) 
thrown [s\src\hotspot\share\classfile\systemDictionary.cpp, line 256]
Event: 33.466 Thread 0x000001e47f3fa9d0 Exception <a 'java/lang/ClassNotFoundException'{0x00000000849e01f0}: org/gradle/internal/extensibility/DefaultExtraPropertiesExtensionBeanInfo> (0x00000000849e01f0) 
thrown [s\src\hotspot\share\classfile\systemDictionary.cpp, line 256]
Event: 33.467 Thread 0x000001e47f3fa9d0 Exception <a 'java/lang/ClassNotFoundException'{0x00000000849eaff0}: org/gradle/internal/extensibility/DefaultExtraPropertiesExtensionCustomizer> (0x00000000849eaff0) 
thrown [s\src\hotspot\share\classfile\systemDictionary.cpp, line 256]
Event: 33.589 Thread 0x000001e47f3fa9d0 Exception <a 'java/lang/ClassNotFoundException'{0x0000000084797e40}: org/gradle/invocation/DefaultGradle_DecoratedBeanInfo> (0x0000000084797e40) 
thrown [s\src\hotspot\share\classfile\systemDictionary.cpp, line 256]
Event: 33.589 Thread 0x000001e47f3fa9d0 Exception <a 'java/lang/ClassNotFoundException'{0x00000000847a8198}: org/gradle/invocation/DefaultGradleBeanInfo> (0x00000000847a8198) 
thrown [s\src\hotspot\share\classfile\systemDictionary.cpp, line 256]
Event: 33.590 Thread 0x000001e47f3fa9d0 Exception <a 'java/lang/ClassNotFoundException'{0x00000000847b8ba8}: org/gradle/api/internal/project/AbstractPluginAwareBeanInfo> (0x00000000847b8ba8) 
thrown [s\src\hotspot\share\classfile\systemDictionary.cpp, line 256]
Event: 33.592 Thread 0x000001e47f3fa9d0 Exception <a 'java/lang/ClassNotFoundException'{0x00000000847c92d0}: org/gradle/api/internal/project/AbstractPluginAwareCustomizer> (0x00000000847c92d0) 
thrown [s\src\hotspot\share\classfile\systemDictionary.cpp, line 256]
Event: 33.593 Thread 0x000001e47f3fa9d0 Exception <a 'java/lang/ClassNotFoundException'{0x00000000847df270}: org/gradle/invocation/DefaultGradleCustomizer> (0x00000000847df270) 
thrown [s\src\hotspot\share\classfile\systemDictionary.cpp, line 256]
Event: 33.599 Thread 0x000001e47f3fa9d0 Exception <a 'java/lang/ClassNotFoundException'{0x0000000084620300}: org/gradle/invocation/DefaultGradle_DecoratedCustomizer> (0x0000000084620300) 
thrown [s\src\hotspot\share\classfile\systemDictionary.cpp, line 256]

VM Operations (20 events):
Event: 32.190 Executing VM operation: G1Concurrent done
Event: 32.218 Executing VM operation: HandshakeAllThreads
Event: 32.218 Executing VM operation: HandshakeAllThreads done
Event: 32.768 Executing VM operation: HandshakeAllThreads
Event: 32.768 Executing VM operation: HandshakeAllThreads done
Event: 32.770 Executing VM operation: HandshakeAllThreads
Event: 32.770 Executing VM operation: HandshakeAllThreads done
Event: 32.781 Executing VM operation: HandshakeAllThreads
Event: 32.781 Executing VM operation: HandshakeAllThreads done
Event: 32.797 Executing VM operation: HandshakeAllThreads
Event: 32.797 Executing VM operation: HandshakeAllThreads done
Event: 32.823 Executing VM operation: HandshakeAllThreads
Event: 32.823 Executing VM operation: HandshakeAllThreads done
Event: 33.100 Executing VM operation: HandshakeAllThreads
Event: 33.100 Executing VM operation: HandshakeAllThreads done
Event: 33.277 Executing VM operation: G1CollectForAllocation
Event: 33.286 Executing VM operation: G1CollectForAllocation done
Event: 33.631 Executing VM operation: G1CollectForAllocation
Event: 33.637 Executing VM operation: G1CollectForAllocation done
Event: 33.681 Executing VM operation: G1Concurrent

Events (20 events):
Event: 33.098 loading class jdk/internal/jimage/ImageReader$SharedImageReader$LocationVisitor
Event: 33.098 loading class jdk/internal/jimage/ImageReader$SharedImageReader$LocationVisitor done
Event: 33.099 loading class java/nio/ByteBufferAsIntBufferL
Event: 33.099 loading class java/nio/ByteBufferAsIntBufferL done
Event: 33.102 loading class jdk/internal/jrtfs/JrtFileAttributes
Event: 33.102 loading class jdk/internal/jrtfs/JrtFileAttributes done
Event: 33.102 loading class jdk/internal/jrtfs/JrtDirectoryStream
Event: 33.103 loading class jdk/internal/jrtfs/JrtDirectoryStream done
Event: 33.105 loading class jdk/internal/jrtfs/JrtDirectoryStream$1
Event: 33.105 loading class jdk/internal/jrtfs/JrtDirectoryStream$1 done
Event: 33.106 loading class java/util/function/BooleanSupplier
Event: 33.106 loading class java/util/function/BooleanSupplier done
Event: 33.107 loading class jdk/internal/jimage/ImageReader$Resource
Event: 33.108 loading class jdk/internal/jimage/ImageReader$Resource done
Event: 33.374 loading class java/util/WeakHashMap$KeyIterator
Event: 33.374 loading class java/util/WeakHashMap$HashIterator
Event: 33.374 loading class java/util/WeakHashMap$HashIterator done
Event: 33.374 loading class java/util/WeakHashMap$KeyIterator done
Event: 33.617 loading class jdk/internal/reflect/UnsafeObjectFieldAccessorImpl
Event: 33.626 loading class jdk/internal/reflect/UnsafeObjectFieldAccessorImpl done


Dynamic libraries:
0x00007ff6953c0000 - 0x00007ff6953ca000 	C:\Program Files\Android\Android Studio1\jbr\bin\java.exe
0x00007fff887b0000 - 0x00007fff889a8000 	C:\WINDOWS\SYSTEM32\ntdll.dll
0x00007fff87580000 - 0x00007fff8763d000 	C:\WINDOWS\System32\KERNEL32.DLL
0x00007fff863c0000 - 0x00007fff866b6000 	C:\WINDOWS\System32\KERNELBASE.dll
0x00007fff862c0000 - 0x00007fff863c0000 	C:\WINDOWS\System32\ucrtbase.dll
0x00007fff69da0000 - 0x00007fff69db7000 	C:\Program Files\Android\Android Studio1\jbr\bin\jli.dll
0x00007fff69c70000 - 0x00007fff69c8b000 	C:\Program Files\Android\Android Studio1\jbr\bin\VCRUNTIME140.dll
0x00007fff86ab0000 - 0x00007fff86c4e000 	C:\WINDOWS\System32\USER32.dll
0x00007fff85e60000 - 0x00007fff85e82000 	C:\WINDOWS\System32\win32u.dll
0x00007fff87970000 - 0x00007fff8799b000 	C:\WINDOWS\System32\GDI32.dll
0x00007fff85f80000 - 0x00007fff86097000 	C:\WINDOWS\System32\gdi32full.dll
0x00007fff85e90000 - 0x00007fff85f2d000 	C:\WINDOWS\System32\msvcp_win.dll
0x00007fff72140000 - 0x00007fff723da000 	C:\WINDOWS\WinSxS\amd64_microsoft.windows.common-controls_6595b64144ccf1df_6.0.19041.3636_none_60b6a03d71f818d5\COMCTL32.dll
0x00007fff877a0000 - 0x00007fff8783e000 	C:\WINDOWS\System32\msvcrt.dll
0x00007fff87930000 - 0x00007fff87962000 	C:\WINDOWS\System32\IMM32.DLL
0x00007fff6cca0000 - 0x00007fff6ccac000 	C:\Program Files\Android\Android Studio1\jbr\bin\vcruntime140_1.dll
0x00007fff4d180000 - 0x00007fff4d20d000 	C:\Program Files\Android\Android Studio1\jbr\bin\msvcp140.dll
0x00007fff1f250000 - 0x00007fff1fed0000 	C:\Program Files\Android\Android Studio1\jbr\bin\server\jvm.dll
0x00007fff87420000 - 0x00007fff874d0000 	C:\WINDOWS\System32\ADVAPI32.dll
0x00007fff87ad0000 - 0x00007fff87b70000 	C:\WINDOWS\System32\sechost.dll
0x00007fff88590000 - 0x00007fff886b5000 	C:\WINDOWS\System32\RPCRT4.dll
0x00007fff86290000 - 0x00007fff862b7000 	C:\WINDOWS\System32\bcrypt.dll
0x00007fff7f460000 - 0x00007fff7f469000 	C:\WINDOWS\SYSTEM32\WSOCK32.dll
0x00007fff87650000 - 0x00007fff876bb000 	C:\WINDOWS\System32\WS2_32.dll
0x00007fff7c460000 - 0x00007fff7c487000 	C:\WINDOWS\SYSTEM32\WINMM.dll
0x00007fff7dfe0000 - 0x00007fff7dfea000 	C:\WINDOWS\SYSTEM32\VERSION.dll
0x00007fff84690000 - 0x00007fff846a2000 	C:\WINDOWS\SYSTEM32\kernel.appcore.dll
0x00007fff81820000 - 0x00007fff8182a000 	C:\Program Files\Android\Android Studio1\jbr\bin\jimage.dll
0x00007fff83ca0000 - 0x00007fff83e84000 	C:\WINDOWS\SYSTEM32\DBGHELP.DLL
0x00007fff7bf00000 - 0x00007fff7bf34000 	C:\WINDOWS\SYSTEM32\dbgcore.DLL
0x00007fff86200000 - 0x00007fff86282000 	C:\WINDOWS\System32\bcryptPrimitives.dll
0x00007fff74e10000 - 0x00007fff74e1e000 	C:\Program Files\Android\Android Studio1\jbr\bin\instrument.dll
0x00007fff69ee0000 - 0x00007fff69f05000 	C:\Program Files\Android\Android Studio1\jbr\bin\java.dll
0x00007fff7bf90000 - 0x00007fff7bfa8000 	C:\Program Files\Android\Android Studio1\jbr\bin\zip.dll
0x00007fff87d60000 - 0x00007fff884cb000 	C:\WINDOWS\System32\SHELL32.dll
0x00007fff83e90000 - 0x00007fff8462e000 	C:\WINDOWS\SYSTEM32\windows.storage.dll
0x00007fff86c50000 - 0x00007fff86fa3000 	C:\WINDOWS\System32\combase.dll
0x00007fff857c0000 - 0x00007fff857ee000 	C:\WINDOWS\SYSTEM32\Wldp.dll
0x00007fff87860000 - 0x00007fff8792d000 	C:\WINDOWS\System32\OLEAUT32.dll
0x00007fff87cb0000 - 0x00007fff87d5d000 	C:\WINDOWS\System32\SHCORE.dll
0x00007fff88530000 - 0x00007fff88585000 	C:\WINDOWS\System32\shlwapi.dll
0x00007fff85d90000 - 0x00007fff85db5000 	C:\WINDOWS\SYSTEM32\profapi.dll
0x00007fff69e70000 - 0x00007fff69e89000 	C:\Program Files\Android\Android Studio1\jbr\bin\net.dll
0x00007fff7e8e0000 - 0x00007fff7e9ea000 	C:\WINDOWS\SYSTEM32\WINHTTP.dll
0x00007fff854d0000 - 0x00007fff8553a000 	C:\WINDOWS\system32\mswsock.dll
0x00007fff69dd0000 - 0x00007fff69de6000 	C:\Program Files\Android\Android Studio1\jbr\bin\nio.dll
0x00007fff81270000 - 0x00007fff81280000 	C:\Program Files\Android\Android Studio1\jbr\bin\verify.dll
0x00007fff69ab0000 - 0x00007fff69ad7000 	C:\Users\ADMIN\.gradle\native\68d5fa5c4cc2d200863cafc0d521ce42e7d3e7ee720ec0a83991735586a16f82\windows-amd64\native-platform.dll
0x00007fff38180000 - 0x00007fff382c4000 	C:\Users\ADMIN\.gradle\native\e376f236ea51e6404a007f0833ffe2c6e607c4080706a723a18a27aeea778392\windows-amd64\native-platform-file-events.dll
0x00007fff7f5f0000 - 0x00007fff7f5f9000 	C:\Program Files\Android\Android Studio1\jbr\bin\management.dll
0x00007fff7f330000 - 0x00007fff7f33b000 	C:\Program Files\Android\Android Studio1\jbr\bin\management_ext.dll
0x00007fff87640000 - 0x00007fff87648000 	C:\WINDOWS\System32\PSAPI.DLL
0x00007fff85700000 - 0x00007fff85718000 	C:\WINDOWS\SYSTEM32\CRYPTSP.dll
0x00007fff84e10000 - 0x00007fff84e44000 	C:\WINDOWS\system32\rsaenh.dll
0x00007fff85d50000 - 0x00007fff85d7e000 	C:\WINDOWS\SYSTEM32\USERENV.dll
0x00007fff856f0000 - 0x00007fff856fc000 	C:\WINDOWS\SYSTEM32\CRYPTBASE.dll
0x00007fff851e0000 - 0x00007fff8521b000 	C:\WINDOWS\SYSTEM32\IPHLPAPI.DLL
0x00007fff87840000 - 0x00007fff87848000 	C:\WINDOWS\System32\NSI.dll
0x00007fff80360000 - 0x00007fff80377000 	C:\WINDOWS\SYSTEM32\dhcpcsvc6.DLL
0x00007fff80340000 - 0x00007fff8035d000 	C:\WINDOWS\SYSTEM32\dhcpcsvc.DLL
0x00007fff85220000 - 0x00007fff852eb000 	C:\WINDOWS\SYSTEM32\DNSAPI.dll
0x00007fff81310000 - 0x00007fff81317000 	C:\WINDOWS\system32\wshunix.dll

dbghelp: loaded successfully - version: 4.0.5 - missing functions: none
symbol engine: initialized successfully - sym options: 0x614 - pdb path: .;C:\Program Files\Android\Android Studio1\jbr\bin;C:\WINDOWS\SYSTEM32;C:\WINDOWS\WinSxS\amd64_microsoft.windows.common-controls_6595b64144ccf1df_6.0.19041.3636_none_60b6a03d71f818d5;C:\Program Files\Android\Android Studio1\jbr\bin\server;C:\Users\ADMIN\.gradle\native\68d5fa5c4cc2d200863cafc0d521ce42e7d3e7ee720ec0a83991735586a16f82\windows-amd64;C:\Users\ADMIN\.gradle\native\e376f236ea51e6404a007f0833ffe2c6e607c4080706a723a18a27aeea778392\windows-amd64

VM Arguments:
jvm_args: --add-opens=java.base/java.util=ALL-UNNAMED --add-opens=java.base/java.lang=ALL-UNNAMED --add-opens=java.base/java.lang.invoke=ALL-UNNAMED --add-opens=java.prefs/java.util.prefs=ALL-UNNAMED --add-opens=java.base/java.nio.charset=ALL-UNNAMED --add-opens=java.base/java.net=ALL-UNNAMED --add-opens=java.base/java.util.concurrent.atomic=ALL-UNNAMED -Xmx2048m -Dfile.encoding=UTF-8 -Duser.country=GB -Duser.language=en -Duser.variant -javaagent:C:\Users\ADMIN\.gradle\wrapper\dists\gradle-8.2-bin\bbg7u40eoinfdyxsxr3z4i7ta\gradle-8.2\lib\agents\gradle-instrumentation-agent-8.2.jar 
java_command: org.gradle.launcher.daemon.bootstrap.GradleDaemon 8.2
java_class_path (initial): C:\Users\ADMIN\.gradle\wrapper\dists\gradle-8.2-bin\bbg7u40eoinfdyxsxr3z4i7ta\gradle-8.2\lib\gradle-launcher-8.2.jar
Launcher Type: SUN_STANDARD

[Global flags]
     intx CICompilerCount                          = 3                                         {product} {ergonomic}
     uint ConcGCThreads                            = 1                                         {product} {ergonomic}
     uint G1ConcRefinementThreads                  = 4                                         {product} {ergonomic}
   size_t G1HeapRegionSize                         = 1048576                                   {product} {ergonomic}
    uintx GCDrainStackTargetSize                   = 64                                        {product} {ergonomic}
   size_t InitialHeapSize                          = 58720256                                  {product} {ergonomic}
   size_t MarkStackSize                            = 4194304                                   {product} {ergonomic}
   size_t MaxHeapSize                              = 2147483648                                {product} {command line}
   size_t MaxNewSize                               = 1287651328                                {product} {ergonomic}
   size_t MinHeapDeltaBytes                        = 1048576                                   {product} {ergonomic}
   size_t MinHeapSize                              = 8388608                                   {product} {ergonomic}
    uintx NonNMethodCodeHeapSize                   = 5832780                                {pd product} {ergonomic}
    uintx NonProfiledCodeHeapSize                  = 122912730                              {pd product} {ergonomic}
    uintx ProfiledCodeHeapSize                     = 122912730                              {pd product} {ergonomic}
    uintx ReservedCodeCacheSize                    = 251658240                              {pd product} {ergonomic}
     bool SegmentedCodeCache                       = true                                      {product} {ergonomic}
   size_t SoftMaxHeapSize                          = 2147483648                             {manageable} {ergonomic}
     bool UseCompressedClassPointers               = true                           {product lp64_product} {ergonomic}
     bool UseCompressedOops                        = true                           {product lp64_product} {ergonomic}
     bool UseG1GC                                  = true                                      {product} {ergonomic}
     bool UseLargePagesIndividualAllocation        = false                                  {pd product} {ergonomic}

Logging:
Log output configuration:
 #0: stdout all=warning uptime,level,tags
 #1: stderr all=off uptime,level,tags

Environment Variables:
JAVA_HOME=C:\Program Files\Java\jdk1.8.0_231;
CLASSPATH=2.1.0;C:\lucene-2.1.0\build\classes\java; .
PATH=C:\Program Files\Common Files\Oracle\Java\javapath;";C:\Program Files\Java\bin";C:\Program Files\Git\cmd;C:\ProgramData\chocolatey\bin;C:\php;C:\composer;C:\Program Files\Java\jdk1.8.0_231\bin;C:\Users\ADMIN\AppData\Local\GitHubDesktop\bin;C:\Users\ADMIN\AppData\Local\Programs\Microsoft VS Code\bin;C:\ProgramData\chocolatey\lib\mingw\tools\install\mingw64\bin;C:\Users\ADMIN\AppData\Roaming\Composer\vendor\bin;C:\Users\ADMIN\AppData\Roaming\Python\Python310\Scripts;
USERNAME=ADMIN
OS=Windows_NT
PROCESSOR_IDENTIFIER=AMD64 Family 23 Model 17 Stepping 0, AuthenticAMD
TMP=C:\Users\ADMIN\AppData\Local\Temp
TEMP=C:\Users\ADMIN\AppData\Local\Temp


JNI global refs:
JNI global refs: 24, weak refs: 0

JNI global refs memory usage: 843, weak refs: 841

OOME stack traces (most recent first):
Classloader memory used:
Loader org.gradle.internal.classloader.VisitableURLClassLoader                         : 2534K
Loader bootstrap                                                                       : 2324K
Loader org.gradle.initialization.MixInLegacyTypesClassLoader                           : 445K
Loader jdk.internal.loader.ClassLoaders$PlatformClassLoader                            : 66301B
Loader org.gradle.internal.classloader.VisitableURLClassLoader                         : 52113B
Loader jdk.internal.loader.ClassLoaders$AppClassLoader                                 : 28345B
Loader jdk.internal.reflect.DelegatingClassLoader                                      : 21138B
Loader org.gradle.groovy.scripts.internal.DefaultScriptCompilationHandler$ScriptClassLoader: 758B

Classes loaded by more than one classloader:
Class org.gradle.api.GradleException                                                  : loaded 3 times (x 80B)
Class org.gradle.util.GradleVersion                                                   : loaded 2 times (x 81B)
Class org.gradle.internal.classpath.ClassPath                                         : loaded 2 times (x 68B)
Class org.gradle.api.internal.classpath.DefaultModuleRegistry                         : loaded 2 times (x 84B)
Class org.gradle.api.Action                                                           : loaded 2 times (x 68B)
Class org.gradle.api.internal.DefaultClassPathProvider                                : loaded 2 times (x 74B)
Class org.gradle.internal.installation.GradleInstallation$1                           : loaded 2 times (x 73B)
Class org.gradle.internal.exceptions.DefaultMultiCauseException                       : loaded 2 times (x 85B)
Class org.gradle.internal.time.MonotonicClock                                         : loaded 2 times (x 75B)
Class org.gradle.internal.classloader.FilteringClassLoader                            : loaded 2 times (x 102B)
Class org.gradle.internal.classpath.DefaultClassPath$ImmutableUniqueList$Builder      : loaded 2 times (x 73B)
Class org.gradle.internal.classloader.ClassLoaderVisitor                              : loaded 2 times (x 74B)
Class org.gradle.internal.time.DefaultCountdownTimer                                  : loaded 2 times (x 86B)
Class org.gradle.internal.service.DefaultServiceLocator                               : loaded 2 times (x 81B)
Class org.gradle.internal.service.UnknownServiceException                             : loaded 2 times (x 81B)
Class org.gradle.internal.classloader.DefaultClassLoaderFactory                       : loaded 2 times (x 80B)
Class org.gradle.internal.classloader.VisitableURLClassLoader$Spec                    : loaded 2 times (x 72B)
Class org.gradle.tooling.model.ProjectModel                                           : loaded 2 times (x 68B)
Class org.gradle.internal.installation.GradleInstallation                             : loaded 2 times (x 73B)
Class org.gradle.api.internal.classpath.ModuleRegistry                                : loaded 2 times (x 68B)
Class org.gradle.api.internal.ClassPathProvider                                       : loaded 2 times (x 68B)
Class org.gradle.internal.classloader.ClasspathUtil$1                                 : loaded 2 times (x 74B)
Class org.gradle.internal.classloader.ClassLoaderFactory                              : loaded 2 times (x 68B)
Class org.gradle.api.internal.classpath.ManifestUtil                                  : loaded 2 times (x 69B)
Class org.gradle.api.specs.Spec                                                       : loaded 2 times (x 68B)
Class org.gradle.internal.IoActions                                                   : loaded 2 times (x 69B)
Class org.gradle.api.internal.classpath.EffectiveClassPath                            : loaded 2 times (x 88B)
Class org.gradle.internal.installation.CurrentGradleInstallation                      : loaded 2 times (x 71B)
Class org.gradle.internal.agents.InstrumentingClassLoader                             : loaded 2 times (x 68B)
Class org.gradle.internal.installation.CurrentGradleInstallationLocator               : loaded 2 times (x 69B)
Class org.gradle.api.internal.classpath.Module                                        : loaded 2 times (x 68B)
Class org.gradle.internal.service.CachingServiceLocator                               : loaded 2 times (x 80B)
Class org.gradle.internal.time.Timer                                                  : loaded 2 times (x 68B)
Class org.gradle.internal.classpath.DefaultClassPath                                  : loaded 2 times (x 88B)
Class org.gradle.internal.time.Time                                                   : loaded 2 times (x 69B)
Class org.gradle.internal.time.TimeSource$1                                           : loaded 2 times (x 75B)
Class org.gradle.internal.classloader.SystemClassLoaderSpec                           : loaded 2 times (x 69B)
Class kotlin.Function                                                                 : loaded 2 times (x 68B)
Class org.gradle.api.UncheckedIOException                                             : loaded 2 times (x 80B)
Class org.gradle.internal.time.CountdownTimer                                         : loaded 2 times (x 68B)
Class org.gradle.internal.time.Clock                                                  : loaded 2 times (x 68B)
Class org.gradle.internal.classloader.ClasspathUtil                                   : loaded 2 times (x 69B)
Class org.gradle.api.internal.DefaultClassPathRegistry                                : loaded 2 times (x 74B)
Class org.gradle.api.internal.classpath.DefaultModuleRegistry$DefaultModule           : loaded 2 times (x 84B)
Class org.gradle.internal.time.TimeSource                                             : loaded 2 times (x 68B)
Class org.gradle.api.internal.classpath.UnknownModuleException                        : loaded 2 times (x 80B)
Class org.gradle.internal.service.ServiceLookupException                              : loaded 2 times (x 80B)
Class org.gradle.cache.GlobalCache                                                    : loaded 2 times (x 68B)
Class [Lorg.gradle.api.internal.ClassPathProvider;                                    : loaded 2 times (x 67B)
Class org.gradle.internal.operations.MultipleBuildOperationFailures                   : loaded 2 times (x 85B)
Class org.gradle.util.internal.GUtil                                                  : loaded 2 times (x 69B)
Class org.gradle.internal.classloader.ClassLoaderSpec                                 : loaded 2 times (x 69B)
Class org.gradle.internal.classloader.VisitableURLClassLoader                         : loaded 2 times (x 114B)
Class org.gradle.internal.Cast                                                        : loaded 2 times (x 69B)
Class org.gradle.api.internal.ClassPathRegistry                                       : loaded 2 times (x 68B)
Class org.gradle.internal.classloader.VisitableURLClassLoader$InstrumentingVisitableURLClassLoader: loaded 2 times (x 120B)
Class org.gradle.internal.classloader.ClassLoaderHierarchy                            : loaded 2 times (x 68B)
Class org.gradle.internal.exceptions.MultiCauseException                              : loaded 2 times (x 68B)
Class org.gradle.internal.InternalTransformer                                         : loaded 2 times (x 68B)
Class org.gradle.internal.service.ServiceLocator                                      : loaded 2 times (x 68B)
Class org.gradle.internal.classpath.DefaultClassPath$ImmutableUniqueList              : loaded 2 times (x 159B)
Class org.gradle.internal.time.DefaultTimer                                           : loaded 2 times (x 78B)
Class org.gradle.internal.classpath.TransformedClassPath                              : loaded 2 times (x 94B)


---------------  S Y S T E M  ---------------

OS:
 Windows 10 , 64 bit Build 19041 (10.0.19041.3636)
OS uptime: 20 days 22:14 hours
Hyper-V role detected

CPU: total 4 (initial active 4) (4 cores per cpu, 2 threads per core) family 23 model 17 stepping 0 microcode 0x0, cx8, cmov, fxsr, ht, mmx, 3dnowpref, sse, sse2, sse3, ssse3, sse4a, sse4.1, sse4.2, popcnt, lzcnt, tsc, tscinvbit, avx, avx2, aes, clmul, bmi1, bmi2, adx, sha, fma, vzeroupper, clflush, clflushopt, hv

Memory: 4k page, system-wide physical 3539M (213M free)
TotalPageFile size 14291M (AvailPageFile size 16M)
current process WorkingSet (physical memory assigned to process): 162M, peak: 165M
current process commit charge ("private bytes"): 244M, peak: 262M

vm_info: OpenJDK 64-Bit Server VM (17.0.7+0-b2043.56-10550314) for windows-amd64 JRE (17.0.7+0-b2043.56-10550314), built on Jul 24 2023 18:27:45 by "androidbuild" with MS VC++ 16.10 / 16.11 (VS2019)

END.
