#
# There is insufficient memory for the Java Runtime Environment to continue.
# Native memory allocation (mmap) failed to map 19922944 bytes for G1 virtual space
# Possible reasons:
#   The system is out of physical RAM or swap space
#   The process is running with CompressedOops enabled, and the Java Heap may be blocking the growth of the native heap
# Possible solutions:
#   Reduce memory load on the system
#   Increase physical memory or swap space
#   Check if swap backing store is full
#   Decrease Java heap size (-Xmx/-Xms)
#   Decrease number of Java threads
#   Decrease Java thread stack sizes (-Xss)
#   Set larger code cache with -XX:ReservedCodeCacheSize=
#   JVM is running with Unscaled Compressed Oops mode in which the Java heap is
#     placed in the first 4GB address space. The Java Heap base address is the
#     maximum limit for the native heap growth. Please use -XX:HeapBaseMinAddress
#     to set the Java Heap base and to place the Java Heap above 4GB virtual address.
# This output file may be truncated or incomplete.
#
#  Out of Memory Error (os_windows.cpp:3771), pid=13324, tid=12404
#
# JRE version: OpenJDK Runtime Environment (17.0.7) (build 17.0.7+0-b2043.56-10550314)
# Java VM: OpenJDK 64-Bit Server VM (17.0.7+0-b2043.56-10550314, mixed mode, tiered, compressed oops, compressed class ptrs, g1 gc, windows-amd64)
# No core dump will be written. Minidumps are not enabled by default on client versions of Windows
#

---------------  S U M M A R Y ------------

Command Line: --add-opens=java.base/java.util=ALL-UNNAMED --add-opens=java.base/java.lang=ALL-UNNAMED --add-opens=java.base/java.lang.invoke=ALL-UNNAMED --add-opens=java.prefs/java.util.prefs=ALL-UNNAMED --add-opens=java.base/java.nio.charset=ALL-UNNAMED --add-opens=java.base/java.net=ALL-UNNAMED --add-opens=java.base/java.util.concurrent.atomic=ALL-UNNAMED -Xmx2048m -Dfile.encoding=UTF-8 -Duser.country=GB -Duser.language=en -Duser.variant -javaagent:C:\Users\ADMIN\.gradle\wrapper\dists\gradle-8.2-bin\bbg7u40eoinfdyxsxr3z4i7ta\gradle-8.2\lib\agents\gradle-instrumentation-agent-8.2.jar org.gradle.launcher.daemon.bootstrap.GradleDaemon 8.2

Host: AMD Ryzen 3 2200U with Radeon Vega Mobile Gfx  , 4 cores, 3G,  Windows 10 , 64 bit Build 19041 (10.0.19041.3636)
Time: Sun Apr  7 23:13:22 2024 GMT Summer Time elapsed time: 33.108528 seconds (0d 0h 0m 33s)

---------------  T H R E A D  ---------------

Current thread (0x000001b429a467e0):  VMThread "VM Thread" [stack: 0x00000011cef00000,0x00000011cf000000] [id=12404]

Stack: [0x00000011cef00000,0x00000011cf000000]
Native frames: (J=compiled Java code, j=interpreted, Vv=VM code, C=native code)
V  [jvm.dll+0x683bfa]
V  [jvm.dll+0x8430a4]
V  [jvm.dll+0x8449be]
V  [jvm.dll+0x845023]
V  [jvm.dll+0x24ad2f]
V  [jvm.dll+0x680ac9]
V  [jvm.dll+0x67519a]
V  [jvm.dll+0x30b3cb]
V  [jvm.dll+0x312876]
V  [jvm.dll+0x36221e]
V  [jvm.dll+0x36244f]
V  [jvm.dll+0x2e14a8]
V  [jvm.dll+0x2df684]
V  [jvm.dll+0x2dec8c]
V  [jvm.dll+0x32382b]
V  [jvm.dll+0x8496eb]
V  [jvm.dll+0x84a424]
V  [jvm.dll+0x84a93d]
V  [jvm.dll+0x84ad14]
V  [jvm.dll+0x84ade0]
V  [jvm.dll+0x7f2aea]
V  [jvm.dll+0x682a35]
C  [ucrtbase.dll+0x21bb2]
C  [KERNEL32.DLL+0x17344]
C  [ntdll.dll+0x526b1]

VM_Operation (0x00000011d06f5a70): G1CollectForAllocation, mode: safepoint, requested by thread 0x000001b42e50a030


---------------  P R O C E S S  ---------------

Threads class SMR info:
_java_thread_list=0x000001b42e86e600, length=38, elements={
0x000001b40e541690, 0x000001b429a6b630, 0x000001b429a6c3b0, 0x000001b429a561b0,
0x000001b42e00c1a0, 0x000001b42e010a70, 0x000001b42e011330, 0x000001b42e011fd0,
0x000001b42e013120, 0x000001b429abbe70, 0x000001b42e05fcf0, 0x000001b42e288db0,
0x000001b42f7f0270, 0x000001b43069e000, 0x000001b42e3c6f10, 0x000001b42f6055b0,
0x000001b42e6c0320, 0x000001b42fa07ca0, 0x000001b42e50a030, 0x000001b42f95e450,
0x000001b42f95fc60, 0x000001b42f960130, 0x000001b42f95e920, 0x000001b42f960600,
0x000001b42f95d110, 0x000001b42f95d5e0, 0x000001b42f960ad0, 0x000001b42f95df80,
0x000001b42f95edf0, 0x000001b42f95f2c0, 0x000001b42f95f790, 0x000001b4300a5f80,
0x000001b4300a7790, 0x000001b4300a3430, 0x000001b4300a72c0, 0x000001b4300a3900,
0x000001b4300a6450, 0x000001b4300a7c60
}

Java Threads: ( => current thread )
  0x000001b40e541690 JavaThread "main" [_thread_blocked, id=10500, stack(0x00000011ce900000,0x00000011cea00000)]
  0x000001b429a6b630 JavaThread "Reference Handler" daemon [_thread_blocked, id=12304, stack(0x00000011cf000000,0x00000011cf100000)]
  0x000001b429a6c3b0 JavaThread "Finalizer" daemon [_thread_blocked, id=14380, stack(0x00000011cf100000,0x00000011cf200000)]
  0x000001b429a561b0 JavaThread "Signal Dispatcher" daemon [_thread_blocked, id=20180, stack(0x00000011cf200000,0x00000011cf300000)]
  0x000001b42e00c1a0 JavaThread "Attach Listener" daemon [_thread_blocked, id=16704, stack(0x00000011cf300000,0x00000011cf400000)]
  0x000001b42e010a70 JavaThread "Service Thread" daemon [_thread_blocked, id=12720, stack(0x00000011cf400000,0x00000011cf500000)]
  0x000001b42e011330 JavaThread "Monitor Deflation Thread" daemon [_thread_blocked, id=23000, stack(0x00000011cf500000,0x00000011cf600000)]
  0x000001b42e011fd0 JavaThread "C2 CompilerThread0" daemon [_thread_blocked, id=5540, stack(0x00000011cf600000,0x00000011cf700000)]
  0x000001b42e013120 JavaThread "C1 CompilerThread0" daemon [_thread_blocked, id=16792, stack(0x00000011cf700000,0x00000011cf800000)]
  0x000001b429abbe70 JavaThread "Sweeper thread" daemon [_thread_blocked, id=11892, stack(0x00000011cf800000,0x00000011cf900000)]
  0x000001b42e05fcf0 JavaThread "Common-Cleaner" daemon [_thread_blocked, id=7564, stack(0x00000011cf900000,0x00000011cfa00000)]
  0x000001b42e288db0 JavaThread "Notification Thread" daemon [_thread_blocked, id=18680, stack(0x00000011cfb00000,0x00000011cfc00000)]
  0x000001b42f7f0270 JavaThread "Daemon health stats" [_thread_blocked, id=11760, stack(0x00000011d0000000,0x00000011d0100000)]
  0x000001b43069e000 JavaThread "Incoming local TCP Connector on port 62323" [_thread_in_native, id=23160, stack(0x00000011d0100000,0x00000011d0200000)]
  0x000001b42e3c6f10 JavaThread "Daemon periodic checks" [_thread_blocked, id=9644, stack(0x00000011d0200000,0x00000011d0300000)]
  0x000001b42f6055b0 JavaThread "Daemon" [_thread_blocked, id=18188, stack(0x00000011d0300000,0x00000011d0400000)]
  0x000001b42e6c0320 JavaThread "Handler for socket connection from /127.0.0.1:62323 to /127.0.0.1:62326" [_thread_in_native, id=16752, stack(0x00000011d0400000,0x00000011d0500000)]
  0x000001b42fa07ca0 JavaThread "Cancel handler" [_thread_blocked, id=6692, stack(0x00000011d0500000,0x00000011d0600000)]
  0x000001b42e50a030 JavaThread "Daemon worker" [_thread_blocked, id=5260, stack(0x00000011d0600000,0x00000011d0700000)]
  0x000001b42f95e450 JavaThread "Asynchronous log dispatcher for DefaultDaemonConnection: socket connection from /127.0.0.1:62323 to /127.0.0.1:62326" [_thread_blocked, id=5440, stack(0x00000011d0700000,0x00000011d0800000)]
  0x000001b42f95fc60 JavaThread "Stdin handler" [_thread_blocked, id=18968, stack(0x00000011d0800000,0x00000011d0900000)]
  0x000001b42f960130 JavaThread "Daemon client event forwarder" [_thread_blocked, id=19400, stack(0x00000011d0900000,0x00000011d0a00000)]
  0x000001b42f95e920 JavaThread "Cache worker for journal cache (C:\Users\ADMIN\.gradle\caches\journal-1)" [_thread_blocked, id=16720, stack(0x00000011d0a00000,0x00000011d0b00000)]
  0x000001b42f960600 JavaThread "File lock request listener" [_thread_in_native, id=21972, stack(0x00000011d0b00000,0x00000011d0c00000)]
  0x000001b42f95d110 JavaThread "Cache worker for file hash cache (C:\Users\ADMIN\.gradle\caches\8.2\fileHashes)" [_thread_blocked, id=16588, stack(0x00000011d0c00000,0x00000011d0d00000)]
  0x000001b42f95d5e0 JavaThread "File lock release action executor" [_thread_blocked, id=19260, stack(0x00000011d0d00000,0x00000011d0e00000)]
  0x000001b42f960ad0 JavaThread "File watcher server" daemon [_thread_in_native, id=18276, stack(0x00000011d0e00000,0x00000011d0f00000)]
  0x000001b42f95df80 JavaThread "File watcher consumer" daemon [_thread_blocked, id=13568, stack(0x00000011d0f00000,0x00000011d1000000)]
  0x000001b42f95edf0 JavaThread "jar transforms" [_thread_blocked, id=16012, stack(0x00000011d1000000,0x00000011d1100000)]
  0x000001b42f95f2c0 JavaThread "jar transforms Thread 2" [_thread_blocked, id=14372, stack(0x00000011d1100000,0x00000011d1200000)]
  0x000001b42f95f790 JavaThread "jar transforms Thread 3" [_thread_blocked, id=5588, stack(0x00000011d1200000,0x00000011d1300000)]
  0x000001b4300a5f80 JavaThread "jar transforms Thread 4" [_thread_blocked, id=19812, stack(0x00000011d1300000,0x00000011d1400000)]
  0x000001b4300a7790 JavaThread "Cache worker for checksums cache (C:\Users\ADMIN\OneDrive\Desktop\Major-Group-Project-main\.gradle\8.2\checksums)" [_thread_blocked, id=21348, stack(0x00000011d1400000,0x00000011d1500000)]
  0x000001b4300a3430 JavaThread "Cache worker for cache directory md-rule (C:\Users\ADMIN\.gradle\caches\8.2\md-rule)" [_thread_blocked, id=23040, stack(0x00000011d1500000,0x00000011d1600000)]
  0x000001b4300a72c0 JavaThread "Cache worker for file content cache (C:\Users\ADMIN\.gradle\caches\8.2\fileContent)" [_thread_blocked, id=18764, stack(0x00000011d1600000,0x00000011d1700000)]
  0x000001b4300a3900 JavaThread "Cache worker for file hash cache (C:\Users\ADMIN\OneDrive\Desktop\Major-Group-Project-main\.gradle\8.2\fileHashes)" [_thread_blocked, id=20296, stack(0x00000011d1700000,0x00000011d1800000)]
  0x000001b4300a6450 JavaThread "Cache worker for cache directory md-supplier (C:\Users\ADMIN\.gradle\caches\8.2\md-supplier)" [_thread_blocked, id=18708, stack(0x00000011d1800000,0x00000011d1900000)]
  0x000001b4300a7c60 JavaThread "Cache worker for execution history cache (C:\Users\ADMIN\.gradle\caches\8.2\executionHistory)" [_thread_blocked, id=19224, stack(0x00000011d1900000,0x00000011d1a00000)]

Other Threads:
=>0x000001b429a467e0 VMThread "VM Thread" [stack: 0x00000011cef00000,0x00000011cf000000] [id=12404]
  0x000001b42e289280 WatcherThread [stack: 0x00000011cfc00000,0x00000011cfd00000] [id=16804]
  0x000001b40e59db70 GCTaskThread "GC Thread#0" [stack: 0x00000011cea00000,0x00000011ceb00000] [id=22692]
  0x000001b42e3f3490 GCTaskThread "GC Thread#1" [stack: 0x00000011cfd00000,0x00000011cfe00000] [id=16404]
  0x000001b42e5ad650 GCTaskThread "GC Thread#2" [stack: 0x00000011cfe00000,0x00000011cff00000] [id=11812]
  0x000001b42eee4f50 GCTaskThread "GC Thread#3" [stack: 0x00000011cff00000,0x00000011d0000000] [id=20712]
  0x000001b40e5ae9c0 ConcurrentGCThread "G1 Main Marker" [stack: 0x00000011ceb00000,0x00000011cec00000] [id=21668]
  0x000001b40e5af2e0 ConcurrentGCThread "G1 Conc#0" [stack: 0x00000011cec00000,0x00000011ced00000] [id=12552]
  0x000001b40e5eaed0 ConcurrentGCThread "G1 Refine#0" [stack: 0x00000011ced00000,0x00000011cee00000] [id=14908]
  0x000001b40e5eb800 ConcurrentGCThread "G1 Service" [stack: 0x00000011cee00000,0x00000011cef00000] [id=16536]

Threads with active compile tasks:
C2 CompilerThread0    33194 3916   !   4       jdk.internal.loader.URLClassPath$JarLoader::getResource (354 bytes)

VM state: at safepoint (normal execution)

VM Mutex/Monitor currently owned by a thread:  ([mutex/lock_event])
[0x000001b40e53d840] Threads_lock - owner thread: 0x000001b429a467e0
[0x000001b40e53df90] Heap_lock - owner thread: 0x000001b42e50a030

Heap address: 0x0000000080000000, size: 2048 MB, Compressed Oops mode: 32-bit

CDS archive(s) not mapped
Compressed class space mapped at: 0x0000000100000000-0x0000000140000000, reserved size: 1073741824
Narrow klass base: 0x0000000000000000, Narrow klass shift: 3, Narrow klass range: 0x140000000

GC Precious Log:
 CPUs: 4 total, 4 available
 Memory: 3539M
 Large Page Support: Disabled
 NUMA Support: Disabled
 Compressed Oops: Enabled (32-bit)
 Heap Region Size: 1M
 Heap Min Capacity: 8M
 Heap Initial Capacity: 56M
 Heap Max Capacity: 2G
 Pre-touch: Disabled
 Parallel Workers: 4
 Concurrent Workers: 1
 Concurrent Refinement Workers: 4
 Periodic GC: Disabled

Heap:
 garbage-first heap   total 87040K, used 54528K [0x0000000080000000, 0x0000000100000000)
  region size 1024K, 2 young (2048K), 2 survivors (2048K)
 Metaspace       used 42724K, committed 43136K, reserved 1114112K
  class space    used 5721K, committed 5952K, reserved 1048576K

Heap Regions: E=young(eden), S=young(survivor), O=old, HS=humongous(starts), HC=humongous(continues), CS=collection set, F=free, OA=open archive, CA=closed archive, TAMS=top-at-mark-start (previous, next)
|   0|0x0000000080000000, 0x0000000080100000, 0x0000000080100000|100%| O|  |TAMS 0x0000000080100000, 0x0000000080100000| Untracked 
|   1|0x0000000080100000, 0x0000000080200000, 0x0000000080200000|100%| O|  |TAMS 0x0000000080200000, 0x0000000080200000| Untracked 
|   2|0x0000000080200000, 0x0000000080300000, 0x0000000080300000|100%|HS|  |TAMS 0x0000000080300000, 0x0000000080300000| Complete 
|   3|0x0000000080300000, 0x0000000080400000, 0x0000000080400000|100%|HC|  |TAMS 0x0000000080400000, 0x0000000080400000| Complete 
|   4|0x0000000080400000, 0x0000000080500000, 0x0000000080500000|100%|HC|  |TAMS 0x0000000080500000, 0x0000000080500000| Complete 
|   5|0x0000000080500000, 0x0000000080600000, 0x0000000080600000|100%|HC|  |TAMS 0x0000000080600000, 0x0000000080600000| Complete 
|   6|0x0000000080600000, 0x0000000080700000, 0x0000000080700000|100%| O|  |TAMS 0x0000000080700000, 0x0000000080700000| Untracked 
|   7|0x0000000080700000, 0x0000000080800000, 0x0000000080800000|100%| O|  |TAMS 0x0000000080800000, 0x0000000080800000| Untracked 
|   8|0x0000000080800000, 0x0000000080900000, 0x0000000080900000|100%| O|  |TAMS 0x0000000080900000, 0x0000000080900000| Untracked 
|   9|0x0000000080900000, 0x0000000080a00000, 0x0000000080a00000|100%| O|  |TAMS 0x0000000080a00000, 0x0000000080a00000| Untracked 
|  10|0x0000000080a00000, 0x0000000080b00000, 0x0000000080b00000|100%| O|  |TAMS 0x0000000080b00000, 0x0000000080b00000| Untracked 
|  11|0x0000000080b00000, 0x0000000080c00000, 0x0000000080c00000|100%| O|  |TAMS 0x0000000080c00000, 0x0000000080c00000| Untracked 
|  12|0x0000000080c00000, 0x0000000080d00000, 0x0000000080d00000|100%| O|  |TAMS 0x0000000080d00000, 0x0000000080d00000| Untracked 
|  13|0x0000000080d00000, 0x0000000080e00000, 0x0000000080e00000|100%| O|  |TAMS 0x0000000080d00000, 0x0000000080e00000| Untracked 
|  14|0x0000000080e00000, 0x0000000080f00000, 0x0000000080f00000|100%| O|  |TAMS 0x0000000080f00000, 0x0000000080f00000| Untracked 
|  15|0x0000000080f00000, 0x0000000081000000, 0x0000000081000000|100%| O|  |TAMS 0x0000000081000000, 0x0000000081000000| Untracked 
|  16|0x0000000081000000, 0x0000000081100000, 0x0000000081100000|100%| O|  |TAMS 0x0000000081100000, 0x0000000081100000| Untracked 
|  17|0x0000000081100000, 0x0000000081200000, 0x0000000081200000|100%| O|  |TAMS 0x0000000081200000, 0x0000000081200000| Untracked 
|  18|0x0000000081200000, 0x0000000081300000, 0x0000000081300000|100%| O|  |TAMS 0x0000000081300000, 0x0000000081300000| Untracked 
|  19|0x0000000081300000, 0x0000000081400000, 0x0000000081400000|100%| O|  |TAMS 0x0000000081400000, 0x0000000081400000| Untracked 
|  20|0x0000000081400000, 0x0000000081500000, 0x0000000081500000|100%|HS|  |TAMS 0x0000000081500000, 0x0000000081500000| Complete 
|  21|0x0000000081500000, 0x0000000081600000, 0x0000000081600000|100%|HC|  |TAMS 0x0000000081600000, 0x0000000081600000| Complete 
|  22|0x0000000081600000, 0x0000000081700000, 0x0000000081700000|100%|HS|  |TAMS 0x0000000081700000, 0x0000000081700000| Complete 
|  23|0x0000000081700000, 0x0000000081800000, 0x0000000081800000|100%|HC|  |TAMS 0x0000000081800000, 0x0000000081800000| Complete 
|  24|0x0000000081800000, 0x0000000081900000, 0x0000000081900000|100%|HC|  |TAMS 0x0000000081900000, 0x0000000081900000| Complete 
|  25|0x0000000081900000, 0x0000000081a00000, 0x0000000081a00000|100%| O|  |TAMS 0x0000000081a00000, 0x0000000081a00000| Untracked 
|  26|0x0000000081a00000, 0x0000000081b00000, 0x0000000081b00000|100%| O|  |TAMS 0x0000000081b00000, 0x0000000081b00000| Untracked 
|  27|0x0000000081b00000, 0x0000000081c00000, 0x0000000081c00000|100%|HS|  |TAMS 0x0000000081c00000, 0x0000000081c00000| Complete 
|  28|0x0000000081c00000, 0x0000000081d00000, 0x0000000081d00000|100%|HC|  |TAMS 0x0000000081d00000, 0x0000000081d00000| Complete 
|  29|0x0000000081d00000, 0x0000000081e00000, 0x0000000081e00000|100%|HS|  |TAMS 0x0000000081e00000, 0x0000000081e00000| Complete 
|  30|0x0000000081e00000, 0x0000000081f00000, 0x0000000081f00000|100%|HC|  |TAMS 0x0000000081f00000, 0x0000000081f00000| Complete 
|  31|0x0000000081f00000, 0x0000000082000000, 0x0000000082000000|100%|HC|  |TAMS 0x0000000082000000, 0x0000000082000000| Complete 
|  32|0x0000000082000000, 0x0000000082100000, 0x0000000082100000|100%|HC|  |TAMS 0x0000000082100000, 0x0000000082100000| Complete 
|  33|0x0000000082100000, 0x0000000082200000, 0x0000000082200000|100%|HC|  |TAMS 0x0000000082200000, 0x0000000082200000| Complete 
|  34|0x0000000082200000, 0x0000000082300000, 0x0000000082300000|100%|HC|  |TAMS 0x0000000082300000, 0x0000000082300000| Complete 
|  35|0x0000000082300000, 0x0000000082400000, 0x0000000082400000|100%|HC|  |TAMS 0x0000000082400000, 0x0000000082400000| Complete 
|  36|0x0000000082400000, 0x0000000082500000, 0x0000000082500000|100%|HC|  |TAMS 0x0000000082500000, 0x0000000082500000| Complete 
|  37|0x0000000082500000, 0x0000000082600000, 0x0000000082600000|100%|HC|  |TAMS 0x0000000082600000, 0x0000000082600000| Complete 
|  38|0x0000000082600000, 0x0000000082700000, 0x0000000082700000|100%|HC|  |TAMS 0x0000000082700000, 0x0000000082700000| Complete 
|  39|0x0000000082700000, 0x0000000082800000, 0x0000000082800000|100%|HC|  |TAMS 0x0000000082800000, 0x0000000082800000| Complete 
|  40|0x0000000082800000, 0x0000000082900000, 0x0000000082900000|100%|HC|  |TAMS 0x0000000082900000, 0x0000000082900000| Complete 
|  41|0x0000000082900000, 0x0000000082a00000, 0x0000000082a00000|100%|HS|  |TAMS 0x0000000082a00000, 0x0000000082a00000| Complete 
|  42|0x0000000082a00000, 0x0000000082b00000, 0x0000000082b00000|100%|HC|  |TAMS 0x0000000082b00000, 0x0000000082b00000| Complete 
|  43|0x0000000082b00000, 0x0000000082c00000, 0x0000000082c00000|100%| O|  |TAMS 0x0000000082c00000, 0x0000000082c00000| Untracked 
|  44|0x0000000082c00000, 0x0000000082d00000, 0x0000000082d00000|100%| O|  |TAMS 0x0000000082d00000, 0x0000000082d00000| Untracked 
|  45|0x0000000082d00000, 0x0000000082e00000, 0x0000000082e00000|100%| O|  |TAMS 0x0000000082d00000, 0x0000000082da0000| Untracked 
|  46|0x0000000082e00000, 0x0000000082f00000, 0x0000000082f00000|100%| O|  |TAMS 0x0000000082e00000, 0x0000000082e00000| Untracked 
|  47|0x0000000082f00000, 0x0000000083000000, 0x0000000083000000|100%| O|  |TAMS 0x0000000083000000, 0x0000000083000000| Untracked 
|  48|0x0000000083000000, 0x0000000083100000, 0x0000000083100000|100%| O|  |TAMS 0x00000000830c6a00, 0x0000000083100000| Untracked 
|  49|0x0000000083100000, 0x0000000083200000, 0x0000000083200000|100%| O|  |TAMS 0x0000000083100000, 0x0000000083100000| Untracked 
|  50|0x0000000083200000, 0x0000000083291600, 0x0000000083300000| 56%| O|  |TAMS 0x0000000083200000, 0x0000000083200000| Untracked 
|  51|0x0000000083300000, 0x0000000083300000, 0x0000000083400000|  0%| F|  |TAMS 0x0000000083300000, 0x0000000083300000| Untracked 
|  52|0x0000000083400000, 0x0000000083400000, 0x0000000083500000|  0%| F|  |TAMS 0x0000000083400000, 0x0000000083400000| Untracked 
|  53|0x0000000083500000, 0x0000000083500000, 0x0000000083600000|  0%| F|  |TAMS 0x0000000083500000, 0x0000000083500000| Untracked 
|  54|0x0000000083600000, 0x0000000083600000, 0x0000000083700000|  0%| F|  |TAMS 0x0000000083600000, 0x0000000083600000| Untracked 
|  55|0x0000000083700000, 0x0000000083700000, 0x0000000083800000|  0%| F|  |TAMS 0x0000000083700000, 0x0000000083700000| Untracked 
|  56|0x0000000083800000, 0x0000000083800000, 0x0000000083900000|  0%| F|  |TAMS 0x0000000083800000, 0x0000000083800000| Untracked 
|  57|0x0000000083900000, 0x0000000083900000, 0x0000000083a00000|  0%| F|  |TAMS 0x0000000083900000, 0x0000000083900000| Untracked 
|  58|0x0000000083a00000, 0x0000000083a00000, 0x0000000083b00000|  0%| F|  |TAMS 0x0000000083a00000, 0x0000000083a00000| Untracked 
|  59|0x0000000083b00000, 0x0000000083b00000, 0x0000000083c00000|  0%| F|  |TAMS 0x0000000083b00000, 0x0000000083b00000| Untracked 
|  60|0x0000000083c00000, 0x0000000083c00000, 0x0000000083d00000|  0%| F|  |TAMS 0x0000000083c00000, 0x0000000083c00000| Untracked 
|  61|0x0000000083d00000, 0x0000000083d00000, 0x0000000083e00000|  0%| F|  |TAMS 0x0000000083d00000, 0x0000000083d00000| Untracked 
|  62|0x0000000083e00000, 0x0000000083eaebf0, 0x0000000083f00000| 68%| S|CS|TAMS 0x0000000083e00000, 0x0000000083e00000| Complete 
|  63|0x0000000083f00000, 0x0000000084000000, 0x0000000084000000|100%| S|CS|TAMS 0x0000000083f00000, 0x0000000083f00000| Complete 
|  64|0x0000000084000000, 0x0000000084000000, 0x0000000084100000|  0%| F|  |TAMS 0x0000000084000000, 0x0000000084000000| Untracked 
|  65|0x0000000084100000, 0x0000000084100000, 0x0000000084200000|  0%| F|  |TAMS 0x0000000084100000, 0x0000000084100000| Untracked 
|  66|0x0000000084200000, 0x0000000084200000, 0x0000000084300000|  0%| F|  |TAMS 0x0000000084200000, 0x0000000084200000| Untracked 
|  67|0x0000000084300000, 0x0000000084300000, 0x0000000084400000|  0%| F|  |TAMS 0x0000000084300000, 0x0000000084300000| Untracked 
|  68|0x0000000084400000, 0x0000000084400000, 0x0000000084500000|  0%| F|  |TAMS 0x0000000084400000, 0x0000000084400000| Untracked 
|  69|0x0000000084500000, 0x0000000084500000, 0x0000000084600000|  0%| F|  |TAMS 0x0000000084500000, 0x0000000084500000| Untracked 
|  70|0x0000000084600000, 0x0000000084600000, 0x0000000084700000|  0%| F|  |TAMS 0x0000000084600000, 0x0000000084600000| Untracked 
|  71|0x0000000084700000, 0x0000000084700000, 0x0000000084800000|  0%| F|  |TAMS 0x0000000084700000, 0x0000000084700000| Untracked 
|  72|0x0000000084800000, 0x0000000084800000, 0x0000000084900000|  0%| F|  |TAMS 0x0000000084800000, 0x0000000084800000| Untracked 
|  73|0x0000000084900000, 0x0000000084900000, 0x0000000084a00000|  0%| F|  |TAMS 0x0000000084900000, 0x0000000084900000| Untracked 
|  74|0x0000000084a00000, 0x0000000084a00000, 0x0000000084b00000|  0%| F|  |TAMS 0x0000000084a00000, 0x0000000084a00000| Untracked 
|  75|0x0000000084b00000, 0x0000000084b00000, 0x0000000084c00000|  0%| F|  |TAMS 0x0000000084b00000, 0x0000000084b00000| Untracked 
|  76|0x0000000084c00000, 0x0000000084c00000, 0x0000000084d00000|  0%| F|  |TAMS 0x0000000084c00000, 0x0000000084c00000| Untracked 
|  77|0x0000000084d00000, 0x0000000084d00000, 0x0000000084e00000|  0%| F|  |TAMS 0x0000000084d00000, 0x0000000084d00000| Untracked 
|  78|0x0000000084e00000, 0x0000000084e00000, 0x0000000084f00000|  0%| F|  |TAMS 0x0000000084e00000, 0x0000000084e00000| Untracked 
|  79|0x0000000084f00000, 0x0000000084f00000, 0x0000000085000000|  0%| F|  |TAMS 0x0000000084f00000, 0x0000000084f00000| Untracked 
|  80|0x0000000085000000, 0x0000000085000000, 0x0000000085100000|  0%| F|  |TAMS 0x0000000085000000, 0x0000000085000000| Untracked 
|  81|0x0000000085100000, 0x0000000085100000, 0x0000000085200000|  0%| F|  |TAMS 0x0000000085100000, 0x0000000085100000| Untracked 
|  82|0x0000000085200000, 0x0000000085200000, 0x0000000085300000|  0%| F|  |TAMS 0x0000000085200000, 0x0000000085200000| Untracked 
|  83|0x0000000085300000, 0x0000000085300000, 0x0000000085400000|  0%| F|  |TAMS 0x0000000085300000, 0x0000000085300000| Untracked 
|2047|0x00000000fff00000, 0x0000000100000000, 0x0000000100000000|100%| O|  |TAMS 0x0000000100000000, 0x0000000100000000| Untracked 

Card table byte_map: [0x000001b422c30000,0x000001b423030000] _byte_map_base: 0x000001b422830000

Marking Bits (Prev, Next): (CMBitMap*) 0x000001b40e59e0d0, (CMBitMap*) 0x000001b40e59e090
 Prev Bits: [0x000001b425430000, 0x000001b427430000)
 Next Bits: [0x000001b423430000, 0x000001b425430000)

Polling page: 0x000001b40e610000

Metaspace:

Usage:
  Non-class:     36.14 MB used.
      Class:      5.59 MB used.
       Both:     41.72 MB used.

Virtual space:
  Non-class space:       64.00 MB reserved,      36.31 MB ( 57%) committed,  1 nodes.
      Class space:        1.00 GB reserved,       5.81 MB ( <1%) committed,  1 nodes.
             Both:        1.06 GB reserved,      42.12 MB (  4%) committed. 

Chunk freelists:
   Non-Class:  10.75 MB
       Class:  10.11 MB
        Both:  20.86 MB

MaxMetaspaceSize: unlimited
CompressedClassSpaceSize: 1.00 GB
Initial GC threshold: 21.00 MB
Current GC threshold: 62.94 MB
CDS: off
MetaspaceReclaimPolicy: balanced
 - commit_granule_bytes: 65536.
 - commit_granule_words: 8192.
 - virtual_space_node_default_size: 8388608.
 - enlarge_chunks_in_place: 1.
 - new_chunks_are_fully_committed: 0.
 - uncommit_free_chunks: 1.
 - use_allocation_guard: 0.
 - handle_deallocations: 1.


Internal statistics:

num_allocs_failed_limit: 3.
num_arena_births: 394.
num_arena_deaths: 0.
num_vsnodes_births: 2.
num_vsnodes_deaths: 0.
num_space_committed: 674.
num_space_uncommitted: 0.
num_chunks_returned_to_freelist: 3.
num_chunks_taken_from_freelist: 1643.
num_chunk_merges: 0.
num_chunk_splits: 1057.
num_chunks_enlarged: 728.
num_inconsistent_stats: 0.

CodeHeap 'non-profiled nmethods': size=120000Kb used=2182Kb max_used=2182Kb free=117817Kb
 bounds [0x000001b41ace0000, 0x000001b41af50000, 0x000001b422210000]
CodeHeap 'profiled nmethods': size=120000Kb used=8053Kb max_used=8053Kb free=111946Kb
 bounds [0x000001b413210000, 0x000001b4139f0000, 0x000001b41a740000]
CodeHeap 'non-nmethods': size=5760Kb used=1588Kb max_used=1615Kb free=4171Kb
 bounds [0x000001b41a740000, 0x000001b41a9b0000, 0x000001b41ace0000]
 total_blobs=4590 nmethods=3933 adapters=569
 compilation: enabled
              stopped_count=0, restarted_count=0
 full_count=0

Compilation events (20 events):
Event: 33.072 Thread 0x000001b42e013120 3928       3       org.codehaus.groovy.runtime.metaclass.MetaMethodIndex::copyNonPrivateMethods (149 bytes)
Event: 33.072 Thread 0x000001b42e013120 nmethod 3928 0x000001b4139e3a10 code [0x000001b4139e3c80, 0x000001b4139e4938]
Event: 33.076 Thread 0x000001b42e013120 3929       3       org.codehaus.groovy.runtime.metaclass.MetaMethodIndex::isOverridden (120 bytes)
Event: 33.077 Thread 0x000001b42e013120 nmethod 3929 0x000001b4139e4d10 code [0x000001b4139e4fa0, 0x000001b4139e5db8]
Event: 33.077 Thread 0x000001b42e013120 3932       3       org.codehaus.groovy.runtime.metaclass.MetaMethodIndex::copyNonPrivateNonNewMetaMethods (171 bytes)
Event: 33.078 Thread 0x000001b42e013120 nmethod 3932 0x000001b4139e6090 code [0x000001b4139e6320, 0x000001b4139e72b8]
Event: 33.078 Thread 0x000001b42e013120 3934       3       org.codehaus.groovy.runtime.metaclass.MetaMethodIndex::findMatchingMethod (48 bytes)
Event: 33.078 Thread 0x000001b42e013120 nmethod 3934 0x000001b4139e7690 code [0x000001b4139e7860, 0x000001b4139e7c08]
Event: 33.078 Thread 0x000001b42e013120 3938       3       groovy.lang.MetaClassImpl$1MOPIter::processFastArray (133 bytes)
Event: 33.079 Thread 0x000001b42e013120 nmethod 3938 0x000001b4139e7d90 code [0x000001b4139e7fc0, 0x000001b4139e8a18]
Event: 33.079 Thread 0x000001b42e013120 3935       3       groovy.lang.MetaClassImpl$1::methodNameAction (169 bytes)
Event: 33.080 Thread 0x000001b42e013120 nmethod 3935 0x000001b4139e8d90 code [0x000001b4139e9020, 0x000001b4139ea068]
Event: 33.080 Thread 0x000001b42e013120 3933       3       org.codehaus.groovy.runtime.metaclass.MetaMethodIndex::isNonRealMethod (48 bytes)
Event: 33.080 Thread 0x000001b42e013120 nmethod 3933 0x000001b4139ea410 code [0x000001b4139ea5e0, 0x000001b4139eadd8]
Event: 33.080 Thread 0x000001b42e013120 3937       3       groovy.lang.MetaClassImpl$1MOPIter::decomposeMopName (79 bytes)
Event: 33.081 Thread 0x000001b42e013120 nmethod 3937 0x000001b4139eae90 code [0x000001b4139eb160, 0x000001b4139ec408]
Event: 33.081 Thread 0x000001b42e013120 3931       3       org.codehaus.groovy.util.FastArray::<init> (16 bytes)
Event: 33.081 Thread 0x000001b42e013120 nmethod 3931 0x000001b4139ec910 code [0x000001b4139ecaa0, 0x000001b4139ecc78]
Event: 33.081 Thread 0x000001b42e013120 3930       3       java.util.ArrayList::<init> (63 bytes)
Event: 33.082 Thread 0x000001b42e013120 nmethod 3930 0x000001b4139ecd90 code [0x000001b4139ecf80, 0x000001b4139ed4f8]

GC Heap History (20 events):
Event: 22.519 GC heap after
{Heap after GC invocations=9 (full 0):
 garbage-first heap   total 57344K, used 22464K [0x0000000080000000, 0x0000000100000000)
  region size 1024K, 3 young (3072K), 3 survivors (3072K)
 Metaspace       used 29758K, committed 30080K, reserved 1114112K
  class space    used 4023K, committed 4160K, reserved 1048576K
}
Event: 22.680 GC heap before
{Heap before GC invocations=9 (full 0):
 garbage-first heap   total 57344K, used 28608K [0x0000000080000000, 0x0000000100000000)
  region size 1024K, 5 young (5120K), 3 survivors (3072K)
 Metaspace       used 29826K, committed 30144K, reserved 1114112K
  class space    used 4036K, committed 4160K, reserved 1048576K
}
Event: 22.685 GC heap after
{Heap after GC invocations=10 (full 0):
 garbage-first heap   total 57344K, used 28448K [0x0000000080000000, 0x0000000100000000)
  region size 1024K, 1 young (1024K), 1 survivors (1024K)
 Metaspace       used 29826K, committed 30144K, reserved 1114112K
  class space    used 4036K, committed 4160K, reserved 1048576K
}
Event: 24.798 GC heap before
{Heap before GC invocations=11 (full 0):
 garbage-first heap   total 57344K, used 50976K [0x0000000080000000, 0x0000000100000000)
  region size 1024K, 9 young (9216K), 1 survivors (1024K)
 Metaspace       used 30386K, committed 30720K, reserved 1114112K
  class space    used 4138K, committed 4288K, reserved 1048576K
}
Event: 24.801 GC heap after
{Heap after GC invocations=12 (full 0):
 garbage-first heap   total 58368K, used 48181K [0x0000000080000000, 0x0000000100000000)
  region size 1024K, 2 young (2048K), 2 survivors (2048K)
 Metaspace       used 30386K, committed 30720K, reserved 1114112K
  class space    used 4138K, committed 4288K, reserved 1048576K
}
Event: 24.895 GC heap before
{Heap before GC invocations=12 (full 0):
 garbage-first heap   total 58368K, used 48181K [0x0000000080000000, 0x0000000100000000)
  region size 1024K, 3 young (3072K), 2 survivors (2048K)
 Metaspace       used 30578K, committed 30976K, reserved 1114112K
  class space    used 4180K, committed 4352K, reserved 1048576K
}
Event: 24.899 GC heap after
{Heap after GC invocations=13 (full 0):
 garbage-first heap   total 58368K, used 48031K [0x0000000080000000, 0x0000000100000000)
  region size 1024K, 1 young (1024K), 1 survivors (1024K)
 Metaspace       used 30578K, committed 30976K, reserved 1114112K
  class space    used 4180K, committed 4352K, reserved 1048576K
}
Event: 24.995 GC heap before
{Heap before GC invocations=13 (full 0):
 garbage-first heap   total 58368K, used 49055K [0x0000000080000000, 0x0000000100000000)
  region size 1024K, 2 young (2048K), 1 survivors (1024K)
 Metaspace       used 30762K, committed 31104K, reserved 1114112K
  class space    used 4193K, committed 4352K, reserved 1048576K
}
Event: 24.996 GC heap after
{Heap after GC invocations=14 (full 0):
 garbage-first heap   total 58368K, used 47972K [0x0000000080000000, 0x0000000100000000)
  region size 1024K, 1 young (1024K), 1 survivors (1024K)
 Metaspace       used 30762K, committed 31104K, reserved 1114112K
  class space    used 4193K, committed 4352K, reserved 1048576K
}
Event: 25.080 GC heap before
{Heap before GC invocations=15 (full 0):
 garbage-first heap   total 83968K, used 48996K [0x0000000080000000, 0x0000000100000000)
  region size 1024K, 2 young (2048K), 1 survivors (1024K)
 Metaspace       used 30882K, committed 31232K, reserved 1114112K
  class space    used 4215K, committed 4352K, reserved 1048576K
}
Event: 25.082 GC heap after
{Heap after GC invocations=16 (full 0):
 garbage-first heap   total 83968K, used 47986K [0x0000000080000000, 0x0000000100000000)
  region size 1024K, 1 young (1024K), 1 survivors (1024K)
 Metaspace       used 30882K, committed 31232K, reserved 1114112K
  class space    used 4215K, committed 4352K, reserved 1048576K
}
Event: 26.400 GC heap before
{Heap before GC invocations=16 (full 0):
 garbage-first heap   total 83968K, used 64370K [0x0000000080000000, 0x0000000100000000)
  region size 1024K, 17 young (17408K), 1 survivors (1024K)
 Metaspace       used 32922K, committed 33216K, reserved 1114112K
  class space    used 4533K, committed 4672K, reserved 1048576K
}
Event: 26.403 GC heap after
{Heap after GC invocations=17 (full 0):
 garbage-first heap   total 83968K, used 48762K [0x0000000080000000, 0x0000000100000000)
  region size 1024K, 1 young (1024K), 1 survivors (1024K)
 Metaspace       used 32922K, committed 33216K, reserved 1114112K
  class space    used 4533K, committed 4672K, reserved 1048576K
}
Event: 27.644 GC heap before
{Heap before GC invocations=18 (full 0):
 garbage-first heap   total 83968K, used 66170K [0x0000000080000000, 0x0000000100000000)
  region size 1024K, 18 young (18432K), 1 survivors (1024K)
 Metaspace       used 35133K, committed 35520K, reserved 1114112K
  class space    used 4890K, committed 5056K, reserved 1048576K
}
Event: 27.649 GC heap after
{Heap after GC invocations=19 (full 0):
 garbage-first heap   total 83968K, used 49378K [0x0000000080000000, 0x0000000100000000)
  region size 1024K, 2 young (2048K), 2 survivors (2048K)
 Metaspace       used 35133K, committed 35520K, reserved 1114112K
  class space    used 4890K, committed 5056K, reserved 1048576K
}
Event: 31.376 GC heap before
{Heap before GC invocations=19 (full 0):
 garbage-first heap   total 83968K, used 65762K [0x0000000080000000, 0x0000000100000000)
  region size 1024K, 19 young (19456K), 2 survivors (2048K)
 Metaspace       used 38150K, committed 38528K, reserved 1114112K
  class space    used 5265K, committed 5440K, reserved 1048576K
}
Event: 31.383 GC heap after
{Heap after GC invocations=20 (full 0):
 garbage-first heap   total 83968K, used 50631K [0x0000000080000000, 0x0000000100000000)
  region size 1024K, 3 young (3072K), 3 survivors (3072K)
 Metaspace       used 38150K, committed 38528K, reserved 1114112K
  class space    used 5265K, committed 5440K, reserved 1048576K
}
Event: 32.411 GC heap before
{Heap before GC invocations=21 (full 0):
 garbage-first heap   total 87040K, used 67015K [0x0000000080000000, 0x0000000100000000)
  region size 1024K, 20 young (20480K), 3 survivors (3072K)
 Metaspace       used 42616K, committed 43072K, reserved 1114112K
  class space    used 5716K, committed 5952K, reserved 1048576K
}
Event: 32.421 GC heap after
{Heap after GC invocations=22 (full 0):
 garbage-first heap   total 87040K, used 52864K [0x0000000080000000, 0x0000000100000000)
  region size 1024K, 3 young (3072K), 3 survivors (3072K)
 Metaspace       used 42616K, committed 43072K, reserved 1114112K
  class space    used 5716K, committed 5952K, reserved 1048576K
}
Event: 33.085 GC heap before
{Heap before GC invocations=22 (full 0):
 garbage-first heap   total 87040K, used 70272K [0x0000000080000000, 0x0000000100000000)
  region size 1024K, 20 young (20480K), 3 survivors (3072K)
 Metaspace       used 42724K, committed 43136K, reserved 1114112K
  class space    used 5721K, committed 5952K, reserved 1048576K
}

Dll operation events (3 events):
Event: 0.151 Loaded shared library C:\Program Files\Android\Android Studio1\jbr\bin\java.dll
Event: 1.514 Loaded shared library C:\Program Files\Android\Android Studio1\jbr\bin\zip.dll
Event: 5.922 Loaded shared library C:\Program Files\Android\Android Studio1\jbr\bin\verify.dll

Deoptimization events (20 events):
Event: 32.347 Thread 0x000001b42e50a030 DEOPT PACKING pc=0x000001b41aec8028 sp=0x00000011d06f6db0
Event: 32.347 Thread 0x000001b42e50a030 DEOPT UNPACKING pc=0x000001b41a7969a3 sp=0x00000011d06f6d58 mode 2
Event: 32.347 Thread 0x000001b42e50a030 Uncommon trap: trap_request=0xffffffc6 fr.pc=0x000001b41aec8028 relative=0x00000000000002c8
Event: 32.347 Thread 0x000001b42e50a030 Uncommon trap: reason=bimorphic_or_optimized_type_check action=maybe_recompile pc=0x000001b41aec8028 method=java.util.stream.MatchOps$1MatchSink.accept(Ljava/lang/Object;)V @ 12 c2
Event: 32.348 Thread 0x000001b42e50a030 DEOPT PACKING pc=0x000001b41aec8028 sp=0x00000011d06f6db0
Event: 32.348 Thread 0x000001b42e50a030 DEOPT UNPACKING pc=0x000001b41a7969a3 sp=0x00000011d06f6d58 mode 2
Event: 32.348 Thread 0x000001b42e50a030 Uncommon trap: trap_request=0xffffffc6 fr.pc=0x000001b41aec8028 relative=0x00000000000002c8
Event: 32.348 Thread 0x000001b42e50a030 Uncommon trap: reason=bimorphic_or_optimized_type_check action=maybe_recompile pc=0x000001b41aec8028 method=java.util.stream.MatchOps$1MatchSink.accept(Ljava/lang/Object;)V @ 12 c2
Event: 32.348 Thread 0x000001b42e50a030 DEOPT PACKING pc=0x000001b41aec8028 sp=0x00000011d06f6db0
Event: 32.348 Thread 0x000001b42e50a030 DEOPT UNPACKING pc=0x000001b41a7969a3 sp=0x00000011d06f6d58 mode 2
Event: 32.348 Thread 0x000001b42e50a030 Uncommon trap: trap_request=0xffffffc6 fr.pc=0x000001b41aec8028 relative=0x00000000000002c8
Event: 32.348 Thread 0x000001b42e50a030 Uncommon trap: reason=bimorphic_or_optimized_type_check action=maybe_recompile pc=0x000001b41aec8028 method=java.util.stream.MatchOps$1MatchSink.accept(Ljava/lang/Object;)V @ 12 c2
Event: 32.348 Thread 0x000001b42e50a030 DEOPT PACKING pc=0x000001b41aec8028 sp=0x00000011d06f6db0
Event: 32.348 Thread 0x000001b42e50a030 DEOPT UNPACKING pc=0x000001b41a7969a3 sp=0x00000011d06f6d58 mode 2
Event: 32.768 Thread 0x000001b42e50a030 DEOPT PACKING pc=0x000001b4139acd20 sp=0x00000011d06f6ea0
Event: 32.768 Thread 0x000001b42e50a030 DEOPT UNPACKING pc=0x000001b41a797143 sp=0x00000011d06f63b0 mode 0
Event: 33.031 Thread 0x000001b42e50a030 Uncommon trap: trap_request=0xffffffbe fr.pc=0x000001b41aecf038 relative=0x0000000000002f38
Event: 33.031 Thread 0x000001b42e50a030 Uncommon trap: reason=profile_predicate action=maybe_recompile pc=0x000001b41aecf038 method=java.util.AbstractCollection.addAll(Ljava/util/Collection;)Z @ 15 c2
Event: 33.031 Thread 0x000001b42e50a030 DEOPT PACKING pc=0x000001b41aecf038 sp=0x00000011d06f8960
Event: 33.031 Thread 0x000001b42e50a030 DEOPT UNPACKING pc=0x000001b41a7969a3 sp=0x00000011d06f8958 mode 2

Classes unloaded (0 events):
No events

Classes redefined (0 events):
No events

Internal exceptions (20 events):
Event: 31.203 Thread 0x000001b42e50a030 Exception <a 'java/lang/NoSuchMethodError'{0x0000000084347e40}: 'void java.lang.invoke.DirectMethodHandle$Holder.invokeStaticInit(java.lang.Object, java.lang.Object, java.lang.Object, java.lang.Object)'> (0x0000000084347e40) 
thrown [s\src\hotspot\share\interpreter\linkResolver.cpp, line 771]
Event: 31.208 Thread 0x000001b42e50a030 Exception <a 'java/lang/NoSuchMethodError'{0x000000008436af00}: 'void java.lang.invoke.DirectMethodHandle$Holder.invokeStaticInit(java.lang.Object, java.lang.Object, java.lang.Object, java.lang.Object, java.lang.Object)'> (0x000000008436af00) 
thrown [s\src\hotspot\share\interpreter\linkResolver.cpp, line 771]
Event: 31.221 Thread 0x000001b42e50a030 Exception <a 'java/lang/NoSuchMethodError'{0x00000000843c57d8}: 'int java.lang.invoke.DirectMethodHandle$Holder.invokeStaticInit(java.lang.Object, java.lang.Object, java.lang.Object, java.lang.Object)'> (0x00000000843c57d8) 
thrown [s\src\hotspot\share\interpreter\linkResolver.cpp, line 771]
Event: 31.939 Thread 0x000001b42e50a030 Exception <a 'java/lang/ClassNotFoundException'{0x0000000084cccb30}: groovy/lang/ExpandoMetaClassBeanInfo> (0x0000000084cccb30) 
thrown [s\src\hotspot\share\classfile\systemDictionary.cpp, line 256]
Event: 31.942 Thread 0x000001b42e50a030 Exception <a 'java/lang/ClassNotFoundException'{0x0000000084ce4a00}: groovy/lang/MetaClassImplBeanInfo> (0x0000000084ce4a00) 
thrown [s\src\hotspot\share\classfile\systemDictionary.cpp, line 256]
Event: 31.942 Thread 0x000001b42e50a030 Exception <a 'java/lang/ClassNotFoundException'{0x0000000084cea608}: java/lang/ObjectBeanInfo> (0x0000000084cea608) 
thrown [s\src\hotspot\share\classfile\systemDictionary.cpp, line 256]
Event: 31.944 Thread 0x000001b42e50a030 Exception <a 'java/lang/ClassNotFoundException'{0x0000000084cf1448}: java/lang/ObjectCustomizer> (0x0000000084cf1448) 
thrown [s\src\hotspot\share\classfile\systemDictionary.cpp, line 256]
Event: 31.950 Thread 0x000001b42e50a030 Exception <a 'java/lang/IncompatibleClassChangeError'{0x0000000084b019f0}: Found class java.lang.Object, but interface was expected> (0x0000000084b019f0) 
thrown [s\src\hotspot\share\interpreter\linkResolver.cpp, line 838]
Event: 31.959 Thread 0x000001b42e50a030 Exception <a 'java/lang/ClassNotFoundException'{0x0000000084b283f0}: groovy/lang/MetaClassImplCustomizer> (0x0000000084b283f0) 
thrown [s\src\hotspot\share\classfile\systemDictionary.cpp, line 256]
Event: 31.963 Thread 0x000001b42e50a030 Exception <a 'java/lang/ClassNotFoundException'{0x0000000084b5fba8}: groovy/lang/ExpandoMetaClassCustomizer> (0x0000000084b5fba8) 
thrown [s\src\hotspot\share\classfile\systemDictionary.cpp, line 256]
Event: 32.276 Thread 0x000001b42e50a030 Exception <a 'java/lang/NoSuchMethodError'{0x0000000084439120}: 'java.lang.Object java.lang.invoke.DirectMethodHandle$Holder.invokeStatic(java.lang.Object, int, java.lang.Object)'> (0x0000000084439120) 
thrown [s\src\hotspot\share\interpreter\linkResolver.cpp, line 771]
Event: 33.024 Thread 0x000001b42e50a030 Exception <a 'java/lang/ClassNotFoundException'{0x000000008442f890}: groovy/lang/BindingBeanInfo> (0x000000008442f890) 
thrown [s\src\hotspot\share\classfile\systemDictionary.cpp, line 256]
Event: 33.027 Thread 0x000001b42e50a030 Exception <a 'java/lang/ClassNotFoundException'{0x00000000844477b8}: groovy/lang/GroovyObjectSupportBeanInfo> (0x00000000844477b8) 
thrown [s\src\hotspot\share\classfile\systemDictionary.cpp, line 256]
Event: 33.029 Thread 0x000001b42e50a030 Exception <a 'java/lang/ClassNotFoundException'{0x000000008445f990}: groovy/lang/GroovyObjectSupportCustomizer> (0x000000008445f990) 
thrown [s\src\hotspot\share\classfile\systemDictionary.cpp, line 256]
Event: 33.031 Thread 0x000001b42e50a030 Exception <a 'java/lang/ClassNotFoundException'{0x000000008447ac70}: groovy/lang/BindingCustomizer> (0x000000008447ac70) 
thrown [s\src\hotspot\share\classfile\systemDictionary.cpp, line 256]
Event: 33.079 Thread 0x000001b42e50a030 Exception <a 'java/lang/ClassNotFoundException'{0x00000000843bdec0}: ijmapper_6jtzb62rrp7os6kpvwbohcv4fBeanInfo> (0x00000000843bdec0) 
thrown [s\src\hotspot\share\classfile\systemDictionary.cpp, line 256]
Event: 33.079 Thread 0x000001b42e50a030 Exception <a 'java/lang/ClassNotFoundException'{0x00000000843c8770}: org/gradle/initialization/InitScriptBeanInfo> (0x00000000843c8770) 
thrown [s\src\hotspot\share\classfile\systemDictionary.cpp, line 256]
Event: 33.083 Thread 0x000001b42e50a030 Exception <a 'java/lang/ClassNotFoundException'{0x00000000843d30e0}: org/gradle/groovy/scripts/DefaultScriptBeanInfo> (0x00000000843d30e0) 
thrown [s\src\hotspot\share\classfile\systemDictionary.cpp, line 256]
Event: 33.084 Thread 0x000001b42e50a030 Exception <a 'java/lang/ClassNotFoundException'{0x00000000843dd9d0}: org/gradle/groovy/scripts/BasicScriptBeanInfo> (0x00000000843dd9d0) 
thrown [s\src\hotspot\share\classfile\systemDictionary.cpp, line 256]
Event: 33.084 Thread 0x000001b42e50a030 Exception <a 'java/lang/ClassNotFoundException'{0x00000000843e8250}: org/gradle/groovy/scripts/ScriptBeanInfo> (0x00000000843e8250) 
thrown [s\src\hotspot\share\classfile\systemDictionary.cpp, line 256]

VM Operations (20 events):
Event: 31.426 Executing VM operation: G1Concurrent done
Event: 31.438 Executing VM operation: G1Concurrent
Event: 31.439 Executing VM operation: G1Concurrent done
Event: 31.804 Executing VM operation: HandshakeAllThreads
Event: 31.804 Executing VM operation: HandshakeAllThreads done
Event: 32.151 Executing VM operation: HandshakeAllThreads
Event: 32.151 Executing VM operation: HandshakeAllThreads done
Event: 32.152 Executing VM operation: HandshakeAllThreads
Event: 32.152 Executing VM operation: HandshakeAllThreads done
Event: 32.175 Executing VM operation: HandshakeAllThreads
Event: 32.176 Executing VM operation: HandshakeAllThreads done
Event: 32.204 Executing VM operation: HandshakeAllThreads
Event: 32.204 Executing VM operation: HandshakeAllThreads done
Event: 32.224 Executing VM operation: HandshakeAllThreads
Event: 32.224 Executing VM operation: HandshakeAllThreads done
Event: 32.408 Executing VM operation: HandshakeAllThreads
Event: 32.408 Executing VM operation: HandshakeAllThreads done
Event: 32.411 Executing VM operation: G1CollectForAllocation
Event: 32.423 Executing VM operation: G1CollectForAllocation done
Event: 33.085 Executing VM operation: G1CollectForAllocation

Events (20 events):
Event: 32.403 loading class jdk/internal/jrtfs/SystemImage$1
Event: 32.403 loading class jdk/internal/jrtfs/SystemImage$1 done
Event: 32.404 loading class jdk/internal/jimage/ImageReader$SharedImageReader$LocationVisitor
Event: 32.404 loading class jdk/internal/jimage/ImageReader$SharedImageReader$LocationVisitor done
Event: 32.406 loading class java/nio/ByteBufferAsIntBufferL
Event: 32.407 loading class java/nio/ByteBufferAsIntBufferL done
Event: 32.409 loading class jdk/internal/jrtfs/JrtFileAttributes
Event: 32.409 loading class jdk/internal/jrtfs/JrtFileAttributes done
Event: 32.409 loading class jdk/internal/jrtfs/JrtDirectoryStream
Event: 32.409 loading class jdk/internal/jrtfs/JrtDirectoryStream done
Event: 32.410 loading class jdk/internal/jrtfs/JrtDirectoryStream$1
Event: 32.410 loading class jdk/internal/jrtfs/JrtDirectoryStream$1 done
Event: 32.429 loading class java/util/function/BooleanSupplier
Event: 32.429 loading class java/util/function/BooleanSupplier done
Event: 32.431 loading class jdk/internal/jimage/ImageReader$Resource
Event: 32.431 loading class jdk/internal/jimage/ImageReader$Resource done
Event: 33.014 loading class java/util/WeakHashMap$KeyIterator
Event: 33.017 loading class java/util/WeakHashMap$HashIterator
Event: 33.017 loading class java/util/WeakHashMap$HashIterator done
Event: 33.017 loading class java/util/WeakHashMap$KeyIterator done


Dynamic libraries:
0x00007ff6953c0000 - 0x00007ff6953ca000 	C:\Program Files\Android\Android Studio1\jbr\bin\java.exe
0x00007fff887b0000 - 0x00007fff889a8000 	C:\WINDOWS\SYSTEM32\ntdll.dll
0x00007fff87580000 - 0x00007fff8763d000 	C:\WINDOWS\System32\KERNEL32.DLL
0x00007fff863c0000 - 0x00007fff866b6000 	C:\WINDOWS\System32\KERNELBASE.dll
0x00007fff862c0000 - 0x00007fff863c0000 	C:\WINDOWS\System32\ucrtbase.dll
0x00007fff69da0000 - 0x00007fff69db7000 	C:\Program Files\Android\Android Studio1\jbr\bin\jli.dll
0x00007fff86ab0000 - 0x00007fff86c4e000 	C:\WINDOWS\System32\USER32.dll
0x00007fff85e60000 - 0x00007fff85e82000 	C:\WINDOWS\System32\win32u.dll
0x00007fff87970000 - 0x00007fff8799b000 	C:\WINDOWS\System32\GDI32.dll
0x00007fff85f80000 - 0x00007fff86097000 	C:\WINDOWS\System32\gdi32full.dll
0x00007fff85e90000 - 0x00007fff85f2d000 	C:\WINDOWS\System32\msvcp_win.dll
0x00007fff69c70000 - 0x00007fff69c8b000 	C:\Program Files\Android\Android Studio1\jbr\bin\VCRUNTIME140.dll
0x00007fff72140000 - 0x00007fff723da000 	C:\WINDOWS\WinSxS\amd64_microsoft.windows.common-controls_6595b64144ccf1df_6.0.19041.3636_none_60b6a03d71f818d5\COMCTL32.dll
0x00007fff877a0000 - 0x00007fff8783e000 	C:\WINDOWS\System32\msvcrt.dll
0x00007fff87930000 - 0x00007fff87962000 	C:\WINDOWS\System32\IMM32.DLL
0x00007fff6cca0000 - 0x00007fff6ccac000 	C:\Program Files\Android\Android Studio1\jbr\bin\vcruntime140_1.dll
0x00007fff4d180000 - 0x00007fff4d20d000 	C:\Program Files\Android\Android Studio1\jbr\bin\msvcp140.dll
0x00007fff1f250000 - 0x00007fff1fed0000 	C:\Program Files\Android\Android Studio1\jbr\bin\server\jvm.dll
0x00007fff87420000 - 0x00007fff874d0000 	C:\WINDOWS\System32\ADVAPI32.dll
0x00007fff87ad0000 - 0x00007fff87b70000 	C:\WINDOWS\System32\sechost.dll
0x00007fff88590000 - 0x00007fff886b5000 	C:\WINDOWS\System32\RPCRT4.dll
0x00007fff86290000 - 0x00007fff862b7000 	C:\WINDOWS\System32\bcrypt.dll
0x00007fff7f460000 - 0x00007fff7f469000 	C:\WINDOWS\SYSTEM32\WSOCK32.dll
0x00007fff87650000 - 0x00007fff876bb000 	C:\WINDOWS\System32\WS2_32.dll
0x00007fff7c460000 - 0x00007fff7c487000 	C:\WINDOWS\SYSTEM32\WINMM.dll
0x00007fff7dfe0000 - 0x00007fff7dfea000 	C:\WINDOWS\SYSTEM32\VERSION.dll
0x00007fff84690000 - 0x00007fff846a2000 	C:\WINDOWS\SYSTEM32\kernel.appcore.dll
0x00007fff81820000 - 0x00007fff8182a000 	C:\Program Files\Android\Android Studio1\jbr\bin\jimage.dll
0x00007fff83ca0000 - 0x00007fff83e84000 	C:\WINDOWS\SYSTEM32\DBGHELP.DLL
0x00007fff7bf00000 - 0x00007fff7bf34000 	C:\WINDOWS\SYSTEM32\dbgcore.DLL
0x00007fff86200000 - 0x00007fff86282000 	C:\WINDOWS\System32\bcryptPrimitives.dll
0x00007fff74e10000 - 0x00007fff74e1e000 	C:\Program Files\Android\Android Studio1\jbr\bin\instrument.dll
0x00007fff69ee0000 - 0x00007fff69f05000 	C:\Program Files\Android\Android Studio1\jbr\bin\java.dll
0x00007fff7bf90000 - 0x00007fff7bfa8000 	C:\Program Files\Android\Android Studio1\jbr\bin\zip.dll
0x00007fff87d60000 - 0x00007fff884cb000 	C:\WINDOWS\System32\SHELL32.dll
0x00007fff83e90000 - 0x00007fff8462e000 	C:\WINDOWS\SYSTEM32\windows.storage.dll
0x00007fff86c50000 - 0x00007fff86fa3000 	C:\WINDOWS\System32\combase.dll
0x00007fff857c0000 - 0x00007fff857ee000 	C:\WINDOWS\SYSTEM32\Wldp.dll
0x00007fff87860000 - 0x00007fff8792d000 	C:\WINDOWS\System32\OLEAUT32.dll
0x00007fff87cb0000 - 0x00007fff87d5d000 	C:\WINDOWS\System32\SHCORE.dll
0x00007fff88530000 - 0x00007fff88585000 	C:\WINDOWS\System32\shlwapi.dll
0x00007fff85d90000 - 0x00007fff85db5000 	C:\WINDOWS\SYSTEM32\profapi.dll
0x00007fff69e70000 - 0x00007fff69e89000 	C:\Program Files\Android\Android Studio1\jbr\bin\net.dll
0x00007fff7e8e0000 - 0x00007fff7e9ea000 	C:\WINDOWS\SYSTEM32\WINHTTP.dll
0x00007fff854d0000 - 0x00007fff8553a000 	C:\WINDOWS\system32\mswsock.dll
0x00007fff69dd0000 - 0x00007fff69de6000 	C:\Program Files\Android\Android Studio1\jbr\bin\nio.dll
0x00007fff81270000 - 0x00007fff81280000 	C:\Program Files\Android\Android Studio1\jbr\bin\verify.dll
0x00007fff69ab0000 - 0x00007fff69ad7000 	C:\Users\ADMIN\.gradle\native\68d5fa5c4cc2d200863cafc0d521ce42e7d3e7ee720ec0a83991735586a16f82\windows-amd64\native-platform.dll
0x00007fff38180000 - 0x00007fff382c4000 	C:\Users\ADMIN\.gradle\native\e376f236ea51e6404a007f0833ffe2c6e607c4080706a723a18a27aeea778392\windows-amd64\native-platform-file-events.dll
0x00007fff7f5f0000 - 0x00007fff7f5f9000 	C:\Program Files\Android\Android Studio1\jbr\bin\management.dll
0x00007fff7f330000 - 0x00007fff7f33b000 	C:\Program Files\Android\Android Studio1\jbr\bin\management_ext.dll
0x00007fff87640000 - 0x00007fff87648000 	C:\WINDOWS\System32\PSAPI.DLL
0x00007fff85700000 - 0x00007fff85718000 	C:\WINDOWS\SYSTEM32\CRYPTSP.dll
0x00007fff84e10000 - 0x00007fff84e44000 	C:\WINDOWS\system32\rsaenh.dll
0x00007fff85d50000 - 0x00007fff85d7e000 	C:\WINDOWS\SYSTEM32\USERENV.dll
0x00007fff856f0000 - 0x00007fff856fc000 	C:\WINDOWS\SYSTEM32\CRYPTBASE.dll
0x00007fff851e0000 - 0x00007fff8521b000 	C:\WINDOWS\SYSTEM32\IPHLPAPI.DLL
0x00007fff87840000 - 0x00007fff87848000 	C:\WINDOWS\System32\NSI.dll
0x00007fff80360000 - 0x00007fff80377000 	C:\WINDOWS\SYSTEM32\dhcpcsvc6.DLL
0x00007fff80340000 - 0x00007fff8035d000 	C:\WINDOWS\SYSTEM32\dhcpcsvc.DLL
0x00007fff85220000 - 0x00007fff852eb000 	C:\WINDOWS\SYSTEM32\DNSAPI.dll
0x00007fff81310000 - 0x00007fff81317000 	C:\WINDOWS\system32\wshunix.dll

dbghelp: loaded successfully - version: 4.0.5 - missing functions: none
symbol engine: initialized successfully - sym options: 0x614 - pdb path: .;C:\Program Files\Android\Android Studio1\jbr\bin;C:\WINDOWS\SYSTEM32;C:\WINDOWS\WinSxS\amd64_microsoft.windows.common-controls_6595b64144ccf1df_6.0.19041.3636_none_60b6a03d71f818d5;C:\Program Files\Android\Android Studio1\jbr\bin\server;C:\Users\ADMIN\.gradle\native\68d5fa5c4cc2d200863cafc0d521ce42e7d3e7ee720ec0a83991735586a16f82\windows-amd64;C:\Users\ADMIN\.gradle\native\e376f236ea51e6404a007f0833ffe2c6e607c4080706a723a18a27aeea778392\windows-amd64

VM Arguments:
jvm_args: --add-opens=java.base/java.util=ALL-UNNAMED --add-opens=java.base/java.lang=ALL-UNNAMED --add-opens=java.base/java.lang.invoke=ALL-UNNAMED --add-opens=java.prefs/java.util.prefs=ALL-UNNAMED --add-opens=java.base/java.nio.charset=ALL-UNNAMED --add-opens=java.base/java.net=ALL-UNNAMED --add-opens=java.base/java.util.concurrent.atomic=ALL-UNNAMED -Xmx2048m -Dfile.encoding=UTF-8 -Duser.country=GB -Duser.language=en -Duser.variant -javaagent:C:\Users\ADMIN\.gradle\wrapper\dists\gradle-8.2-bin\bbg7u40eoinfdyxsxr3z4i7ta\gradle-8.2\lib\agents\gradle-instrumentation-agent-8.2.jar 
java_command: org.gradle.launcher.daemon.bootstrap.GradleDaemon 8.2
java_class_path (initial): C:\Users\ADMIN\.gradle\wrapper\dists\gradle-8.2-bin\bbg7u40eoinfdyxsxr3z4i7ta\gradle-8.2\lib\gradle-launcher-8.2.jar
Launcher Type: SUN_STANDARD

[Global flags]
     intx CICompilerCount                          = 3                                         {product} {ergonomic}
     uint ConcGCThreads                            = 1                                         {product} {ergonomic}
     uint G1ConcRefinementThreads                  = 4                                         {product} {ergonomic}
   size_t G1HeapRegionSize                         = 1048576                                   {product} {ergonomic}
    uintx GCDrainStackTargetSize                   = 64                                        {product} {ergonomic}
   size_t InitialHeapSize                          = 58720256                                  {product} {ergonomic}
   size_t MarkStackSize                            = 4194304                                   {product} {ergonomic}
   size_t MaxHeapSize                              = 2147483648                                {product} {command line}
   size_t MaxNewSize                               = 1287651328                                {product} {ergonomic}
   size_t MinHeapDeltaBytes                        = 1048576                                   {product} {ergonomic}
   size_t MinHeapSize                              = 8388608                                   {product} {ergonomic}
    uintx NonNMethodCodeHeapSize                   = 5832780                                {pd product} {ergonomic}
    uintx NonProfiledCodeHeapSize                  = 122912730                              {pd product} {ergonomic}
    uintx ProfiledCodeHeapSize                     = 122912730                              {pd product} {ergonomic}
    uintx ReservedCodeCacheSize                    = 251658240                              {pd product} {ergonomic}
     bool SegmentedCodeCache                       = true                                      {product} {ergonomic}
   size_t SoftMaxHeapSize                          = 2147483648                             {manageable} {ergonomic}
     bool UseCompressedClassPointers               = true                           {product lp64_product} {ergonomic}
     bool UseCompressedOops                        = true                           {product lp64_product} {ergonomic}
     bool UseG1GC                                  = true                                      {product} {ergonomic}
     bool UseLargePagesIndividualAllocation        = false                                  {pd product} {ergonomic}

Logging:
Log output configuration:
 #0: stdout all=warning uptime,level,tags
 #1: stderr all=off uptime,level,tags

Environment Variables:
JAVA_HOME=C:\Program Files\Java\jdk1.8.0_231;
CLASSPATH=2.1.0;C:\lucene-2.1.0\build\classes\java; .
PATH=C:\Program Files\Common Files\Oracle\Java\javapath;";C:\Program Files\Java\bin";C:\Program Files\Git\cmd;C:\ProgramData\chocolatey\bin;C:\php;C:\composer;C:\Program Files\Java\jdk1.8.0_231\bin;C:\Users\ADMIN\AppData\Local\GitHubDesktop\bin;C:\Users\ADMIN\AppData\Local\Programs\Microsoft VS Code\bin;C:\ProgramData\chocolatey\lib\mingw\tools\install\mingw64\bin;C:\Users\ADMIN\AppData\Roaming\Composer\vendor\bin;C:\Users\ADMIN\AppData\Roaming\Python\Python310\Scripts;
USERNAME=ADMIN
OS=Windows_NT
PROCESSOR_IDENTIFIER=AMD64 Family 23 Model 17 Stepping 0, AuthenticAMD
TMP=C:\Users\ADMIN\AppData\Local\Temp
TEMP=C:\Users\ADMIN\AppData\Local\Temp


JNI global refs:
JNI global refs: 24, weak refs: 0

JNI global refs memory usage: 843, weak refs: 841

OOME stack traces (most recent first):
Classloader memory used:
Loader org.gradle.internal.classloader.VisitableURLClassLoader                         : 2407K
Loader bootstrap                                                                       : 2322K
Loader org.gradle.initialization.MixInLegacyTypesClassLoader                           : 445K
Loader jdk.internal.loader.ClassLoaders$PlatformClassLoader                            : 66669B
Loader org.gradle.internal.classloader.VisitableURLClassLoader                         : 51945B
Loader jdk.internal.loader.ClassLoaders$AppClassLoader                                 : 28352B
Loader jdk.internal.reflect.DelegatingClassLoader                                      : 20713B
Loader org.gradle.groovy.scripts.internal.DefaultScriptCompilationHandler$ScriptClassLoader: 822B

Classes loaded by more than one classloader:
Class org.gradle.api.GradleException                                                  : loaded 3 times (x 80B)
Class org.gradle.util.GradleVersion                                                   : loaded 2 times (x 81B)
Class org.gradle.internal.classpath.ClassPath                                         : loaded 2 times (x 68B)
Class org.gradle.api.internal.classpath.DefaultModuleRegistry                         : loaded 2 times (x 84B)
Class org.gradle.api.Action                                                           : loaded 2 times (x 68B)
Class org.gradle.api.internal.DefaultClassPathProvider                                : loaded 2 times (x 74B)
Class org.gradle.internal.installation.GradleInstallation$1                           : loaded 2 times (x 73B)
Class org.gradle.internal.exceptions.DefaultMultiCauseException                       : loaded 2 times (x 85B)
Class org.gradle.internal.time.MonotonicClock                                         : loaded 2 times (x 75B)
Class org.gradle.internal.classloader.FilteringClassLoader                            : loaded 2 times (x 102B)
Class org.gradle.internal.classpath.DefaultClassPath$ImmutableUniqueList$Builder      : loaded 2 times (x 73B)
Class org.gradle.internal.classloader.ClassLoaderVisitor                              : loaded 2 times (x 74B)
Class org.gradle.internal.time.DefaultCountdownTimer                                  : loaded 2 times (x 86B)
Class org.gradle.internal.service.DefaultServiceLocator                               : loaded 2 times (x 81B)
Class org.gradle.internal.service.UnknownServiceException                             : loaded 2 times (x 81B)
Class org.gradle.internal.classloader.DefaultClassLoaderFactory                       : loaded 2 times (x 80B)
Class org.gradle.internal.classloader.VisitableURLClassLoader$Spec                    : loaded 2 times (x 72B)
Class org.gradle.tooling.model.ProjectModel                                           : loaded 2 times (x 68B)
Class org.gradle.internal.installation.GradleInstallation                             : loaded 2 times (x 73B)
Class org.gradle.api.internal.classpath.ModuleRegistry                                : loaded 2 times (x 68B)
Class org.gradle.api.internal.ClassPathProvider                                       : loaded 2 times (x 68B)
Class org.gradle.internal.classloader.ClasspathUtil$1                                 : loaded 2 times (x 74B)
Class org.gradle.internal.classloader.ClassLoaderFactory                              : loaded 2 times (x 68B)
Class org.gradle.api.internal.classpath.ManifestUtil                                  : loaded 2 times (x 69B)
Class org.gradle.api.specs.Spec                                                       : loaded 2 times (x 68B)
Class org.gradle.internal.IoActions                                                   : loaded 2 times (x 69B)
Class org.gradle.api.internal.classpath.EffectiveClassPath                            : loaded 2 times (x 88B)
Class org.gradle.internal.installation.CurrentGradleInstallation                      : loaded 2 times (x 71B)
Class org.gradle.internal.agents.InstrumentingClassLoader                             : loaded 2 times (x 68B)
Class org.gradle.internal.installation.CurrentGradleInstallationLocator               : loaded 2 times (x 69B)
Class org.gradle.api.internal.classpath.Module                                        : loaded 2 times (x 68B)
Class org.gradle.internal.service.CachingServiceLocator                               : loaded 2 times (x 80B)
Class org.gradle.internal.time.Timer                                                  : loaded 2 times (x 68B)
Class org.gradle.internal.classpath.DefaultClassPath                                  : loaded 2 times (x 88B)
Class org.gradle.internal.time.Time                                                   : loaded 2 times (x 69B)
Class org.gradle.internal.time.TimeSource$1                                           : loaded 2 times (x 75B)
Class org.gradle.internal.classloader.SystemClassLoaderSpec                           : loaded 2 times (x 69B)
Class kotlin.Function                                                                 : loaded 2 times (x 68B)
Class org.gradle.api.UncheckedIOException                                             : loaded 2 times (x 80B)
Class org.gradle.internal.time.CountdownTimer                                         : loaded 2 times (x 68B)
Class org.gradle.internal.time.Clock                                                  : loaded 2 times (x 68B)
Class org.gradle.internal.classloader.ClasspathUtil                                   : loaded 2 times (x 69B)
Class org.gradle.api.internal.DefaultClassPathRegistry                                : loaded 2 times (x 74B)
Class org.gradle.api.internal.classpath.DefaultModuleRegistry$DefaultModule           : loaded 2 times (x 84B)
Class org.gradle.internal.time.TimeSource                                             : loaded 2 times (x 68B)
Class org.gradle.api.internal.classpath.UnknownModuleException                        : loaded 2 times (x 80B)
Class org.gradle.internal.service.ServiceLookupException                              : loaded 2 times (x 80B)
Class org.gradle.cache.GlobalCache                                                    : loaded 2 times (x 68B)
Class [Lorg.gradle.api.internal.ClassPathProvider;                                    : loaded 2 times (x 67B)
Class org.gradle.internal.operations.MultipleBuildOperationFailures                   : loaded 2 times (x 85B)
Class org.gradle.util.internal.GUtil                                                  : loaded 2 times (x 69B)
Class org.gradle.internal.classloader.ClassLoaderSpec                                 : loaded 2 times (x 69B)
Class org.gradle.internal.classloader.VisitableURLClassLoader                         : loaded 2 times (x 114B)
Class org.gradle.internal.Cast                                                        : loaded 2 times (x 69B)
Class org.gradle.api.internal.ClassPathRegistry                                       : loaded 2 times (x 68B)
Class org.gradle.internal.classloader.VisitableURLClassLoader$InstrumentingVisitableURLClassLoader: loaded 2 times (x 120B)
Class org.gradle.internal.classloader.ClassLoaderHierarchy                            : loaded 2 times (x 68B)
Class org.gradle.internal.exceptions.MultiCauseException                              : loaded 2 times (x 68B)
Class org.gradle.internal.InternalTransformer                                         : loaded 2 times (x 68B)
Class org.gradle.internal.service.ServiceLocator                                      : loaded 2 times (x 68B)
Class org.gradle.internal.classpath.DefaultClassPath$ImmutableUniqueList              : loaded 2 times (x 159B)
Class org.gradle.internal.time.DefaultTimer                                           : loaded 2 times (x 78B)
Class org.gradle.internal.classpath.TransformedClassPath                              : loaded 2 times (x 94B)


---------------  S Y S T E M  ---------------

OS:
 Windows 10 , 64 bit Build 19041 (10.0.19041.3636)
OS uptime: 20 days 22:14 hours
Hyper-V role detected

CPU: total 4 (initial active 4) (4 cores per cpu, 2 threads per core) family 23 model 17 stepping 0 microcode 0x0, cx8, cmov, fxsr, ht, mmx, 3dnowpref, sse, sse2, sse3, ssse3, sse4a, sse4.1, sse4.2, popcnt, lzcnt, tsc, tscinvbit, avx, avx2, aes, clmul, bmi1, bmi2, adx, sha, fma, vzeroupper, clflush, clflushopt, hv

Memory: 4k page, system-wide physical 3539M (211M free)
TotalPageFile size 14291M (AvailPageFile size 22M)
current process WorkingSet (physical memory assigned to process): 145M, peak: 170M
current process commit charge ("private bytes"): 235M, peak: 255M

vm_info: OpenJDK 64-Bit Server VM (17.0.7+0-b2043.56-10550314) for windows-amd64 JRE (17.0.7+0-b2043.56-10550314), built on Jul 24 2023 18:27:45 by "androidbuild" with MS VC++ 16.10 / 16.11 (VS2019)

END.
